2026-05-03 23:40:18,452 [INFO] ==================================================
2026-05-03 23:40:18,453 [INFO] Démarrage pipeline Gold
2026-05-03 23:40:18,453 [INFO] ==================================================
2026-05-03 23:40:18,473 [INFO] Silver chargé : 26 lignes
2026-05-03 23:40:18,481 [INFO] Snapshot marché calculé
2026-05-03 23:40:18,494 [INFO] Top 5 mouvements calculés
2026-05-03 23:40:18,533 [INFO] Résumé par catégorie : 4 catégories
2026-05-03 23:40:18,540 [INFO] Résumé par devise : 3 devises
2026-05-03 23:40:18,545 [INFO] Alertes prix (seuil 2.0%) : 2 actifs
2026-05-03 23:40:18,549 [INFO] Top 5 cryptos par capitalisation calculés
2026-05-03 23:40:18,556 [INFO] Gold sauvegardé : snapshot_marche_latest.csv
2026-05-03 23:40:18,560 [INFO] Gold sauvegardé : top_mouvements_latest.csv
2026-05-03 23:40:18,563 [INFO] Gold sauvegardé : resume_categorie_latest.csv
2026-05-03 23:40:18,571 [INFO] Gold sauvegardé : resume_devise_latest.csv
2026-05-03 23:40:18,574 [INFO] Gold sauvegardé : alertes_prix_latest.csv
2026-05-03 23:40:18,577 [INFO] Gold sauvegardé : top_cryptos_cap_latest.csv
2026-05-03 23:40:18,600 [INFO] Pipeline Gold terminé
2026-05-03 23:40:18,601 [INFO] ==================================================
2026-05-05 00:16:38,227 [INFO] ==================================================
2026-05-05 00:16:38,227 [INFO] Démarrage pipeline Gold (DuckDB/SQL)
2026-05-05 00:16:38,228 [INFO] ==================================================
2026-05-05 00:16:38,297 [INFO] Silver chargé dans DuckDB : 26 lignes
2026-05-05 00:16:38,303 [INFO] SQL ✓ Snapshot marché
2026-05-05 00:17:58,856 [INFO] ==================================================
2026-05-05 00:17:58,857 [INFO] Démarrage pipeline Gold (DuckDB/SQL)
2026-05-05 00:17:58,857 [INFO] ==================================================
2026-05-05 00:17:58,889 [INFO] Silver chargé dans DuckDB : 26 lignes
2026-05-05 00:17:58,892 [INFO] SQL ✓ KPI 1 : Snapshot marché
2026-05-05 00:17:58,899 [INFO] SQL ✓ KPI 2 : Top 5 mouvements
2026-05-05 00:17:58,908 [INFO] SQL ✓ KPI 3 : Résumé par catégorie
2026-05-05 00:17:58,913 [INFO] SQL ✓ KPI 4 : Résumé par devise
2026-05-05 00:17:58,915 [INFO] SQL ✓ KPI 5 : Alertes prix seuil=2.0% → 2 actifs
2026-05-05 00:17:58,917 [INFO] SQL ✓ KPI 6 : Top 5 cryptos par capitalisation
2026-05-05 00:17:58,929 [INFO] Gold sauvegardé : snapshot_marche_latest.csv (1 lignes)
2026-05-05 00:17:58,933 [INFO] Gold sauvegardé : top_mouvements_latest.csv (10 lignes)
2026-05-05 00:17:58,936 [INFO] Gold sauvegardé : resume_categorie_latest.csv (4 lignes)
2026-05-05 00:17:58,940 [INFO] Gold sauvegardé : resume_devise_latest.csv (3 lignes)
2026-05-05 00:17:58,945 [INFO] Gold sauvegardé : alertes_prix_latest.csv (2 lignes)
2026-05-05 00:17:58,947 [INFO] Gold sauvegardé : top_cryptos_cap_latest.csv (5 lignes)
2026-05-05 00:17:58,966 [INFO] Pipeline Gold terminé
2026-05-05 00:17:58,966 [INFO] ==================================================
