2026-05-03 21:51:37,831 [INFO] Demarrage du Kafka Producer (streaming Binance)
2026-05-03 21:51:37,846 [INFO] <BrokerConnection client_id=kafka-python-producer-1, node_id=bootstrap-0 host=localhost:9093 <connecting> [IPv6 ('::1', 9093, 0, 0)]>: connecting to localhost:9093 [('::1', 9093, 0, 0) IPv6]
2026-05-03 21:51:37,850 [ERROR] <BrokerConnection client_id=kafka-python-producer-1, node_id=bootstrap-0 host=localhost:9093 <checking_api_versions_recv> [IPv6 ('::1', 9093, 0, 0)]>: socket disconnected
2026-05-03 21:51:37,851 [ERROR] <BrokerConnection client_id=kafka-python-producer-1, node_id=bootstrap-0 host=localhost:9093 <checking_api_versions_recv> [IPv6 ('::1', 9093, 0, 0)]>: Closing connection. KafkaConnectionError: socket disconnected
2026-05-03 21:51:37,852 [INFO] <BrokerConnection client_id=kafka-python-producer-1, node_id=bootstrap-0 host=localhost:9093 <connecting> [IPv4 ('127.0.0.1', 9093)]>: connecting to localhost:9093 [('127.0.0.1', 9093) IPv4]
2026-05-03 21:51:37,855 [ERROR] <BrokerConnection client_id=kafka-python-producer-1, node_id=bootstrap-0 host=localhost:9093 <checking_api_versions_recv> [IPv4 ('127.0.0.1', 9093)]>: socket disconnected
2026-05-03 21:51:37,856 [ERROR] <BrokerConnection client_id=kafka-python-producer-1, node_id=bootstrap-0 host=localhost:9093 <checking_api_versions_recv> [IPv4 ('127.0.0.1', 9093)]>: Closing connection. KafkaConnectionError: socket disconnected
2026-05-03 21:51:37,857 [WARNING] No node available during check_version; sleeping 0.04 secs
2026-05-03 21:51:37,900 [INFO] <BrokerConnection client_id=kafka-python-producer-1, node_id=bootstrap-0 host=localhost:9093 <connecting> [IPv6 ('::1', 9093, 0, 0)]>: connecting to localhost:9093 [('::1', 9093, 0, 0) IPv6]
2026-05-03 21:51:37,906 [ERROR] <BrokerConnection client_id=kafka-python-producer-1, node_id=bootstrap-0 host=localhost:9093 <checking_api_versions_recv> [IPv6 ('::1', 9093, 0, 0)]>: socket disconnected
2026-05-03 21:51:37,906 [ERROR] <BrokerConnection client_id=kafka-python-producer-1, node_id=bootstrap-0 host=localhost:9093 <checking_api_versions_recv> [IPv6 ('::1', 9093, 0, 0)]>: Closing connection. KafkaConnectionError: socket disconnected
2026-05-03 21:51:37,907 [INFO] <BrokerConnection client_id=kafka-python-producer-1, node_id=bootstrap-0 host=localhost:9093 <connecting> [IPv4 ('127.0.0.1', 9093)]>: connecting to localhost:9093 [('127.0.0.1', 9093) IPv4]
2026-05-03 21:51:37,909 [ERROR] <BrokerConnection client_id=kafka-python-producer-1, node_id=bootstrap-0 host=localhost:9093 <checking_api_versions_recv> [IPv4 ('127.0.0.1', 9093)]>: socket disconnected
2026-05-03 21:51:37,910 [ERROR] <BrokerConnection client_id=kafka-python-producer-1, node_id=bootstrap-0 host=localhost:9093 <checking_api_versions_recv> [IPv4 ('127.0.0.1', 9093)]>: Closing connection. KafkaConnectionError: socket disconnected
2026-05-03 21:51:37,910 [WARNING] No node available during check_version; sleeping 0.10 secs
2026-05-03 21:51:38,009 [INFO] <BrokerConnection client_id=kafka-python-producer-1, node_id=bootstrap-0 host=localhost:9093 <connecting> [IPv6 ('::1', 9093, 0, 0)]>: connecting to localhost:9093 [('::1', 9093, 0, 0) IPv6]
2026-05-03 21:51:38,015 [ERROR] <BrokerConnection client_id=kafka-python-producer-1, node_id=bootstrap-0 host=localhost:9093 <checking_api_versions_recv> [IPv6 ('::1', 9093, 0, 0)]>: socket disconnected
2026-05-03 21:51:38,016 [ERROR] <BrokerConnection client_id=kafka-python-producer-1, node_id=bootstrap-0 host=localhost:9093 <checking_api_versions_recv> [IPv6 ('::1', 9093, 0, 0)]>: Closing connection. KafkaConnectionError: socket disconnected
2026-05-03 21:51:38,017 [INFO] <BrokerConnection client_id=kafka-python-producer-1, node_id=bootstrap-0 host=localhost:9093 <connecting> [IPv4 ('127.0.0.1', 9093)]>: connecting to localhost:9093 [('127.0.0.1', 9093) IPv4]
2026-05-03 21:51:38,020 [ERROR] <BrokerConnection client_id=kafka-python-producer-1, node_id=bootstrap-0 host=localhost:9093 <checking_api_versions_recv> [IPv4 ('127.0.0.1', 9093)]>: socket disconnected
2026-05-03 21:51:38,020 [ERROR] <BrokerConnection client_id=kafka-python-producer-1, node_id=bootstrap-0 host=localhost:9093 <checking_api_versions_recv> [IPv4 ('127.0.0.1', 9093)]>: Closing connection. KafkaConnectionError: socket disconnected
2026-05-03 21:51:38,023 [WARNING] No node available during check_version; sleeping 0.16 secs
2026-05-03 21:51:38,183 [INFO] <BrokerConnection client_id=kafka-python-producer-1, node_id=bootstrap-0 host=localhost:9093 <connecting> [IPv6 ('::1', 9093, 0, 0)]>: connecting to localhost:9093 [('::1', 9093, 0, 0) IPv6]
2026-05-03 21:51:38,185 [ERROR] <BrokerConnection client_id=kafka-python-producer-1, node_id=bootstrap-0 host=localhost:9093 <checking_api_versions_send> [IPv6 ('::1', 9093, 0, 0)]>: Closing connection. KafkaConnectionError: Unable to determine broker version.
2026-05-03 21:51:38,187 [INFO] <BrokerConnection client_id=kafka-python-producer-1, node_id=bootstrap-0 host=localhost:9093 <connecting> [IPv4 ('127.0.0.1', 9093)]>: connecting to localhost:9093 [('127.0.0.1', 9093) IPv4]
2026-05-03 21:51:38,191 [ERROR] <BrokerConnection client_id=kafka-python-producer-1, node_id=bootstrap-0 host=localhost:9093 <checking_api_versions_send> [IPv4 ('127.0.0.1', 9093)]>: Closing connection. KafkaConnectionError: Unable to determine broker version.
2026-05-03 21:51:38,192 [WARNING] No node available during check_version; sleeping 0.37 secs
2026-05-03 21:51:38,569 [INFO] <BrokerConnection client_id=kafka-python-producer-1, node_id=bootstrap-0 host=localhost:9093 <connecting> [IPv6 ('::1', 9093, 0, 0)]>: connecting to localhost:9093 [('::1', 9093, 0, 0) IPv6]
2026-05-03 21:51:38,571 [ERROR] <BrokerConnection client_id=kafka-python-producer-1, node_id=bootstrap-0 host=localhost:9093 <checking_api_versions_send> [IPv6 ('::1', 9093, 0, 0)]>: Closing connection. KafkaConnectionError: Unable to determine broker version.
2026-05-03 21:51:38,577 [INFO] <BrokerConnection client_id=kafka-python-producer-1, node_id=bootstrap-0 host=localhost:9093 <connecting> [IPv4 ('127.0.0.1', 9093)]>: connecting to localhost:9093 [('127.0.0.1', 9093) IPv4]
2026-05-03 21:51:38,580 [ERROR] <BrokerConnection client_id=kafka-python-producer-1, node_id=bootstrap-0 host=localhost:9093 <checking_api_versions_send> [IPv4 ('127.0.0.1', 9093)]>: Closing connection. KafkaConnectionError: Unable to determine broker version.
2026-05-03 21:51:38,582 [WARNING] No node available during check_version; sleeping 0.64 secs
2026-05-03 21:51:39,228 [INFO] <BrokerConnection client_id=kafka-python-producer-1, node_id=bootstrap-0 host=localhost:9093 <connecting> [IPv6 ('::1', 9093, 0, 0)]>: connecting to localhost:9093 [('::1', 9093, 0, 0) IPv6]
2026-05-03 21:51:39,229 [ERROR] <BrokerConnection client_id=kafka-python-producer-1, node_id=bootstrap-0 host=localhost:9093 <checking_api_versions_send> [IPv6 ('::1', 9093, 0, 0)]>: Closing connection. KafkaConnectionError: Unable to determine broker version.
2026-05-03 21:51:39,232 [INFO] <BrokerConnection client_id=kafka-python-producer-1, node_id=bootstrap-0 host=localhost:9093 <connecting> [IPv4 ('127.0.0.1', 9093)]>: connecting to localhost:9093 [('127.0.0.1', 9093) IPv4]
2026-05-03 21:51:39,235 [ERROR] <BrokerConnection client_id=kafka-python-producer-1, node_id=bootstrap-0 host=localhost:9093 <checking_api_versions_send> [IPv4 ('127.0.0.1', 9093)]>: Closing connection. KafkaConnectionError: Unable to determine broker version.
2026-05-03 21:51:39,237 [WARNING] No node available during check_version; sleeping 0.60 secs
2026-05-03 21:51:39,840 [ERROR] Impossible de connecter le producer : NoBrokersAvailable
2026-05-03 21:54:08,810 [INFO] Demarrage du Kafka Producer (streaming Binance)
2026-05-03 21:54:08,823 [INFO] <BrokerConnection client_id=kafka-python-producer-1, node_id=bootstrap-0 host=localhost:9093 <connecting> [IPv6 ('::1', 9093, 0, 0)]>: connecting to localhost:9093 [('::1', 9093, 0, 0) IPv6]
2026-05-03 21:54:08,834 [INFO] <BrokerConnection client_id=kafka-python-producer-1, node_id=bootstrap-0 host=localhost:9093 <checking_api_versions_recv> [IPv6 ('::1', 9093, 0, 0)]>: Broker version identified as 2.6
2026-05-03 21:54:08,834 [INFO] <BrokerConnection client_id=kafka-python-producer-1, node_id=bootstrap-0 host=localhost:9093 <connected> [IPv6 ('::1', 9093, 0, 0)]>: Connection complete.
2026-05-03 21:54:08,837 [INFO] Producer connecte a localhost:9093
2026-05-03 21:54:08,838 [INFO] Connexion au stream : 8 symboles
2026-05-03 21:54:08,838 [INFO] URL : wss://stream.binance.com:9443/stream?streams=btcusdt@ticker/ethusdt@ticker/bnbusdt@ticker/solusdt@ticker/xrpusdt@ticker/adausdt@ticker/dogeusdt@ticker/dotusdt@ticker
2026-05-03 21:54:09,983 [INFO] Websocket connected
2026-05-03 21:54:09,984 [INFO] WebSocket connecte a Binance
2026-05-03 21:54:10,023 [INFO] <BrokerConnection client_id=kafka-python-producer-1, node_id=1 host=localhost:9093 <connecting> [IPv6 ('::1', 9093, 0, 0)]>: connecting to localhost:9093 [('::1', 9093, 0, 0) IPv6]
2026-05-03 21:54:10,024 [INFO] <BrokerConnection client_id=kafka-python-producer-1, node_id=1 host=localhost:9093 <connected> [IPv6 ('::1', 9093, 0, 0)]>: Connection complete.
2026-05-03 21:54:10,025 [INFO] <BrokerConnection client_id=kafka-python-producer-1, node_id=bootstrap-0 host=localhost:9093 <connected> [IPv6 ('::1', 9093, 0, 0)]>: Closing connection. 
2026-05-03 21:54:10,087 [WARNING] Topic crypto-prices is not available during auto-create initialization
2026-05-03 21:54:11,142 [INFO] ▲ SOLUSDT           84.3400 USD  (+0.15%)
2026-05-03 21:54:11,149 [INFO] ▼ DOTUSDT            1.2190 USD  (-0.97%)
2026-05-03 21:54:11,155 [INFO] ▲ BTCUSDT        78891.6100 USD  (+0.56%)
2026-05-03 21:54:11,160 [INFO] ▲ ETHUSDT         2329.6500 USD  (+0.78%)
2026-05-03 21:54:11,165 [INFO] ▲ BNBUSDT          619.6300 USD  (+0.16%)
2026-05-03 21:54:11,170 [INFO] ▼ ADAUSDT            0.2502 USD  (-0.52%)
2026-05-03 21:54:11,175 [INFO] ▼ XRPUSDT            1.3933 USD  (-0.07%)
2026-05-03 21:54:11,180 [INFO] ▼ DOGEUSDT           0.1088 USD  (-0.05%)
2026-05-03 21:54:11,247 [INFO] ▲ BTCUSDT        78891.6000 USD  (+0.56%)
2026-05-03 21:54:11,254 [INFO] ▲ ETHUSDT         2329.6500 USD  (+0.78%)
2026-05-03 21:54:11,348 [INFO] ▲ BNBUSDT          619.6800 USD  (+0.17%)
2026-05-03 21:54:11,540 [INFO] ▼ ADAUSDT            0.2502 USD  (-0.48%)
2026-05-03 21:54:11,548 [INFO] ▼ XRPUSDT            1.3933 USD  (-0.06%)
2026-05-03 21:54:11,815 [INFO] ▼ DOGEUSDT           0.1088 USD  (-0.05%)
2026-05-03 21:54:12,259 [INFO] ▲ BTCUSDT        78891.6000 USD  (+0.56%)
2026-05-03 21:54:12,271 [INFO] ▲ ETHUSDT         2329.6500 USD  (+0.78%)
2026-05-03 21:54:12,339 [INFO] ▲ BNBUSDT          619.6800 USD  (+0.17%)
2026-05-03 21:54:12,553 [INFO] ▼ ADAUSDT            0.2502 USD  (-0.48%)
2026-05-03 21:54:12,565 [INFO] ▼ XRPUSDT            1.3933 USD  (-0.06%)
2026-05-03 21:54:12,818 [INFO] ▼ DOGEUSDT           0.1088 USD  (-0.04%)
2026-05-03 21:54:13,038 [INFO] ▲ SOLUSDT           84.3300 USD  (+0.14%)
2026-05-03 21:54:13,217 [INFO] ▼ DOTUSDT            1.2190 USD  (-0.97%)
2026-05-03 21:54:13,248 [INFO] ▲ BTCUSDT        78891.6100 USD  (+0.56%)
2026-05-03 21:54:13,256 [INFO] ▲ ETHUSDT         2329.6500 USD  (+0.78%)
2026-05-03 21:54:13,344 [INFO] ▲ BNBUSDT          619.6800 USD  (+0.17%)
2026-05-03 21:54:13,541 [INFO] ▼ ADAUSDT            0.2502 USD  (-0.48%)
2026-05-03 21:54:13,552 [INFO] ▼ XRPUSDT            1.3932 USD  (-0.07%)
2026-05-03 21:54:13,817 [INFO] ▼ DOGEUSDT           0.1088 USD  (-0.04%)
2026-05-03 21:54:14,250 [INFO] ▲ BTCUSDT        78891.6100 USD  (+0.56%)
2026-05-03 21:54:14,261 [INFO] ▲ ETHUSDT         2329.6500 USD  (+0.78%)
2026-05-03 21:54:14,338 [INFO] ▲ BNBUSDT          619.6800 USD  (+0.17%)
2026-05-03 21:54:14,547 [INFO] ▼ ADAUSDT            0.2502 USD  (-0.48%)
2026-05-03 21:54:14,559 [INFO] ▼ XRPUSDT            1.3932 USD  (-0.07%)
2026-05-03 21:54:14,819 [INFO] ▼ DOGEUSDT           0.1088 USD  (-0.04%)
2026-05-03 21:54:15,026 [INFO] ▲ SOLUSDT           84.3300 USD  (+0.14%)
2026-05-03 21:54:15,252 [INFO] ▲ BTCUSDT        78891.6000 USD  (+0.56%)
2026-05-03 21:54:15,264 [INFO] ▲ ETHUSDT         2329.6500 USD  (+0.78%)
2026-05-03 21:54:15,343 [INFO] ▲ BNBUSDT          619.6800 USD  (+0.17%)
2026-05-03 21:54:15,542 [INFO] ▼ ADAUSDT            0.2502 USD  (-0.48%)
2026-05-03 21:54:15,556 [INFO] ▼ XRPUSDT            1.3932 USD  (-0.07%)
2026-05-03 21:54:15,818 [INFO] ▼ DOGEUSDT           0.1088 USD  (-0.06%)
2026-05-03 21:54:16,029 [INFO] ▲ SOLUSDT           84.3300 USD  (+0.14%)
2026-05-03 21:54:16,246 [INFO] ▲ BTCUSDT        78891.6000 USD  (+0.56%)
2026-05-03 21:54:16,347 [INFO] ▲ BNBUSDT          619.6700 USD  (+0.16%)
2026-05-03 21:54:16,549 [INFO] ▼ ADAUSDT            0.2502 USD  (-0.48%)
2026-05-03 21:54:16,561 [INFO] ▼ XRPUSDT            1.3932 USD  (-0.07%)
2026-05-03 21:54:16,805 [INFO] ▼ DOGEUSDT           0.1088 USD  (-0.06%)
2026-05-03 21:54:17,026 [INFO] ▲ SOLUSDT           84.3300 USD  (+0.14%)
2026-05-03 21:54:17,255 [INFO] ▲ BTCUSDT        78891.6000 USD  (+0.56%)
2026-05-03 21:54:17,263 [INFO] ▲ ETHUSDT         2329.6500 USD  (+0.78%)
2026-05-03 21:54:17,341 [INFO] ▲ BNBUSDT          619.6700 USD  (+0.17%)
2026-05-03 21:54:17,548 [INFO] ▼ ADAUSDT            0.2502 USD  (-0.48%)
2026-05-03 21:54:17,819 [INFO] ▼ DOGEUSDT           0.1088 USD  (-0.06%)
2026-05-03 21:54:18,039 [INFO] ▲ SOLUSDT           84.3400 USD  (+0.15%)
2026-05-03 21:54:18,249 [INFO] ▲ BTCUSDT        78891.6000 USD  (+0.56%)
2026-05-03 21:54:18,258 [INFO] ▲ ETHUSDT         2329.6500 USD  (+0.78%)
2026-05-03 21:54:18,342 [INFO] ▲ BNBUSDT          619.6800 USD  (+0.17%)
2026-05-03 21:54:18,543 [INFO] ▼ ADAUSDT            0.2502 USD  (-0.48%)
2026-05-03 21:54:18,553 [INFO] ▼ XRPUSDT            1.3931 USD  (-0.07%)
2026-05-03 21:54:18,816 [INFO] ▼ DOGEUSDT           0.1088 USD  (-0.06%)
2026-05-03 21:54:19,038 [INFO] ▲ SOLUSDT           84.3400 USD  (+0.17%)
2026-05-03 21:54:19,250 [INFO] ▲ BTCUSDT        78891.6000 USD  (+0.56%)
2026-05-03 21:54:19,257 [INFO] ▲ ETHUSDT         2329.6500 USD  (+0.78%)
2026-05-03 21:54:19,341 [INFO] ▲ BNBUSDT          619.6800 USD  (+0.17%)
2026-05-03 21:54:19,537 [INFO] ▼ ADAUSDT            0.2502 USD  (-0.48%)
2026-05-03 21:54:19,548 [INFO] ▼ XRPUSDT            1.3931 USD  (-0.07%)
2026-05-03 21:54:19,815 [INFO] ▼ DOGEUSDT           0.1088 USD  (-0.05%)
2026-05-03 21:54:20,027 [INFO] ▲ SOLUSDT           84.3300 USD  (+0.14%)
2026-05-03 21:54:20,258 [INFO] ▲ BTCUSDT        78891.6000 USD  (+0.56%)
2026-05-03 21:54:20,266 [INFO] ▲ ETHUSDT         2329.6500 USD  (+0.78%)
2026-05-03 21:54:20,348 [INFO] ▲ BNBUSDT          619.6800 USD  (+0.17%)
2026-05-03 21:54:20,537 [INFO] ▼ ADAUSDT            0.2502 USD  (-0.48%)
2026-05-03 21:54:20,548 [INFO] ▼ XRPUSDT            1.3931 USD  (-0.08%)
2026-05-03 21:54:20,805 [INFO] ▼ DOGEUSDT           0.1088 USD  (-0.04%)
2026-05-03 21:54:21,026 [INFO] ▲ SOLUSDT           84.3300 USD  (+0.14%)
2026-05-03 21:54:21,255 [INFO] ▲ BTCUSDT        78891.6100 USD  (+0.56%)
2026-05-03 21:54:21,270 [INFO] ▲ ETHUSDT         2329.6500 USD  (+0.78%)
2026-05-03 21:54:21,341 [INFO] ▲ BNBUSDT          619.6800 USD  (+0.17%)
2026-05-03 21:54:21,540 [INFO] ▼ ADAUSDT            0.2502 USD  (-0.48%)
2026-05-03 21:54:21,551 [INFO] ▼ XRPUSDT            1.3931 USD  (-0.08%)
2026-05-03 21:54:21,808 [INFO] ▼ DOGEUSDT           0.1088 USD  (-0.04%)
2026-05-03 21:54:22,030 [INFO] ▲ SOLUSDT           84.3300 USD  (+0.14%)
2026-05-03 21:54:22,246 [INFO] ▲ BTCUSDT        78891.6100 USD  (+0.56%)
2026-05-03 21:54:22,251 [INFO] ▲ ETHUSDT         2329.6500 USD  (+0.78%)
2026-05-03 21:54:22,338 [INFO] ▲ BNBUSDT          619.6800 USD  (+0.17%)
2026-05-03 21:54:22,541 [INFO] ▼ ADAUSDT            0.2502 USD  (-0.48%)
2026-05-03 21:54:22,555 [INFO] ▼ XRPUSDT            1.3931 USD  (-0.07%)
2026-05-03 21:54:22,814 [INFO] ▼ DOGEUSDT           0.1088 USD  (-0.04%)
2026-05-03 21:54:23,208 [INFO] ▼ DOTUSDT            1.2190 USD  (-0.97%)
2026-05-03 21:54:23,251 [INFO] ▲ BTCUSDT        78891.6000 USD  (+0.56%)
2026-05-03 21:54:23,256 [INFO] ▲ ETHUSDT         2329.6500 USD  (+0.78%)
2026-05-03 21:54:23,337 [INFO] ▲ BNBUSDT          619.6800 USD  (+0.17%)
2026-05-03 21:54:23,537 [INFO] ▼ ADAUSDT            0.2502 USD  (-0.48%)
2026-05-03 21:54:23,548 [INFO] ▼ XRPUSDT            1.3931 USD  (-0.07%)
2026-05-03 21:54:23,804 [INFO] ▼ DOGEUSDT           0.1088 USD  (-0.04%)
2026-05-03 21:54:24,027 [INFO] ▲ SOLUSDT           84.3400 USD  (+0.15%)
2026-05-03 21:54:24,208 [INFO] ▼ DOTUSDT            1.2190 USD  (-0.97%)
2026-05-03 21:54:24,249 [INFO] ▲ BTCUSDT        78891.6100 USD  (+0.56%)
2026-05-03 21:54:24,254 [INFO] ▲ ETHUSDT         2329.6500 USD  (+0.78%)
2026-05-03 21:54:24,337 [INFO] ▲ BNBUSDT          619.6800 USD  (+0.17%)
2026-05-03 21:54:24,537 [INFO] ▼ ADAUSDT            0.2502 USD  (-0.48%)
2026-05-03 21:54:24,548 [INFO] ▼ XRPUSDT            1.3931 USD  (-0.07%)
2026-05-03 21:54:24,809 [INFO] ▼ DOGEUSDT           0.1088 USD  (-0.04%)
2026-05-03 21:54:25,026 [INFO] ▲ SOLUSDT           84.3400 USD  (+0.15%)
2026-05-03 21:54:25,204 [INFO] ▼ DOTUSDT            1.2190 USD  (-0.97%)
2026-05-03 21:54:25,249 [INFO] ▲ BTCUSDT        78891.6100 USD  (+0.56%)
2026-05-03 21:54:25,253 [INFO] ▲ ETHUSDT         2329.6500 USD  (+0.78%)
2026-05-03 21:54:25,538 [INFO] ▼ ADAUSDT            0.2503 USD  (-0.44%)
2026-05-03 21:54:25,549 [INFO] ▼ XRPUSDT            1.3931 USD  (-0.07%)
2026-05-03 21:54:25,806 [INFO] ▼ DOGEUSDT           0.1088 USD  (-0.05%)
2026-05-03 21:54:26,029 [INFO] ▲ SOLUSDT           84.3300 USD  (+0.14%)
2026-05-03 21:54:26,203 [INFO] ▼ DOTUSDT            1.2190 USD  (-0.97%)
2026-05-03 21:54:26,245 [INFO] ▲ BTCUSDT        78891.6000 USD  (+0.56%)
2026-05-03 21:54:26,252 [INFO] ▲ ETHUSDT         2329.8000 USD  (+0.79%)
2026-05-03 21:54:26,346 [INFO] ▲ BNBUSDT          619.6700 USD  (+0.17%)
2026-05-03 21:54:26,538 [INFO] ▼ ADAUSDT            0.2503 USD  (-0.44%)
2026-05-03 21:54:26,805 [INFO] ▼ DOGEUSDT           0.1088 USD  (-0.05%)
2026-05-03 21:54:27,029 [INFO] ▲ SOLUSDT           84.3300 USD  (+0.14%)
2026-05-03 21:54:27,204 [INFO] ▼ DOTUSDT            1.2190 USD  (-0.97%)
2026-05-03 21:54:27,249 [INFO] ▲ BTCUSDT        78891.6000 USD  (+0.56%)
2026-05-03 21:54:27,254 [INFO] ▲ ETHUSDT         2329.8100 USD  (+0.79%)
2026-05-03 21:54:27,336 [INFO] ▲ BNBUSDT          619.6800 USD  (+0.17%)
2026-05-03 21:54:27,539 [INFO] ▼ ADAUSDT            0.2503 USD  (-0.44%)
2026-05-03 21:54:27,551 [INFO] ▼ XRPUSDT            1.3931 USD  (-0.07%)
2026-05-03 21:54:27,806 [INFO] ▼ DOGEUSDT           0.1088 USD  (-0.05%)
2026-05-03 21:54:28,036 [INFO] ▲ SOLUSDT           84.3300 USD  (+0.14%)
2026-05-03 21:54:28,205 [INFO] ▼ DOTUSDT            1.2190 USD  (-0.97%)
2026-05-03 21:54:28,248 [INFO] ▲ BTCUSDT        78891.6100 USD  (+0.56%)
2026-05-03 21:54:28,255 [INFO] ▲ ETHUSDT         2329.8100 USD  (+0.79%)
2026-05-03 21:54:28,339 [INFO] ▲ BNBUSDT          619.6800 USD  (+0.17%)
2026-05-03 21:54:28,539 [INFO] ▼ ADAUSDT            0.2503 USD  (-0.44%)
2026-05-03 21:54:28,549 [INFO] ▼ XRPUSDT            1.3931 USD  (-0.07%)
2026-05-03 21:54:28,818 [INFO] ▼ DOGEUSDT           0.1088 USD  (-0.05%)
2026-05-03 21:54:29,036 [INFO] ▲ SOLUSDT           84.3300 USD  (+0.14%)
2026-05-03 21:54:29,248 [INFO] ▲ BTCUSDT        78891.6100 USD  (+0.56%)
2026-05-03 21:54:29,252 [INFO] ▲ ETHUSDT         2329.8000 USD  (+0.79%)
2026-05-03 21:54:29,342 [INFO] ▲ BNBUSDT          619.6800 USD  (+0.17%)
2026-05-03 21:54:29,549 [INFO] ▼ ADAUSDT            0.2503 USD  (-0.44%)
2026-05-03 21:54:29,561 [INFO] ▼ XRPUSDT            1.3931 USD  (-0.08%)
2026-05-03 21:54:29,813 [INFO] ▼ DOGEUSDT           0.1088 USD  (-0.04%)
2026-05-03 21:54:30,026 [INFO] ▲ SOLUSDT           84.3400 USD  (+0.15%)
2026-05-03 21:54:30,260 [INFO] ▲ BTCUSDT        78891.6100 USD  (+0.56%)
2026-05-03 21:54:30,274 [INFO] ▲ ETHUSDT         2329.8000 USD  (+0.79%)
2026-05-03 21:54:30,538 [INFO] ▼ ADAUSDT            0.2503 USD  (-0.44%)
2026-05-03 21:54:30,549 [INFO] ▼ XRPUSDT            1.3931 USD  (-0.08%)
2026-05-03 21:54:30,806 [INFO] ▼ DOGEUSDT           0.1088 USD  (-0.04%)
2026-05-03 21:54:31,251 [INFO] ▲ BTCUSDT        78891.6100 USD  (+0.56%)
2026-05-03 21:54:31,256 [INFO] ▲ ETHUSDT         2329.8000 USD  (+0.79%)
2026-05-03 21:54:31,336 [INFO] ▲ BNBUSDT          619.6700 USD  (+0.17%)
2026-05-03 21:54:31,538 [INFO] ▼ ADAUSDT            0.2503 USD  (-0.44%)
2026-05-03 21:54:31,805 [INFO] ▼ DOGEUSDT           0.1088 USD  (-0.04%)
2026-05-03 21:54:32,031 [INFO] ▲ SOLUSDT           84.3400 USD  (+0.15%)
2026-05-03 21:54:32,204 [INFO] ▼ DOTUSDT            1.2190 USD  (-0.97%)
2026-05-03 21:54:32,251 [INFO] ▲ BTCUSDT        78887.9700 USD  (+0.56%)
2026-05-03 21:54:32,255 [INFO] ▲ ETHUSDT         2329.8100 USD  (+0.79%)
2026-05-03 21:54:32,342 [INFO] ▲ BNBUSDT          619.6100 USD  (+0.16%)
2026-05-03 21:54:32,541 [INFO] ▼ ADAUSDT            0.2503 USD  (-0.44%)
2026-05-03 21:54:32,550 [INFO] ▼ XRPUSDT            1.3930 USD  (-0.08%)
2026-05-03 21:54:32,806 [INFO] ▼ DOGEUSDT           0.1088 USD  (-0.04%)
2026-05-03 21:54:33,025 [INFO] ▲ SOLUSDT           84.3400 USD  (+0.15%)
2026-05-03 21:54:33,204 [INFO] ▼ DOTUSDT            1.2180 USD  (-1.06%)
2026-05-03 21:54:33,249 [INFO] ▲ BTCUSDT        78887.9700 USD  (+0.56%)
2026-05-03 21:54:33,253 [INFO] ▲ ETHUSDT         2329.7300 USD  (+0.78%)
2026-05-03 21:54:33,336 [INFO] ▲ BNBUSDT          619.6100 USD  (+0.16%)
2026-05-03 21:54:33,537 [INFO] ▼ ADAUSDT            0.2503 USD  (-0.44%)
2026-05-03 21:54:33,550 [INFO] ▼ XRPUSDT            1.3929 USD  (-0.09%)
2026-05-03 21:54:33,807 [INFO] ▼ DOGEUSDT           0.1088 USD  (-0.05%)
2026-05-03 21:54:34,026 [INFO] ▲ SOLUSDT           84.3400 USD  (+0.15%)
2026-05-03 21:54:34,245 [INFO] ▲ BTCUSDT        78887.9200 USD  (+0.56%)
2026-05-03 21:54:34,251 [INFO] ▲ ETHUSDT         2329.7200 USD  (+0.78%)
2026-05-03 21:54:34,337 [INFO] ▲ BNBUSDT          619.6100 USD  (+0.16%)
2026-05-03 21:54:34,539 [INFO] ▼ ADAUSDT            0.2503 USD  (-0.44%)
2026-05-03 21:54:34,548 [INFO] ▼ XRPUSDT            1.3927 USD  (-0.10%)
2026-05-03 21:54:34,804 [INFO] ▼ DOGEUSDT           0.1088 USD  (-0.06%)
2026-05-03 21:54:35,033 [INFO] ▲ SOLUSDT           84.3500 USD  (+0.17%)
2026-05-03 21:54:35,252 [INFO] ▲ BTCUSDT        78887.9200 USD  (+0.56%)
2026-05-03 21:54:35,342 [INFO] ▲ BNBUSDT          619.6100 USD  (+0.16%)
2026-05-03 21:54:35,539 [INFO] ▼ ADAUSDT            0.2503 USD  (-0.44%)
2026-05-03 21:54:35,549 [INFO] ▼ XRPUSDT            1.3927 USD  (-0.10%)
2026-05-03 21:54:35,804 [INFO] ▼ DOGEUSDT           0.1088 USD  (-0.05%)
2026-05-03 21:54:36,028 [INFO] ▲ SOLUSDT           84.3400 USD  (+0.15%)
2026-05-03 21:54:36,247 [INFO] ▲ BTCUSDT        78887.9200 USD  (+0.56%)
2026-05-03 21:54:36,253 [INFO] ▲ ETHUSDT         2329.7200 USD  (+0.78%)
2026-05-03 21:54:36,538 [INFO] ▼ ADAUSDT            0.2503 USD  (-0.44%)
2026-05-03 21:54:36,550 [INFO] ▼ XRPUSDT            1.3927 USD  (-0.10%)
2026-05-03 21:54:36,805 [INFO] ▼ DOGEUSDT           0.1088 USD  (-0.05%)
2026-05-03 21:54:37,027 [INFO] ▲ SOLUSDT           84.3400 USD  (+0.15%)
2026-05-03 21:54:37,246 [INFO] ▲ BTCUSDT        78887.9200 USD  (+0.56%)
2026-05-03 21:54:37,255 [INFO] ▲ ETHUSDT         2329.7200 USD  (+0.78%)
2026-05-03 21:54:37,341 [INFO] ▲ BNBUSDT          619.6000 USD  (+0.15%)
2026-05-03 21:54:37,540 [INFO] ▼ ADAUSDT            0.2503 USD  (-0.44%)
2026-05-03 21:54:37,547 [INFO] ▼ XRPUSDT            1.3927 USD  (-0.10%)
2026-05-03 21:54:37,804 [INFO] ▼ DOGEUSDT           0.1088 USD  (-0.05%)
2026-05-03 21:54:38,033 [INFO] ▲ SOLUSDT           84.3400 USD  (+0.15%)
2026-05-03 21:54:38,212 [INFO] ▼ DOTUSDT            1.2180 USD  (-1.06%)
2026-05-03 21:54:38,254 [INFO] ▲ BTCUSDT        78873.1500 USD  (+0.54%)
2026-05-03 21:54:38,272 [INFO] ▲ ETHUSDT         2329.6200 USD  (+0.78%)
2026-05-03 21:54:38,340 [INFO] ▲ BNBUSDT          619.5600 USD  (+0.15%)
2026-05-03 21:54:38,553 [INFO] ▼ XRPUSDT            1.3927 USD  (-0.10%)
2026-05-03 21:54:38,806 [INFO] ▼ DOGEUSDT           0.1088 USD  (-0.05%)
2026-05-03 21:54:39,028 [INFO] ▲ SOLUSDT           84.3400 USD  (+0.15%)
2026-05-03 21:54:39,205 [INFO] ▼ DOTUSDT            1.2180 USD  (-1.06%)
2026-05-03 21:54:39,248 [INFO] ▲ BTCUSDT        78873.1500 USD  (+0.54%)
2026-05-03 21:54:39,253 [INFO] ▲ ETHUSDT         2329.6200 USD  (+0.78%)
2026-05-03 21:54:39,337 [INFO] ▲ BNBUSDT          619.5600 USD  (+0.15%)
2026-05-03 21:54:39,547 [INFO] ▼ XRPUSDT            1.3927 USD  (-0.10%)
2026-05-03 21:54:39,811 [INFO] ▼ DOGEUSDT           0.1087 USD  (-0.06%)
2026-05-03 21:54:40,059 [INFO] ▲ SOLUSDT           84.3400 USD  (+0.15%)
2026-05-03 21:54:40,249 [INFO] ▲ BTCUSDT        78873.1500 USD  (+0.54%)
2026-05-03 21:54:40,253 [INFO] ▲ ETHUSDT         2329.6100 USD  (+0.78%)
2026-05-03 21:54:40,342 [INFO] ▲ BNBUSDT          619.5600 USD  (+0.15%)
2026-05-03 21:54:40,546 [INFO] ▼ ADAUSDT            0.2503 USD  (-0.44%)
2026-05-03 21:54:40,564 [INFO] ▼ XRPUSDT            1.3927 USD  (-0.10%)
2026-05-03 21:54:40,812 [INFO] ▼ DOGEUSDT           0.1087 USD  (-0.06%)
2026-05-03 21:54:41,033 [INFO] ▲ SOLUSDT           84.3400 USD  (+0.15%)
2026-05-03 21:54:41,206 [INFO] ▼ DOTUSDT            1.2180 USD  (-1.06%)
2026-05-03 21:54:41,247 [INFO] ▲ BTCUSDT        78873.1500 USD  (+0.54%)
2026-05-03 21:54:41,808 [INFO] ▼ DOGEUSDT           0.1087 USD  (-0.06%)
2026-05-03 21:54:42,026 [INFO] ▲ SOLUSDT           84.3400 USD  (+0.15%)
2026-05-03 21:54:42,251 [INFO] ▲ BTCUSDT        78873.1500 USD  (+0.54%)
2026-05-03 21:54:42,337 [INFO] ▲ BNBUSDT          619.5500 USD  (+0.16%)
2026-05-03 21:54:42,544 [INFO] ▼ ADAUSDT            0.2503 USD  (-0.48%)
2026-05-03 21:54:42,552 [INFO] ▼ XRPUSDT            1.3927 USD  (-0.10%)
2026-05-03 21:54:42,806 [INFO] ▼ DOGEUSDT           0.1087 USD  (-0.06%)
2026-05-03 21:54:43,027 [INFO] ▲ SOLUSDT           84.3300 USD  (+0.14%)
2026-05-03 21:54:43,246 [INFO] ▲ BTCUSDT        78873.1500 USD  (+0.54%)
2026-05-03 21:54:43,254 [INFO] ▲ ETHUSDT         2329.6100 USD  (+0.78%)
2026-05-03 21:54:43,336 [INFO] ▲ BNBUSDT          619.4800 USD  (+0.15%)
2026-05-03 21:54:43,538 [INFO] ▼ ADAUSDT            0.2502 USD  (-0.52%)
2026-05-03 21:54:43,805 [INFO] ▼ DOGEUSDT           0.1087 USD  (-0.06%)
2026-05-03 21:54:44,254 [INFO] ▲ BTCUSDT        78873.1600 USD  (+0.54%)
2026-05-03 21:54:44,259 [INFO] ▲ ETHUSDT         2329.4300 USD  (+0.77%)
2026-05-03 21:54:44,339 [INFO] ▲ BNBUSDT          619.4600 USD  (+0.14%)
2026-05-03 21:54:44,806 [INFO] ▼ DOGEUSDT           0.1087 USD  (-0.07%)
2026-05-03 21:54:45,026 [INFO] ▲ SOLUSDT           84.3300 USD  (+0.17%)
2026-05-03 21:54:45,206 [INFO] ▼ DOTUSDT            1.2180 USD  (-1.06%)
2026-05-03 21:54:45,248 [INFO] ▲ BTCUSDT        78873.1600 USD  (+0.54%)
2026-05-03 21:54:45,256 [INFO] ▲ ETHUSDT         2329.2800 USD  (+0.77%)
2026-05-03 21:54:45,337 [INFO] ▲ BNBUSDT          619.4600 USD  (+0.14%)
2026-05-03 21:54:45,806 [INFO] ▼ DOGEUSDT           0.1087 USD  (-0.06%)
2026-05-03 21:54:46,029 [INFO] ▲ SOLUSDT           84.3400 USD  (+0.18%)
2026-05-03 21:54:46,205 [INFO] ▼ DOTUSDT            1.2180 USD  (-1.06%)
2026-05-03 21:54:46,250 [INFO] ▲ BTCUSDT        78873.1600 USD  (+0.54%)
2026-05-03 21:54:46,257 [INFO] ▲ ETHUSDT         2329.2900 USD  (+0.77%)
2026-05-03 21:54:46,338 [INFO] ▲ BNBUSDT          619.4600 USD  (+0.15%)
2026-05-03 21:54:46,542 [INFO] ▼ ADAUSDT            0.2502 USD  (-0.44%)
2026-05-03 21:54:46,553 [INFO] ▼ XRPUSDT            1.3927 USD  (-0.10%)
2026-05-03 21:54:46,806 [INFO] ▼ DOGEUSDT           0.1087 USD  (-0.06%)
2026-05-03 21:54:47,028 [INFO] ▲ SOLUSDT           84.3400 USD  (+0.18%)
2026-05-03 21:54:47,249 [INFO] ▲ BTCUSDT        78873.1600 USD  (+0.54%)
2026-05-03 21:54:47,253 [INFO] ▲ ETHUSDT         2329.2900 USD  (+0.77%)
2026-05-03 21:54:47,339 [INFO] ▲ BNBUSDT          619.4500 USD  (+0.15%)
2026-05-03 21:54:47,551 [INFO] ▼ ADAUSDT            0.2502 USD  (-0.44%)
2026-05-03 21:54:47,562 [INFO] ▼ XRPUSDT            1.3927 USD  (-0.10%)
2026-05-03 21:54:47,810 [INFO] ▼ DOGEUSDT           0.1087 USD  (-0.06%)
2026-05-03 21:54:48,039 [INFO] ▲ SOLUSDT           84.3300 USD  (+0.15%)
2026-05-03 21:54:48,209 [INFO] ▼ DOTUSDT            1.2180 USD  (-1.06%)
2026-05-03 21:54:48,251 [INFO] ▲ BTCUSDT        78873.1600 USD  (+0.54%)
2026-05-03 21:54:48,260 [INFO] ▲ ETHUSDT         2329.2900 USD  (+0.77%)
2026-05-03 21:54:48,349 [INFO] ▲ BNBUSDT          619.4500 USD  (+0.15%)
2026-05-03 21:54:48,545 [INFO] ▼ ADAUSDT            0.2502 USD  (-0.44%)
2026-05-03 21:54:48,828 [INFO] ▼ DOGEUSDT           0.1087 USD  (-0.06%)
2026-05-03 21:54:49,030 [INFO] ▲ SOLUSDT           84.3300 USD  (+0.17%)
2026-05-03 21:54:49,254 [INFO] ▲ BTCUSDT        78873.1600 USD  (+0.54%)
2026-05-03 21:54:49,261 [INFO] ▲ ETHUSDT         2329.2900 USD  (+0.77%)
2026-05-03 21:54:49,337 [INFO] ▲ BNBUSDT          619.4600 USD  (+0.15%)
2026-05-03 21:54:49,537 [INFO] ▼ ADAUSDT            0.2502 USD  (-0.44%)
2026-05-03 21:54:49,547 [INFO] ▼ XRPUSDT            1.3927 USD  (-0.09%)
2026-05-03 21:54:49,806 [INFO] ▼ DOGEUSDT           0.1087 USD  (-0.07%)
2026-05-03 21:54:50,031 [INFO] ▲ SOLUSDT           84.3300 USD  (+0.17%)
2026-05-03 21:54:50,249 [INFO] ▲ BTCUSDT        78873.1600 USD  (+0.54%)
2026-05-03 21:54:50,260 [INFO] ▲ ETHUSDT         2329.2900 USD  (+0.77%)
2026-05-03 21:54:50,338 [INFO] ▲ BNBUSDT          619.4600 USD  (+0.15%)
2026-05-03 21:54:50,536 [INFO] ▼ ADAUSDT            0.2502 USD  (-0.44%)
2026-05-03 21:54:50,550 [INFO] ▼ XRPUSDT            1.3927 USD  (-0.09%)
2026-05-03 21:54:50,807 [INFO] ▼ DOGEUSDT           0.1087 USD  (-0.06%)
2026-05-03 21:54:51,207 [INFO] ▼ DOTUSDT            1.2180 USD  (-1.06%)
2026-05-03 21:54:51,250 [INFO] ▲ BTCUSDT        78873.1600 USD  (+0.54%)
2026-05-03 21:54:51,259 [INFO] ▲ ETHUSDT         2329.2900 USD  (+0.77%)
2026-05-03 21:54:51,339 [INFO] ▲ BNBUSDT          619.4300 USD  (+0.15%)
2026-05-03 21:54:51,545 [INFO] ▼ ADAUSDT            0.2502 USD  (-0.44%)
2026-05-03 21:54:51,561 [INFO] ▼ XRPUSDT            1.3927 USD  (-0.09%)
2026-05-03 21:54:51,812 [INFO] ▼ DOGEUSDT           0.1087 USD  (-0.06%)
2026-05-03 21:54:52,026 [INFO] ▲ SOLUSDT           84.3200 USD  (+0.14%)
2026-05-03 21:54:52,204 [INFO] ▼ DOTUSDT            1.2180 USD  (-1.06%)
2026-05-03 21:54:52,244 [INFO] ▲ BTCUSDT        78873.1600 USD  (+0.54%)
2026-05-03 21:54:52,250 [INFO] ▲ ETHUSDT         2329.1800 USD  (+0.76%)
2026-05-03 21:54:52,339 [INFO] ▲ BNBUSDT          619.4300 USD  (+0.15%)
2026-05-03 21:54:52,547 [INFO] ▼ ADAUSDT            0.2502 USD  (-0.44%)
2026-05-03 21:54:52,562 [INFO] ▼ XRPUSDT            1.3926 USD  (-0.10%)
2026-05-03 21:54:52,801 [ERROR] WebSocket erreur : 
2026-05-03 21:54:53,095 [WARNING] WebSocket ferme
2026-05-03 21:54:53,096 [INFO] tearing down on exception 
2026-05-03 21:54:54,281 [INFO] Websocket connected
2026-05-03 21:54:54,282 [INFO] WebSocket connecte a Binance
2026-05-03 21:54:54,551 [INFO] ▼ ADAUSDT            0.2502 USD  (-0.44%)
2026-05-03 21:54:54,563 [INFO] ▼ XRPUSDT            1.3926 USD  (-0.10%)
2026-05-03 21:54:54,816 [INFO] ▼ DOGEUSDT           0.1087 USD  (-0.06%)
2026-05-03 21:54:55,035 [INFO] ▲ SOLUSDT           84.3100 USD  (+0.13%)
2026-05-03 21:54:55,246 [INFO] ▲ BTCUSDT        78870.1200 USD  (+0.53%)
2026-05-03 21:54:55,548 [INFO] ▼ ADAUSDT            0.2502 USD  (-0.44%)
2026-05-03 21:54:55,562 [INFO] ▼ XRPUSDT            1.3925 USD  (-0.12%)
2026-05-03 21:54:55,809 [INFO] ▼ DOGEUSDT           0.1087 USD  (-0.06%)
2026-05-03 21:54:56,026 [INFO] ▲ SOLUSDT           84.3100 USD  (+0.13%)
2026-05-03 21:54:56,219 [INFO] ▼ DOTUSDT            1.2180 USD  (-1.06%)
2026-05-03 21:54:56,254 [INFO] ▲ BTCUSDT        78870.1100 USD  (+0.53%)
2026-05-03 21:54:56,262 [INFO] ▲ ETHUSDT         2329.1600 USD  (+0.76%)
2026-05-03 21:54:56,339 [INFO] ▲ BNBUSDT          619.3300 USD  (+0.13%)
2026-05-03 21:54:56,540 [INFO] ▼ ADAUSDT            0.2502 USD  (-0.44%)
2026-05-03 21:54:56,550 [INFO] ▼ XRPUSDT            1.3925 USD  (-0.12%)
2026-05-03 21:54:56,807 [INFO] ▼ DOGEUSDT           0.1087 USD  (-0.06%)
2026-05-03 21:54:57,028 [INFO] ▲ SOLUSDT           84.3200 USD  (+0.14%)
2026-05-03 21:54:57,252 [INFO] ▲ BTCUSDT        78870.1200 USD  (+0.53%)
2026-05-03 21:54:57,260 [INFO] ▲ ETHUSDT         2329.1700 USD  (+0.76%)
2026-05-03 21:54:57,338 [INFO] ▲ BNBUSDT          619.3300 USD  (+0.13%)
2026-05-03 21:54:57,538 [INFO] ▼ ADAUSDT            0.2502 USD  (-0.44%)
2026-05-03 21:54:57,550 [INFO] ▼ XRPUSDT            1.3926 USD  (-0.11%)
2026-05-03 21:54:57,816 [INFO] ▼ DOGEUSDT           0.1087 USD  (-0.06%)
2026-05-03 21:54:58,207 [INFO] ▼ DOTUSDT            1.2180 USD  (-1.06%)
2026-05-03 21:54:58,251 [INFO] ▲ BTCUSDT        78870.1100 USD  (+0.53%)
2026-05-03 21:54:58,260 [INFO] ▲ ETHUSDT         2329.1700 USD  (+0.76%)
2026-05-03 21:54:58,803 [ERROR] WebSocket erreur : 
2026-05-03 21:54:59,152 [WARNING] WebSocket ferme
2026-05-03 21:54:59,153 [INFO] tearing down on exception 
2026-05-03 21:55:00,307 [INFO] Websocket connected
2026-05-03 21:55:00,307 [INFO] WebSocket connecte a Binance
2026-05-03 21:55:00,344 [INFO] ▲ BNBUSDT          619.3300 USD  (+0.13%)
2026-05-03 21:55:00,544 [INFO] ▼ ADAUSDT            0.2502 USD  (-0.44%)
2026-05-03 21:55:00,557 [INFO] ▼ XRPUSDT            1.3926 USD  (-0.10%)
2026-05-03 21:55:00,811 [INFO] ▼ DOGEUSDT           0.1087 USD  (-0.06%)
2026-05-03 21:55:01,034 [INFO] ▲ SOLUSDT           84.3200 USD  (+0.14%)
2026-05-03 21:55:01,210 [INFO] ▼ DOTUSDT            1.2180 USD  (-1.06%)
2026-05-03 21:55:01,255 [INFO] ▲ BTCUSDT        78870.1100 USD  (+0.53%)
2026-05-03 21:55:01,260 [INFO] ▲ ETHUSDT         2329.1000 USD  (+0.76%)
2026-05-03 21:55:01,343 [INFO] ▲ BNBUSDT          619.3300 USD  (+0.13%)
2026-05-03 21:55:01,543 [INFO] ▼ ADAUSDT            0.2502 USD  (-0.44%)
2026-05-03 21:55:01,556 [INFO] ▼ XRPUSDT            1.3926 USD  (-0.10%)
2026-05-03 21:55:01,810 [INFO] ▼ DOGEUSDT           0.1087 USD  (-0.06%)
2026-05-03 21:55:02,030 [INFO] ▲ SOLUSDT           84.3100 USD  (+0.13%)
2026-05-03 21:55:02,207 [INFO] ▼ DOTUSDT            1.2180 USD  (-1.06%)
2026-05-03 21:55:02,255 [INFO] ▲ BTCUSDT        78870.1100 USD  (+0.53%)
2026-05-03 21:55:02,268 [INFO] ▲ ETHUSDT         2329.0900 USD  (+0.76%)
2026-05-03 21:55:02,352 [INFO] ▲ BNBUSDT          619.4100 USD  (+0.14%)
2026-05-03 21:55:02,538 [ERROR] WebSocket erreur : 
2026-05-03 21:55:02,919 [WARNING] WebSocket ferme
2026-05-03 21:55:02,919 [INFO] tearing down on exception 
2026-05-03 21:55:03,195 [ERROR] WebSocket erreur : 
2026-05-03 21:55:03,196 [WARNING] WebSocket ferme
2026-05-03 21:55:03,196 [INFO] tearing down on exception 
2026-05-03 21:55:04,320 [ERROR] WebSocket erreur : 
2026-05-03 21:55:04,321 [WARNING] WebSocket ferme
2026-05-03 21:55:04,321 [INFO] tearing down on exception 
2026-05-03 21:55:05,177 [ERROR] WebSocket erreur : 
2026-05-03 21:55:05,178 [WARNING] WebSocket ferme
2026-05-03 21:55:05,178 [INFO] tearing down on exception 
2026-05-03 21:55:06,316 [INFO] Websocket connected
2026-05-03 21:55:06,318 [INFO] WebSocket connecte a Binance
2026-05-03 21:55:06,541 [INFO] ▼ ADAUSDT            0.2502 USD  (-0.44%)
2026-05-03 21:55:06,803 [INFO] ▼ DOGEUSDT           0.1087 USD  (-0.07%)
2026-05-03 21:55:07,024 [INFO] ▲ SOLUSDT           84.3100 USD  (+0.13%)
2026-05-03 21:55:07,200 [INFO] ▼ DOTUSDT            1.2180 USD  (-1.06%)
2026-05-03 21:55:07,243 [INFO] ▲ BTCUSDT        78870.1400 USD  (+0.53%)
2026-05-03 21:55:07,249 [INFO] ▲ ETHUSDT         2329.0900 USD  (+0.76%)
2026-05-03 21:55:07,337 [INFO] ▲ BNBUSDT          619.4100 USD  (+0.14%)
2026-05-03 21:55:07,538 [INFO] ▼ ADAUSDT            0.2502 USD  (-0.44%)
2026-05-03 21:55:07,800 [INFO] ▼ DOGEUSDT           0.1087 USD  (-0.07%)
2026-05-03 21:55:08,028 [INFO] ▲ SOLUSDT           84.3100 USD  (+0.13%)
2026-05-03 21:55:08,206 [INFO] ▼ DOTUSDT            1.2180 USD  (-1.06%)
2026-05-03 21:55:08,248 [INFO] ▲ BTCUSDT        78870.1400 USD  (+0.53%)
2026-05-03 21:55:08,261 [INFO] ▲ ETHUSDT         2329.0900 USD  (+0.76%)
2026-05-03 21:55:08,561 [INFO] ▼ ADAUSDT            0.2502 USD  (-0.44%)
2026-05-03 21:55:08,576 [INFO] ▼ XRPUSDT            1.3925 USD  (-0.11%)
2026-05-03 21:55:08,806 [INFO] ▼ DOGEUSDT           0.1087 USD  (-0.07%)
2026-05-03 21:55:09,040 [INFO] ▲ SOLUSDT           84.3100 USD  (+0.13%)
2026-05-03 21:55:09,251 [INFO] ▲ BTCUSDT        78870.1400 USD  (+0.53%)
2026-05-03 21:55:09,266 [INFO] ▲ ETHUSDT         2329.0900 USD  (+0.76%)
2026-05-03 21:55:09,536 [INFO] ▼ ADAUSDT            0.2502 USD  (-0.44%)
2026-05-03 21:55:09,546 [INFO] ▼ XRPUSDT            1.3925 USD  (-0.11%)
2026-05-03 21:55:09,811 [INFO] ▼ DOGEUSDT           0.1087 USD  (-0.07%)
2026-05-03 21:55:10,033 [INFO] ▲ SOLUSDT           84.3200 USD  (+0.14%)
2026-05-03 21:55:10,203 [INFO] ▼ DOTUSDT            1.2180 USD  (-0.98%)
2026-05-03 21:55:10,243 [INFO] ▲ BTCUSDT        78870.1500 USD  (+0.53%)
2026-05-03 21:55:10,252 [INFO] ▲ ETHUSDT         2329.0900 USD  (+0.76%)
2026-05-03 21:55:10,536 [INFO] ▼ ADAUSDT            0.2502 USD  (-0.44%)
2026-05-03 21:55:10,802 [INFO] ▼ DOGEUSDT           0.1087 USD  (-0.06%)
2026-05-03 21:55:11,025 [INFO] ▲ SOLUSDT           84.3200 USD  (+0.14%)
2026-05-03 21:55:11,245 [INFO] ▲ BTCUSDT        78870.1500 USD  (+0.53%)
2026-05-03 21:55:11,255 [INFO] ▲ ETHUSDT         2329.0900 USD  (+0.76%)
2026-05-03 21:55:11,544 [INFO] ▼ XRPUSDT            1.3925 USD  (-0.11%)
2026-05-03 21:55:11,801 [INFO] ▼ DOGEUSDT           0.1087 USD  (-0.06%)
2026-05-03 21:55:12,207 [INFO] ▼ DOTUSDT            1.2180 USD  (-0.98%)
2026-05-03 21:55:12,240 [INFO] ▲ BTCUSDT        78870.1500 USD  (+0.53%)
2026-05-03 21:55:12,252 [INFO] ▲ ETHUSDT         2329.0900 USD  (+0.76%)
2026-05-03 21:55:12,336 [INFO] ▲ BNBUSDT          619.4000 USD  (+0.14%)
2026-05-03 21:55:12,544 [INFO] ▼ XRPUSDT            1.3925 USD  (-0.11%)
2026-05-03 21:55:12,804 [INFO] ▼ DOGEUSDT           0.1087 USD  (-0.06%)
2026-05-03 21:55:13,024 [INFO] ▲ SOLUSDT           84.3200 USD  (+0.15%)
2026-05-03 21:55:13,245 [INFO] ▲ BTCUSDT        78870.1400 USD  (+0.53%)
2026-05-03 21:55:13,253 [INFO] ▲ ETHUSDT         2329.0900 USD  (+0.76%)
2026-05-03 21:55:13,338 [INFO] ▲ BNBUSDT          619.4000 USD  (+0.14%)
2026-05-03 21:55:13,535 [INFO] ▼ ADAUSDT            0.2502 USD  (-0.48%)
2026-05-03 21:55:13,802 [INFO] ▼ DOGEUSDT           0.1087 USD  (-0.06%)
2026-05-03 21:55:14,024 [INFO] ▲ SOLUSDT           84.3200 USD  (+0.14%)
2026-05-03 21:55:14,241 [INFO] ▲ BTCUSDT        78870.1400 USD  (+0.53%)
2026-05-03 21:55:14,251 [INFO] ▲ ETHUSDT         2329.0900 USD  (+0.76%)
2026-05-03 21:55:14,802 [INFO] ▼ DOGEUSDT           0.1087 USD  (-0.07%)
2026-05-03 21:55:15,022 [INFO] ▲ SOLUSDT           84.3100 USD  (+0.13%)
2026-05-03 21:55:15,200 [INFO] ▼ DOTUSDT            1.2180 USD  (-1.06%)
2026-05-03 21:55:15,241 [INFO] ▲ BTCUSDT        78870.1400 USD  (+0.53%)
2026-05-03 21:55:15,246 [INFO] ▲ ETHUSDT         2329.1000 USD  (+0.76%)
2026-05-03 21:55:15,335 [INFO] ▲ BNBUSDT          619.4000 USD  (+0.13%)
2026-05-03 21:55:15,534 [INFO] ▼ ADAUSDT            0.2502 USD  (-0.48%)
2026-05-03 21:55:15,543 [INFO] ▼ XRPUSDT            1.3926 USD  (-0.10%)
2026-05-03 21:55:15,804 [INFO] ▼ DOGEUSDT           0.1087 USD  (-0.06%)
2026-05-03 21:55:16,029 [INFO] ▲ SOLUSDT           84.3100 USD  (+0.14%)
2026-05-03 21:55:16,241 [INFO] ▲ BTCUSDT        78870.1400 USD  (+0.53%)
2026-05-03 21:55:16,247 [INFO] ▲ ETHUSDT         2329.4300 USD  (+0.77%)
2026-05-03 21:55:16,333 [INFO] ▲ BNBUSDT          619.4100 USD  (+0.14%)
2026-05-03 21:55:16,543 [INFO] ▼ XRPUSDT            1.3926 USD  (-0.10%)
2026-05-03 21:55:16,802 [INFO] ▼ DOGEUSDT           0.1087 USD  (-0.06%)
2026-05-03 21:55:17,027 [INFO] ▲ SOLUSDT           84.3100 USD  (+0.14%)
2026-05-03 21:55:17,200 [INFO] ▼ DOTUSDT            1.2180 USD  (-0.98%)
2026-05-03 21:55:17,242 [INFO] ▲ BTCUSDT        78870.1400 USD  (+0.53%)
2026-05-03 21:55:17,250 [INFO] ▲ ETHUSDT         2329.4300 USD  (+0.77%)
2026-05-03 21:55:17,335 [INFO] ▲ BNBUSDT          619.4100 USD  (+0.14%)
2026-05-03 21:55:17,545 [INFO] ▼ XRPUSDT            1.3926 USD  (-0.10%)
2026-05-03 21:55:17,802 [INFO] ▼ DOGEUSDT           0.1087 USD  (-0.06%)
2026-05-03 21:55:18,022 [INFO] ▲ SOLUSDT           84.3100 USD  (+0.14%)
2026-05-03 21:55:18,243 [INFO] ▲ BTCUSDT        78870.1400 USD  (+0.53%)
2026-05-03 21:55:18,256 [INFO] ▲ ETHUSDT         2329.4300 USD  (+0.77%)
2026-05-03 21:55:18,336 [INFO] ▲ BNBUSDT          619.4100 USD  (+0.14%)
2026-05-03 21:55:18,813 [INFO] ▼ DOGEUSDT           0.1087 USD  (-0.06%)
2026-05-03 21:55:19,032 [INFO] ▲ SOLUSDT           84.3100 USD  (+0.14%)
2026-05-03 21:55:19,201 [INFO] ▼ DOTUSDT            1.2180 USD  (-0.98%)
2026-05-03 21:55:19,245 [INFO] ▲ BTCUSDT        78870.1500 USD  (+0.53%)
2026-05-03 21:55:19,251 [INFO] ▲ ETHUSDT         2329.4400 USD  (+0.77%)
2026-05-03 21:55:19,544 [INFO] ▼ XRPUSDT            1.3925 USD  (-0.11%)
2026-05-03 21:55:19,802 [INFO] ▼ DOGEUSDT           0.1087 USD  (-0.06%)
2026-05-03 21:55:20,025 [INFO] ▲ SOLUSDT           84.3200 USD  (+0.15%)
2026-05-03 21:55:20,240 [INFO] ▲ BTCUSDT        78870.1500 USD  (+0.53%)
2026-05-03 21:55:20,246 [INFO] ▲ ETHUSDT         2329.4400 USD  (+0.77%)
2026-05-03 21:55:20,334 [INFO] ▲ BNBUSDT          619.4100 USD  (+0.14%)
2026-05-03 21:55:20,545 [INFO] ▼ XRPUSDT            1.3926 USD  (-0.11%)
2026-05-03 21:55:20,801 [INFO] ▼ DOGEUSDT           0.1087 USD  (-0.06%)
2026-05-03 21:55:21,022 [INFO] ▲ SOLUSDT           84.3200 USD  (+0.15%)
2026-05-03 21:55:21,240 [INFO] ▲ BTCUSDT        78870.1500 USD  (+0.53%)
2026-05-03 21:55:21,246 [INFO] ▲ ETHUSDT         2329.4400 USD  (+0.77%)
2026-05-03 21:55:21,332 [INFO] ▲ BNBUSDT          619.4100 USD  (+0.14%)
2026-05-03 21:55:21,546 [INFO] ▼ XRPUSDT            1.3925 USD  (-0.12%)
2026-05-03 21:55:21,800 [INFO] ▼ DOGEUSDT           0.1087 USD  (-0.06%)
2026-05-03 21:55:22,024 [INFO] ▲ SOLUSDT           84.3200 USD  (+0.15%)
2026-05-03 21:55:22,243 [INFO] ▲ BTCUSDT        78870.1400 USD  (+0.53%)
2026-05-03 21:55:22,253 [INFO] ▲ ETHUSDT         2329.4400 USD  (+0.77%)
2026-05-03 21:55:22,334 [INFO] ▲ BNBUSDT          619.4100 USD  (+0.14%)
2026-05-03 21:55:22,534 [INFO] ▼ ADAUSDT            0.2502 USD  (-0.48%)
2026-05-03 21:55:22,804 [INFO] ▼ DOGEUSDT           0.1087 USD  (-0.06%)
2026-05-03 21:55:23,243 [INFO] ▲ BTCUSDT        78870.1400 USD  (+0.53%)
2026-05-03 21:55:23,251 [INFO] ▲ ETHUSDT         2329.4300 USD  (+0.77%)
2026-05-03 21:55:23,534 [INFO] ▼ ADAUSDT            0.2502 USD  (-0.48%)
2026-05-03 21:55:23,545 [INFO] ▼ XRPUSDT            1.3926 USD  (-0.11%)
2026-05-03 21:55:23,807 [INFO] ▼ DOGEUSDT           0.1087 USD  (-0.06%)
2026-05-03 21:55:24,022 [INFO] ▲ SOLUSDT           84.3200 USD  (+0.15%)
2026-05-03 21:55:24,246 [INFO] ▲ BTCUSDT        78870.1400 USD  (+0.53%)
2026-05-03 21:55:24,254 [INFO] ▲ ETHUSDT         2329.4400 USD  (+0.77%)
2026-05-03 21:55:24,336 [INFO] ▲ BNBUSDT          619.4000 USD  (+0.13%)
2026-05-03 21:55:24,535 [INFO] ▼ ADAUSDT            0.2502 USD  (-0.48%)
2026-05-03 21:55:24,548 [INFO] ▼ XRPUSDT            1.3926 USD  (-0.11%)
2026-05-03 21:55:24,812 [INFO] ▼ DOGEUSDT           0.1087 USD  (-0.06%)
2026-05-03 21:55:25,248 [INFO] ▲ BTCUSDT        78870.1500 USD  (+0.53%)
2026-05-03 21:55:25,262 [INFO] ▲ ETHUSDT         2329.4400 USD  (+0.77%)
2026-05-03 21:55:25,332 [INFO] ▲ BNBUSDT          619.4000 USD  (+0.13%)
2026-05-03 21:55:25,534 [INFO] ▼ ADAUSDT            0.2502 USD  (-0.48%)
2026-05-03 21:55:25,799 [INFO] ▼ DOGEUSDT           0.1087 USD  (-0.07%)
2026-05-03 21:55:26,023 [INFO] ▲ SOLUSDT           84.3100 USD  (+0.13%)
2026-05-03 21:55:26,242 [INFO] ▲ BTCUSDT        78870.1500 USD  (+0.53%)
2026-05-03 21:55:26,250 [INFO] ▲ ETHUSDT         2329.4400 USD  (+0.77%)
2026-05-03 21:55:26,534 [INFO] ▼ ADAUSDT            0.2503 USD  (-0.44%)
2026-05-03 21:55:26,546 [INFO] ▼ XRPUSDT            1.3926 USD  (-0.11%)
2026-05-03 21:55:26,801 [INFO] ▼ DOGEUSDT           0.1087 USD  (-0.08%)
2026-05-03 21:55:27,022 [INFO] ▲ SOLUSDT           84.3100 USD  (+0.13%)
2026-05-03 21:55:27,201 [INFO] ▼ DOTUSDT            1.2180 USD  (-0.98%)
2026-05-03 21:55:27,247 [INFO] ▲ BTCUSDT        78870.1500 USD  (+0.53%)
2026-05-03 21:55:27,256 [INFO] ▲ ETHUSDT         2329.5100 USD  (+0.78%)
2026-05-03 21:55:27,333 [INFO] ▲ BNBUSDT          619.4100 USD  (+0.14%)
2026-05-03 21:55:27,534 [INFO] ▼ ADAUSDT            0.2503 USD  (-0.44%)
2026-05-03 21:55:27,549 [INFO] ▼ XRPUSDT            1.3925 USD  (-0.12%)
2026-05-03 21:55:27,804 [INFO] ▼ DOGEUSDT           0.1087 USD  (-0.07%)
2026-05-03 21:55:28,026 [INFO] ▲ SOLUSDT           84.3200 USD  (+0.14%)
2026-05-03 21:55:28,211 [INFO] ▼ DOTUSDT            1.2180 USD  (-0.98%)
2026-05-03 21:55:28,250 [INFO] ▲ BTCUSDT        78870.1500 USD  (+0.53%)
2026-05-03 21:55:28,281 [INFO] ▲ ETHUSDT         2329.5100 USD  (+0.78%)
2026-05-03 21:55:28,339 [INFO] ▲ BNBUSDT          619.4100 USD  (+0.14%)
2026-05-03 21:55:28,537 [INFO] ▼ ADAUSDT            0.2503 USD  (-0.44%)
2026-05-03 21:55:28,551 [INFO] ▼ XRPUSDT            1.3925 USD  (-0.12%)
2026-05-03 21:55:28,804 [INFO] ▼ DOGEUSDT           0.1087 USD  (-0.07%)
2026-05-03 21:55:29,021 [INFO] ▲ SOLUSDT           84.3200 USD  (+0.14%)
2026-05-03 21:55:29,199 [INFO] ▼ DOTUSDT            1.2180 USD  (-1.06%)
2026-05-03 21:55:29,244 [INFO] ▲ BTCUSDT        78870.1400 USD  (+0.53%)
2026-05-03 21:55:29,255 [INFO] ▲ ETHUSDT         2329.5200 USD  (+0.78%)
2026-05-03 21:55:29,334 [INFO] ▲ BNBUSDT          619.4100 USD  (+0.14%)
2026-05-03 21:55:29,534 [INFO] ▼ ADAUSDT            0.2503 USD  (-0.44%)
2026-05-03 21:55:29,544 [INFO] ▼ XRPUSDT            1.3925 USD  (-0.12%)
2026-05-03 21:55:29,801 [INFO] ▼ DOGEUSDT           0.1087 USD  (-0.08%)
2026-05-03 21:55:30,021 [INFO] ▲ SOLUSDT           84.3200 USD  (+0.14%)
2026-05-03 21:55:30,200 [INFO] ▼ DOTUSDT            1.2180 USD  (-1.06%)
2026-05-03 21:55:30,242 [INFO] ▲ BTCUSDT        78870.1400 USD  (+0.53%)
2026-05-03 21:55:30,248 [INFO] ▲ ETHUSDT         2329.5100 USD  (+0.78%)
2026-05-03 21:55:30,336 [INFO] ▲ BNBUSDT          619.4100 USD  (+0.14%)
2026-05-03 21:55:30,533 [INFO] ▼ ADAUSDT            0.2503 USD  (-0.44%)
2026-05-03 21:55:30,802 [INFO] ▼ DOGEUSDT           0.1087 USD  (-0.08%)
2026-05-03 21:55:31,027 [INFO] ▲ SOLUSDT           84.3200 USD  (+0.14%)
2026-05-03 21:55:31,240 [INFO] ▲ BTCUSDT        78870.1500 USD  (+0.53%)
2026-05-03 21:55:31,248 [INFO] ▲ ETHUSDT         2329.5100 USD  (+0.78%)
2026-05-03 21:55:31,333 [INFO] ▲ BNBUSDT          619.4100 USD  (+0.14%)
2026-05-03 21:55:31,534 [INFO] ▼ ADAUSDT            0.2503 USD  (-0.40%)
2026-05-03 21:55:31,548 [INFO] ▼ XRPUSDT            1.3926 USD  (-0.11%)
2026-05-03 21:55:31,802 [INFO] ▼ DOGEUSDT           0.1087 USD  (-0.08%)
2026-05-03 21:55:32,200 [INFO] ▼ DOTUSDT            1.2180 USD  (-1.06%)
2026-05-03 21:55:32,243 [INFO] ▲ BTCUSDT        78870.1500 USD  (+0.53%)
2026-05-03 21:55:32,247 [INFO] ▲ ETHUSDT         2329.5100 USD  (+0.78%)
2026-05-03 21:55:32,534 [INFO] ▼ ADAUSDT            0.2503 USD  (-0.40%)
2026-05-03 21:55:32,547 [INFO] ▼ XRPUSDT            1.3926 USD  (-0.10%)
2026-05-03 21:55:32,812 [INFO] ▼ DOGEUSDT           0.1087 USD  (-0.08%)
2026-05-03 21:55:33,021 [INFO] ▲ SOLUSDT           84.3200 USD  (+0.14%)
2026-05-03 21:55:33,246 [INFO] ▲ BTCUSDT        78870.1400 USD  (+0.53%)
2026-05-03 21:55:33,251 [INFO] ▲ ETHUSDT         2329.5100 USD  (+0.78%)
2026-05-03 21:55:33,334 [INFO] ▲ BNBUSDT          619.4100 USD  (+0.14%)
2026-05-03 21:55:33,531 [ERROR] WebSocket erreur : 
2026-05-03 21:55:33,836 [WARNING] WebSocket ferme
2026-05-03 21:55:33,836 [INFO] tearing down on exception 
2026-05-03 21:55:34,143 [ERROR] WebSocket erreur : 
2026-05-03 21:55:34,143 [WARNING] WebSocket ferme
2026-05-03 21:55:34,143 [INFO] tearing down on exception 
2026-05-03 21:55:34,421 [ERROR] WebSocket erreur : 
2026-05-03 21:55:34,421 [WARNING] WebSocket ferme
2026-05-03 21:55:34,422 [INFO] tearing down on exception 
2026-05-03 21:55:34,699 [ERROR] WebSocket erreur : 
2026-05-03 21:55:34,700 [WARNING] WebSocket ferme
2026-05-03 21:55:34,700 [INFO] tearing down on exception 
2026-05-03 21:55:35,551 [INFO] Websocket connected
2026-05-03 21:55:35,552 [INFO] WebSocket connecte a Binance
2026-05-03 21:55:35,815 [INFO] ▼ DOGEUSDT           0.1087 USD  (-0.08%)
2026-05-03 21:55:36,030 [INFO] ▲ SOLUSDT           84.3200 USD  (+0.15%)
2026-05-03 21:55:36,247 [INFO] ▲ BTCUSDT        78870.1400 USD  (+0.53%)
2026-05-03 21:55:36,251 [INFO] ▲ ETHUSDT         2329.5200 USD  (+0.78%)
2026-05-03 21:55:36,338 [INFO] ▲ BNBUSDT          619.4100 USD  (+0.12%)
2026-05-03 21:55:36,538 [INFO] ▼ ADAUSDT            0.2503 USD  (-0.40%)
2026-05-03 21:55:36,548 [INFO] ▼ XRPUSDT            1.3926 USD  (-0.11%)
2026-05-03 21:55:36,809 [INFO] ▼ DOGEUSDT           0.1087 USD  (-0.08%)
2026-05-03 21:55:37,026 [INFO] ▲ SOLUSDT           84.3100 USD  (+0.14%)
2026-05-03 21:55:37,248 [INFO] ▲ BTCUSDT        78870.1500 USD  (+0.53%)
2026-05-03 21:55:37,252 [INFO] ▲ ETHUSDT         2329.5200 USD  (+0.78%)
2026-05-03 21:55:37,338 [INFO] ▲ BNBUSDT          619.4100 USD  (+0.12%)
2026-05-03 21:55:37,546 [INFO] ▼ ADAUSDT            0.2503 USD  (-0.40%)
2026-05-03 21:55:37,560 [INFO] ▼ XRPUSDT            1.3926 USD  (-0.11%)
2026-05-03 21:55:37,813 [INFO] ▼ DOGEUSDT           0.1087 USD  (-0.08%)
2026-05-03 21:55:38,029 [INFO] ▲ SOLUSDT           84.3200 USD  (+0.15%)
2026-05-03 21:55:38,246 [INFO] ▲ BTCUSDT        78870.1500 USD  (+0.53%)
2026-05-03 21:55:38,251 [INFO] ▲ ETHUSDT         2329.5200 USD  (+0.78%)
2026-05-03 21:55:38,541 [INFO] ▼ ADAUSDT            0.2503 USD  (-0.40%)
2026-05-03 21:55:38,549 [INFO] ▼ XRPUSDT            1.3926 USD  (-0.11%)
2026-05-03 21:55:38,817 [INFO] ▼ DOGEUSDT           0.1087 USD  (-0.07%)
2026-05-03 21:55:39,029 [INFO] ▲ SOLUSDT           84.3200 USD  (+0.15%)
2026-05-03 21:55:39,219 [INFO] ▼ DOTUSDT            1.2180 USD  (-0.98%)
2026-05-03 21:55:39,251 [INFO] ▲ BTCUSDT        78870.1400 USD  (+0.53%)
2026-05-03 21:55:39,257 [INFO] ▲ ETHUSDT         2329.5200 USD  (+0.78%)
2026-05-03 21:55:39,343 [INFO] ▲ BNBUSDT          619.4100 USD  (+0.12%)
2026-05-03 21:55:39,556 [INFO] ▼ ADAUSDT            0.2503 USD  (-0.40%)
2026-05-03 21:55:39,571 [INFO] ▼ XRPUSDT            1.3926 USD  (-0.10%)
2026-05-03 21:55:39,807 [INFO] ▼ DOGEUSDT           0.1087 USD  (-0.07%)
2026-05-03 21:55:40,245 [INFO] ▲ BTCUSDT        78870.1400 USD  (+0.53%)
2026-05-03 21:55:40,250 [INFO] ▲ ETHUSDT         2329.5200 USD  (+0.78%)
2026-05-03 21:55:40,342 [INFO] ▲ BNBUSDT          619.4100 USD  (+0.13%)
2026-05-03 21:55:40,540 [INFO] ▼ ADAUSDT            0.2503 USD  (-0.40%)
2026-05-03 21:55:40,808 [INFO] ▼ DOGEUSDT           0.1087 USD  (-0.07%)
2026-05-03 21:55:41,028 [INFO] ▲ SOLUSDT           84.3200 USD  (+0.15%)
2026-05-03 21:55:41,248 [INFO] ▲ BTCUSDT        78870.1400 USD  (+0.53%)
2026-05-03 21:55:41,253 [INFO] ▲ ETHUSDT         2329.5200 USD  (+0.78%)
2026-05-03 21:55:41,339 [INFO] ▲ BNBUSDT          619.4100 USD  (+0.13%)
2026-05-03 21:55:41,538 [INFO] ▼ ADAUSDT            0.2503 USD  (-0.40%)
2026-05-03 21:55:41,808 [INFO] ▼ DOGEUSDT           0.1087 USD  (-0.06%)
2026-05-03 21:55:42,030 [INFO] ▲ SOLUSDT           84.3100 USD  (+0.14%)
2026-05-03 21:55:42,246 [INFO] ▲ BTCUSDT        78870.1400 USD  (+0.53%)
2026-05-03 21:55:42,249 [INFO] ▲ ETHUSDT         2329.5200 USD  (+0.78%)
2026-05-03 21:55:42,337 [INFO] ▲ BNBUSDT          619.4100 USD  (+0.14%)
2026-05-03 21:55:42,539 [INFO] ▼ ADAUSDT            0.2503 USD  (-0.40%)
2026-05-03 21:55:42,548 [INFO] ▼ XRPUSDT            1.3926 USD  (-0.11%)
2026-05-03 21:55:42,810 [INFO] ▼ DOGEUSDT           0.1087 USD  (-0.06%)
2026-05-03 21:55:43,027 [INFO] ▲ SOLUSDT           84.3100 USD  (+0.13%)
2026-05-03 21:55:43,249 [INFO] ▲ BTCUSDT        78870.1400 USD  (+0.53%)
2026-05-03 21:55:43,254 [INFO] ▲ ETHUSDT         2329.5200 USD  (+0.78%)
2026-05-03 21:55:43,539 [INFO] ▼ ADAUSDT            0.2503 USD  (-0.40%)
2026-05-03 21:55:43,547 [INFO] ▼ XRPUSDT            1.3926 USD  (-0.11%)
2026-05-03 21:55:43,806 [INFO] ▼ DOGEUSDT           0.1087 USD  (-0.06%)
2026-05-03 21:55:44,036 [INFO] ▲ SOLUSDT           84.3200 USD  (+0.14%)
2026-05-03 21:55:44,250 [INFO] ▲ BTCUSDT        78870.1500 USD  (+0.53%)
2026-05-03 21:55:44,257 [INFO] ▲ ETHUSDT         2329.5200 USD  (+0.78%)
2026-05-03 21:55:44,338 [INFO] ▲ BNBUSDT          619.4100 USD  (+0.14%)
2026-05-03 21:55:44,545 [INFO] ▼ ADAUSDT            0.2503 USD  (-0.40%)
2026-05-03 21:55:44,552 [INFO] ▼ XRPUSDT            1.3926 USD  (-0.11%)
2026-05-03 21:55:44,810 [INFO] ▼ DOGEUSDT           0.1087 USD  (-0.07%)
2026-05-03 21:55:45,027 [INFO] ▲ SOLUSDT           84.3200 USD  (+0.14%)
2026-05-03 21:55:45,208 [INFO] ▼ DOTUSDT            1.2180 USD  (-0.98%)
2026-05-03 21:55:45,254 [INFO] ▲ BTCUSDT        78870.1500 USD  (+0.53%)
2026-05-03 21:55:45,260 [INFO] ▲ ETHUSDT         2329.5200 USD  (+0.78%)
2026-05-03 21:55:45,341 [INFO] ▲ BNBUSDT          619.4100 USD  (+0.14%)
2026-05-03 21:55:45,549 [INFO] ▼ XRPUSDT            1.3926 USD  (-0.11%)
2026-05-03 21:55:45,807 [INFO] ▼ DOGEUSDT           0.1087 USD  (-0.09%)
2026-05-03 21:55:46,027 [INFO] ▲ SOLUSDT           84.3200 USD  (+0.14%)
2026-05-03 21:55:46,249 [INFO] ▲ BTCUSDT        78870.1500 USD  (+0.53%)
2026-05-03 21:55:46,254 [INFO] ▲ ETHUSDT         2329.5200 USD  (+0.78%)
2026-05-03 21:55:46,542 [INFO] ▼ ADAUSDT            0.2503 USD  (-0.40%)
2026-05-03 21:55:46,549 [INFO] ▼ XRPUSDT            1.3926 USD  (-0.10%)
2026-05-03 21:55:46,808 [INFO] ▼ DOGEUSDT           0.1087 USD  (-0.10%)
2026-05-03 21:55:47,028 [INFO] ▲ SOLUSDT           84.3200 USD  (+0.14%)
2026-05-03 21:55:47,204 [INFO] ▼ DOTUSDT            1.2180 USD  (-0.98%)
2026-05-03 21:55:47,248 [INFO] ▲ BTCUSDT        78870.1400 USD  (+0.53%)
2026-05-03 21:55:47,253 [INFO] ▲ ETHUSDT         2329.5200 USD  (+0.78%)
2026-05-03 21:55:47,551 [INFO] ▼ XRPUSDT            1.3926 USD  (-0.10%)
2026-05-03 21:55:47,805 [INFO] ▼ DOGEUSDT           0.1087 USD  (-0.09%)
2026-05-03 21:55:48,026 [INFO] ▲ SOLUSDT           84.3200 USD  (+0.14%)
2026-05-03 21:55:48,211 [INFO] ▼ DOTUSDT            1.2180 USD  (-0.98%)
2026-05-03 21:55:48,253 [INFO] ▲ BTCUSDT        78870.1400 USD  (+0.53%)
2026-05-03 21:55:48,261 [INFO] ▲ ETHUSDT         2329.5200 USD  (+0.78%)
2026-05-03 21:55:48,542 [INFO] ▼ ADAUSDT            0.2503 USD  (-0.40%)
2026-05-03 21:55:48,556 [INFO] ▼ XRPUSDT            1.3926 USD  (-0.10%)
2026-05-03 21:55:48,819 [INFO] ▼ DOGEUSDT           0.1087 USD  (-0.09%)
2026-05-03 21:55:49,040 [INFO] ▲ SOLUSDT           84.3200 USD  (+0.14%)
2026-05-03 21:55:49,247 [INFO] ▲ BTCUSDT        78870.1400 USD  (+0.53%)
2026-05-03 21:55:49,253 [INFO] ▲ ETHUSDT         2329.5200 USD  (+0.78%)
2026-05-03 21:55:49,338 [INFO] ▲ BNBUSDT          619.4100 USD  (+0.14%)
2026-05-03 21:55:49,537 [INFO] ▼ ADAUSDT            0.2503 USD  (-0.40%)
2026-05-03 21:55:49,809 [INFO] ▼ DOGEUSDT           0.1087 USD  (-0.10%)
2026-05-03 21:55:50,031 [INFO] ▲ SOLUSDT           84.3200 USD  (+0.14%)
2026-05-03 21:55:50,249 [INFO] ▲ BTCUSDT        78870.1500 USD  (+0.53%)
2026-05-03 21:55:50,254 [INFO] ▲ ETHUSDT         2329.5200 USD  (+0.78%)
2026-05-03 21:55:50,338 [INFO] ▲ BNBUSDT          619.4000 USD  (+0.14%)
2026-05-03 21:55:50,539 [INFO] ▼ ADAUSDT            0.2503 USD  (-0.40%)
2026-05-03 21:55:50,549 [INFO] ▼ XRPUSDT            1.3926 USD  (-0.07%)
2026-05-03 21:55:50,807 [INFO] ▼ DOGEUSDT           0.1087 USD  (-0.10%)
2026-05-03 21:55:51,025 [INFO] ▲ SOLUSDT           84.3100 USD  (+0.13%)
2026-05-03 21:55:51,246 [INFO] ▲ BTCUSDT        78870.1400 USD  (+0.53%)
2026-05-03 21:55:51,251 [INFO] ▲ ETHUSDT         2329.5100 USD  (+0.78%)
2026-05-03 21:55:51,338 [INFO] ▲ BNBUSDT          619.4100 USD  (+0.14%)
2026-05-03 21:55:51,538 [INFO] ▼ ADAUSDT            0.2503 USD  (-0.40%)
2026-05-03 21:55:51,548 [INFO] ▼ XRPUSDT            1.3925 USD  (-0.07%)
2026-05-03 21:55:51,814 [INFO] ▼ DOGEUSDT           0.1087 USD  (-0.09%)
2026-05-03 21:55:52,038 [INFO] ▲ SOLUSDT           84.3100 USD  (+0.13%)
2026-05-03 21:55:52,251 [INFO] ▲ BTCUSDT        78870.1500 USD  (+0.53%)
2026-05-03 21:55:52,264 [INFO] ▲ ETHUSDT         2329.5200 USD  (+0.78%)
2026-05-03 21:55:52,342 [INFO] ▲ BNBUSDT          619.4000 USD  (+0.14%)
2026-05-03 21:55:52,814 [INFO] ▼ DOGEUSDT           0.1087 USD  (-0.09%)
2026-05-03 21:55:53,025 [INFO] ▲ SOLUSDT           84.3100 USD  (+0.13%)
2026-05-03 21:55:53,245 [INFO] ▲ BTCUSDT        78870.1500 USD  (+0.53%)
2026-05-03 21:55:53,249 [INFO] ▲ ETHUSDT         2329.5200 USD  (+0.78%)
2026-05-03 21:55:53,537 [INFO] ▼ ADAUSDT            0.2503 USD  (-0.40%)
2026-05-03 21:55:53,549 [INFO] ▼ XRPUSDT            1.3925 USD  (-0.08%)
2026-05-03 21:55:53,819 [INFO] ▼ DOGEUSDT           0.1087 USD  (-0.09%)
2026-05-03 21:55:54,028 [INFO] ▲ SOLUSDT           84.3100 USD  (+0.14%)
2026-05-03 21:55:54,249 [INFO] ▲ BTCUSDT        78870.1500 USD  (+0.53%)
2026-05-03 21:55:54,256 [INFO] ▲ ETHUSDT         2329.5200 USD  (+0.78%)
2026-05-03 21:55:54,341 [INFO] ▲ BNBUSDT          619.4000 USD  (+0.14%)
2026-05-03 21:55:54,550 [INFO] ▼ XRPUSDT            1.3925 USD  (-0.08%)
2026-05-03 21:55:54,805 [INFO] ▼ DOGEUSDT           0.1087 USD  (-0.09%)
2026-05-03 21:55:55,036 [INFO] ▲ SOLUSDT           84.3100 USD  (+0.14%)
2026-05-03 21:55:55,247 [INFO] ▲ BTCUSDT        78870.1500 USD  (+0.53%)
2026-05-03 21:55:55,252 [INFO] ▲ ETHUSDT         2329.5200 USD  (+0.78%)
2026-05-03 21:55:55,339 [INFO] ▲ BNBUSDT          619.4000 USD  (+0.14%)
2026-05-03 21:55:55,807 [INFO] ▼ DOGEUSDT           0.1087 USD  (-0.09%)
2026-05-03 21:55:56,026 [INFO] ▲ SOLUSDT           84.3100 USD  (+0.14%)
2026-05-03 21:55:56,247 [INFO] ▲ BTCUSDT        78870.1500 USD  (+0.53%)
2026-05-03 21:55:56,251 [INFO] ▲ ETHUSDT         2329.5100 USD  (+0.78%)
2026-05-03 21:55:56,340 [INFO] ▲ BNBUSDT          619.4000 USD  (+0.14%)
2026-05-03 21:55:56,539 [INFO] ▼ ADAUSDT            0.2503 USD  (-0.40%)
2026-05-03 21:55:56,806 [INFO] ▼ DOGEUSDT           0.1087 USD  (-0.09%)
2026-05-03 21:55:57,026 [INFO] ▲ SOLUSDT           84.3100 USD  (+0.14%)
2026-05-03 21:55:57,244 [INFO] ▲ BTCUSDT        78870.1500 USD  (+0.53%)
2026-05-03 21:55:57,249 [INFO] ▲ ETHUSDT         2329.5100 USD  (+0.78%)
2026-05-03 21:55:57,338 [INFO] ▲ BNBUSDT          619.4100 USD  (+0.14%)
2026-05-03 21:55:57,537 [INFO] ▼ ADAUSDT            0.2503 USD  (-0.40%)
2026-05-03 21:55:57,806 [INFO] ▼ DOGEUSDT           0.1087 USD  (-0.10%)
2026-05-03 21:55:58,026 [INFO] ▲ SOLUSDT           84.3100 USD  (+0.14%)
2026-05-03 21:55:58,264 [INFO] ▲ BTCUSDT        78870.1500 USD  (+0.53%)
2026-05-03 21:55:58,275 [INFO] ▲ ETHUSDT         2329.5200 USD  (+0.78%)
2026-05-03 21:55:58,343 [INFO] ▲ BNBUSDT          619.4100 USD  (+0.14%)
2026-05-03 21:55:58,540 [INFO] ▼ ADAUSDT            0.2503 USD  (-0.40%)
2026-05-03 21:55:58,551 [INFO] ▼ XRPUSDT            1.3927 USD  (-0.06%)
2026-05-03 21:55:58,815 [INFO] ▼ DOGEUSDT           0.1087 USD  (-0.09%)
2026-05-03 21:55:59,036 [INFO] ▲ SOLUSDT           84.3100 USD  (+0.14%)
2026-05-03 21:55:59,249 [INFO] ▲ BTCUSDT        78870.1400 USD  (+0.53%)
2026-05-03 21:55:59,252 [INFO] ▲ ETHUSDT         2329.5100 USD  (+0.78%)
2026-05-03 21:55:59,338 [INFO] ▲ BNBUSDT          619.4300 USD  (+0.14%)
2026-05-03 21:55:59,537 [INFO] ▼ ADAUSDT            0.2503 USD  (-0.40%)
2026-05-03 21:55:59,808 [INFO] ▼ DOGEUSDT           0.1087 USD  (-0.09%)
2026-05-03 21:56:00,028 [INFO] ▲ SOLUSDT           84.3200 USD  (+0.15%)
2026-05-03 21:56:00,245 [INFO] ▲ BTCUSDT        78870.1500 USD  (+0.53%)
2026-05-03 21:56:00,253 [INFO] ▲ ETHUSDT         2329.5100 USD  (+0.78%)
2026-05-03 21:56:00,339 [INFO] ▲ BNBUSDT          619.4300 USD  (+0.14%)
2026-05-03 21:56:00,544 [INFO] ▼ ADAUSDT            0.2503 USD  (-0.40%)
2026-05-03 21:56:00,553 [INFO] ▼ XRPUSDT            1.3927 USD  (-0.06%)
2026-05-03 21:56:00,808 [INFO] ▼ DOGEUSDT           0.1087 USD  (-0.09%)
2026-05-03 21:56:01,034 [INFO] ▲ SOLUSDT           84.3200 USD  (+0.15%)
2026-05-03 21:56:01,247 [INFO] ▲ BTCUSDT        78870.1500 USD  (+0.53%)
2026-05-03 21:56:01,253 [INFO] ▲ ETHUSDT         2329.5200 USD  (+0.78%)
2026-05-03 21:56:01,333 [ERROR] WebSocket erreur : 
2026-05-03 21:56:01,648 [WARNING] WebSocket ferme
2026-05-03 21:56:01,648 [INFO] tearing down on exception 
2026-05-03 21:56:01,929 [ERROR] WebSocket erreur : 
2026-05-03 21:56:01,931 [WARNING] WebSocket ferme
2026-05-03 21:56:01,932 [INFO] tearing down on exception 
2026-05-03 21:56:02,210 [ERROR] WebSocket erreur : 
2026-05-03 21:56:02,211 [WARNING] WebSocket ferme
2026-05-03 21:56:02,212 [INFO] tearing down on exception 
2026-05-03 21:56:02,496 [ERROR] WebSocket erreur : 
2026-05-03 21:56:02,496 [WARNING] WebSocket ferme
2026-05-03 21:56:02,498 [INFO] tearing down on exception 
2026-05-03 21:56:03,075 [ERROR] WebSocket erreur : 
2026-05-03 21:56:03,076 [WARNING] WebSocket ferme
2026-05-03 21:56:03,076 [INFO] tearing down on exception 
2026-05-03 21:56:03,358 [ERROR] WebSocket erreur : 
2026-05-03 21:56:03,358 [WARNING] WebSocket ferme
2026-05-03 21:56:03,358 [INFO] tearing down on exception 
2026-05-03 21:56:03,633 [ERROR] WebSocket erreur : 
2026-05-03 21:56:03,634 [WARNING] WebSocket ferme
2026-05-03 21:56:03,635 [INFO] tearing down on exception 
2026-05-03 21:56:04,206 [ERROR] WebSocket erreur : 
2026-05-03 21:56:04,208 [WARNING] WebSocket ferme
2026-05-03 21:56:04,208 [INFO] tearing down on exception 
2026-05-03 21:56:04,488 [ERROR] WebSocket erreur : 
2026-05-03 21:56:04,489 [WARNING] WebSocket ferme
2026-05-03 21:56:04,489 [INFO] tearing down on exception 
2026-05-03 21:56:04,766 [ERROR] WebSocket erreur : 
2026-05-03 21:56:04,766 [WARNING] WebSocket ferme
2026-05-03 21:56:04,767 [INFO] tearing down on exception 
2026-05-03 21:56:05,048 [ERROR] WebSocket erreur : 
2026-05-03 21:56:05,049 [WARNING] WebSocket ferme
2026-05-03 21:56:05,050 [INFO] tearing down on exception 
2026-05-03 21:56:05,896 [INFO] Websocket connected
2026-05-03 21:56:05,899 [INFO] WebSocket connecte a Binance
2026-05-03 21:56:06,019 [ERROR] WebSocket erreur : 
2026-05-03 21:56:06,351 [WARNING] WebSocket ferme
2026-05-03 21:56:06,353 [INFO] tearing down on exception 
2026-05-03 21:56:07,229 [INFO] Websocket connected
2026-05-03 21:56:07,231 [INFO] WebSocket connecte a Binance
2026-05-03 21:56:07,535 [INFO] ▼ ADAUSDT            0.2503 USD  (-0.40%)
2026-05-03 21:56:07,545 [INFO] ▼ XRPUSDT            1.3928 USD  (-0.05%)
2026-05-03 21:56:07,802 [INFO] ▼ DOGEUSDT           0.1087 USD  (-0.09%)
2026-05-03 21:56:08,025 [INFO] ▲ SOLUSDT           84.3100 USD  (+0.14%)
2026-05-03 21:56:08,246 [INFO] ▲ BTCUSDT        78885.0000 USD  (+0.55%)
2026-05-03 21:56:08,257 [INFO] ▲ ETHUSDT         2329.5200 USD  (+0.78%)
2026-05-03 21:56:08,339 [INFO] ▲ BNBUSDT          619.5300 USD  (+0.16%)
2026-05-03 21:56:08,547 [INFO] ▼ XRPUSDT            1.3928 USD  (-0.05%)
2026-05-03 21:56:08,815 [INFO] ▼ DOGEUSDT           0.1087 USD  (-0.09%)
2026-05-03 21:56:09,033 [INFO] ▲ SOLUSDT           84.3100 USD  (+0.14%)
2026-05-03 21:56:09,249 [INFO] ▲ BTCUSDT        78885.0000 USD  (+0.55%)
2026-05-03 21:57:39,166 [INFO] Demarrage du Kafka Producer (streaming Binance)
2026-05-03 21:57:39,178 [INFO] <BrokerConnection client_id=kafka-python-producer-1, node_id=bootstrap-0 host=localhost:9093 <connecting> [IPv6 ('::1', 9093, 0, 0)]>: connecting to localhost:9093 [('::1', 9093, 0, 0) IPv6]
2026-05-03 21:57:39,186 [INFO] <BrokerConnection client_id=kafka-python-producer-1, node_id=bootstrap-0 host=localhost:9093 <checking_api_versions_recv> [IPv6 ('::1', 9093, 0, 0)]>: Broker version identified as 2.6
2026-05-03 21:57:39,186 [INFO] <BrokerConnection client_id=kafka-python-producer-1, node_id=bootstrap-0 host=localhost:9093 <connected> [IPv6 ('::1', 9093, 0, 0)]>: Connection complete.
2026-05-03 21:57:39,189 [INFO] Producer connecte a localhost:9093
2026-05-03 21:57:39,189 [INFO] Connexion au stream : 8 symboles
2026-05-03 21:57:39,189 [INFO] URL : wss://stream.binance.com:9443/stream?streams=btcusdt@ticker/ethusdt@ticker/bnbusdt@ticker/solusdt@ticker/xrpusdt@ticker/adausdt@ticker/dogeusdt@ticker/dotusdt@ticker
2026-05-03 21:57:40,047 [INFO] Websocket connected
2026-05-03 21:57:40,048 [INFO] WebSocket connecte a Binance
2026-05-03 21:57:40,198 [INFO] <BrokerConnection client_id=kafka-python-producer-1, node_id=1 host=localhost:9093 <connecting> [IPv6 ('::1', 9093, 0, 0)]>: connecting to localhost:9093 [('::1', 9093, 0, 0) IPv6]
2026-05-03 21:57:40,199 [INFO] <BrokerConnection client_id=kafka-python-producer-1, node_id=1 host=localhost:9093 <connected> [IPv6 ('::1', 9093, 0, 0)]>: Connection complete.
2026-05-03 21:57:40,200 [INFO] <BrokerConnection client_id=kafka-python-producer-1, node_id=bootstrap-0 host=localhost:9093 <connected> [IPv6 ('::1', 9093, 0, 0)]>: Closing connection. 
2026-05-03 21:57:40,209 [INFO] ▼ DOTUSDT            1.2180 USD  (-1.06%)
2026-05-03 21:57:40,245 [INFO] ▲ BTCUSDT        78903.7900 USD  (+0.58%)
2026-05-03 21:57:40,250 [INFO] ▲ ETHUSDT         2329.8000 USD  (+0.79%)
2026-05-03 21:57:40,339 [INFO] ▲ BNBUSDT          619.6700 USD  (+0.19%)
2026-05-03 21:57:40,538 [INFO] ▼ ADAUSDT            0.2502 USD  (-0.44%)
2026-05-03 21:57:40,545 [INFO] ▼ XRPUSDT            1.3927 USD  (-0.05%)
2026-05-03 21:57:40,812 [INFO] ▼ DOGEUSDT           0.1088 USD  (-0.09%)
2026-05-03 21:57:41,025 [INFO] ▲ SOLUSDT           84.3500 USD  (+0.18%)
2026-05-03 21:57:41,243 [INFO] ▲ BTCUSDT        78903.7800 USD  (+0.58%)
2026-05-03 21:57:41,249 [INFO] ▲ ETHUSDT         2329.8000 USD  (+0.79%)
2026-05-03 21:57:41,344 [INFO] ▲ BNBUSDT          619.6800 USD  (+0.19%)
2026-05-03 21:57:41,535 [INFO] ▼ ADAUSDT            0.2502 USD  (-0.44%)
2026-05-03 21:57:41,545 [INFO] ▼ XRPUSDT            1.3927 USD  (-0.05%)
2026-05-03 21:57:41,808 [INFO] ▼ DOGEUSDT           0.1088 USD  (-0.09%)
2026-05-03 21:57:42,024 [INFO] ▲ SOLUSDT           84.3500 USD  (+0.18%)
2026-05-03 21:57:42,244 [INFO] ▲ BTCUSDT        78903.7800 USD  (+0.58%)
2026-05-03 21:57:42,251 [INFO] ▲ ETHUSDT         2329.8000 USD  (+0.79%)
2026-05-03 21:57:42,336 [INFO] ▲ BNBUSDT          619.6700 USD  (+0.19%)
2026-05-03 21:57:42,545 [INFO] ▼ ADAUSDT            0.2502 USD  (-0.44%)
2026-05-03 21:57:42,813 [INFO] ▼ DOGEUSDT           0.1088 USD  (-0.08%)
2026-05-03 21:57:43,033 [INFO] ▲ SOLUSDT           84.3500 USD  (+0.19%)
2026-05-03 21:57:43,200 [INFO] ▼ DOTUSDT            1.2180 USD  (-1.06%)
2026-05-03 21:57:43,246 [INFO] ▲ BTCUSDT        78903.7800 USD  (+0.58%)
2026-05-03 21:57:43,250 [INFO] ▲ ETHUSDT         2329.8000 USD  (+0.79%)
2026-05-03 21:57:43,341 [INFO] ▲ BNBUSDT          619.6700 USD  (+0.19%)
2026-05-03 21:57:43,543 [INFO] ▼ ADAUSDT            0.2502 USD  (-0.44%)
2026-05-03 21:57:43,556 [INFO] ▼ XRPUSDT            1.3927 USD  (-0.06%)
2026-05-03 21:57:43,812 [INFO] ▼ DOGEUSDT           0.1088 USD  (-0.07%)
2026-05-03 21:57:44,036 [INFO] ▲ SOLUSDT           84.3400 USD  (+0.18%)
2026-05-03 21:57:44,245 [INFO] ▲ BTCUSDT        78898.6800 USD  (+0.57%)
2026-05-03 21:57:44,251 [INFO] ▲ ETHUSDT         2329.7300 USD  (+0.78%)
2026-05-03 21:57:44,336 [INFO] ▲ BNBUSDT          619.6700 USD  (+0.19%)
2026-05-03 21:57:44,550 [INFO] ▼ ADAUSDT            0.2502 USD  (-0.44%)
2026-05-03 21:57:44,562 [INFO] ▼ XRPUSDT            1.3927 USD  (-0.06%)
2026-05-03 21:57:44,811 [INFO] ▼ DOGEUSDT           0.1088 USD  (-0.09%)
2026-05-03 21:57:45,032 [INFO] ▲ SOLUSDT           84.3400 USD  (+0.18%)
2026-05-03 21:57:45,239 [ERROR] WebSocket erreur : 
2026-05-03 21:57:45,516 [WARNING] WebSocket ferme
2026-05-03 21:57:45,516 [INFO] tearing down on exception 
2026-05-03 21:57:46,360 [INFO] Websocket connected
2026-05-03 21:57:46,362 [INFO] WebSocket connecte a Binance
2026-05-03 21:57:46,536 [INFO] ▼ ADAUSDT            0.2502 USD  (-0.44%)
2026-05-03 21:57:46,554 [INFO] ▼ XRPUSDT            1.3926 USD  (-0.07%)
2026-05-03 21:57:46,804 [INFO] ▼ DOGEUSDT           0.1088 USD  (-0.08%)
2026-05-03 21:57:47,026 [INFO] ▲ SOLUSDT           84.3400 USD  (+0.19%)
2026-05-03 21:57:47,202 [INFO] ▼ DOTUSDT            1.2180 USD  (-1.06%)
2026-05-03 21:57:47,243 [INFO] ▲ BTCUSDT        78890.4100 USD  (+0.56%)
2026-05-03 21:57:47,249 [INFO] ▲ ETHUSDT         2329.6400 USD  (+0.78%)
2026-05-03 21:57:47,334 [INFO] ▲ BNBUSDT          619.6700 USD  (+0.19%)
2026-05-03 21:57:47,537 [INFO] ▼ ADAUSDT            0.2502 USD  (-0.44%)
2026-05-03 21:57:47,550 [INFO] ▼ XRPUSDT            1.3926 USD  (-0.07%)
2026-05-03 21:57:47,812 [INFO] ▼ DOGEUSDT           0.1088 USD  (-0.07%)
2026-05-03 21:57:48,034 [INFO] ▲ SOLUSDT           84.3400 USD  (+0.19%)
2026-05-03 21:57:48,246 [INFO] ▲ BTCUSDT        78890.4100 USD  (+0.56%)
2026-05-03 21:57:48,255 [INFO] ▲ ETHUSDT         2329.5800 USD  (+0.78%)
2026-05-03 21:57:48,337 [INFO] ▲ BNBUSDT          619.6700 USD  (+0.19%)
2026-05-03 21:57:48,539 [INFO] ▼ ADAUSDT            0.2502 USD  (-0.44%)
2026-05-03 21:57:48,805 [INFO] ▼ DOGEUSDT           0.1088 USD  (-0.07%)
2026-05-03 21:57:49,247 [INFO] ▲ BTCUSDT        78890.4100 USD  (+0.56%)
2026-05-03 21:57:49,253 [INFO] ▲ ETHUSDT         2329.5700 USD  (+0.78%)
2026-05-03 21:57:49,336 [INFO] ▲ BNBUSDT          619.6700 USD  (+0.19%)
2026-05-03 21:57:49,537 [INFO] ▼ ADAUSDT            0.2502 USD  (-0.44%)
2026-05-03 21:57:49,547 [INFO] ▼ XRPUSDT            1.3926 USD  (-0.07%)
2026-05-03 21:57:49,806 [INFO] ▼ DOGEUSDT           0.1088 USD  (-0.07%)
2026-05-03 21:57:50,022 [ERROR] WebSocket erreur : 
2026-05-03 21:57:50,244 [WARNING] WebSocket ferme
2026-05-03 21:57:50,244 [INFO] tearing down on exception 
2026-05-03 21:57:50,530 [ERROR] WebSocket erreur : 
2026-05-03 21:57:50,530 [WARNING] WebSocket ferme
2026-05-03 21:57:50,531 [INFO] tearing down on exception 
2026-05-03 21:57:51,432 [INFO] Websocket connected
2026-05-03 21:57:51,433 [INFO] WebSocket connecte a Binance
2026-05-03 21:57:51,539 [INFO] ▼ ADAUSDT            0.2502 USD  (-0.44%)
2026-05-03 21:57:51,551 [INFO] ▼ XRPUSDT            1.3926 USD  (-0.07%)
2026-05-03 21:57:51,813 [INFO] ▼ DOGEUSDT           0.1088 USD  (-0.08%)
2026-05-03 21:57:52,026 [INFO] ▲ SOLUSDT           84.3300 USD  (+0.18%)
2026-05-03 21:57:52,213 [INFO] ▼ DOTUSDT            1.2180 USD  (-1.06%)
2026-05-03 21:57:52,255 [INFO] ▲ BTCUSDT        78890.4100 USD  (+0.56%)
2026-05-03 21:57:52,263 [INFO] ▲ ETHUSDT         2329.3900 USD  (+0.77%)
2026-05-03 21:57:52,337 [INFO] ▲ BNBUSDT          619.6700 USD  (+0.19%)
2026-05-03 21:57:52,548 [INFO] ▼ XRPUSDT            1.3925 USD  (-0.07%)
2026-05-03 21:57:52,804 [INFO] ▼ DOGEUSDT           0.1088 USD  (-0.08%)
2026-05-03 21:57:53,035 [INFO] ▲ SOLUSDT           84.3300 USD  (+0.18%)
2026-05-03 21:57:53,244 [INFO] ▲ BTCUSDT        78890.4100 USD  (+0.56%)
2026-05-03 21:57:53,249 [INFO] ▲ ETHUSDT         2329.3900 USD  (+0.77%)
2026-05-03 21:57:53,336 [INFO] ▲ BNBUSDT          619.6800 USD  (+0.19%)
2026-05-03 21:57:53,538 [INFO] ▼ ADAUSDT            0.2502 USD  (-0.44%)
2026-05-03 21:57:53,546 [INFO] ▼ XRPUSDT            1.3924 USD  (-0.07%)
2026-05-03 21:57:53,805 [INFO] ▼ DOGEUSDT           0.1088 USD  (-0.10%)
2026-05-03 21:57:54,024 [INFO] ▲ SOLUSDT           84.3300 USD  (+0.18%)
