[2026-05-05T00:39:36.973+0000] {local_task_job_runner.py:120} INFO - ::group::Pre task execution logs
[2026-05-05T00:39:37.258+0000] {taskinstance.py:2073} INFO - Dependencies all met for dep_context=non-requeueable deps ti=<TaskInstance: finance_pipeline.scraping manual__2026-05-05T00:39:33.824639+00:00 [queued]>
[2026-05-05T00:39:37.277+0000] {taskinstance.py:2073} INFO - Dependencies all met for dep_context=requeueable deps ti=<TaskInstance: finance_pipeline.scraping manual__2026-05-05T00:39:33.824639+00:00 [queued]>
[2026-05-05T00:39:37.278+0000] {taskinstance.py:2303} INFO - Starting attempt 1 of 4
[2026-05-05T00:39:37.306+0000] {taskinstance.py:2327} INFO - Executing <Task(PythonOperator): scraping> on 2026-05-05 00:39:33.824639+00:00
[2026-05-05T00:39:37.325+0000] {standard_task_runner.py:90} INFO - Running: ['***', 'tasks', 'run', 'finance_pipeline', 'scraping', 'manual__2026-05-05T00:39:33.824639+00:00', '--job-id', '9', '--raw', '--subdir', 'DAGS_FOLDER/finance_pipeline.py', '--cfg-path', '/tmp/tmprhh_d0zf']
[2026-05-05T00:39:37.331+0000] {standard_task_runner.py:91} INFO - Job 9: Subtask scraping
[2026-05-05T00:39:37.338+0000] {logging_mixin.py:188} WARNING - /home/***/.local/lib/python3.12/site-packages/***/task/task_runner/standard_task_runner.py:61 DeprecationWarning: This process (pid=342) is multi-threaded, use of fork() may lead to deadlocks in the child.
[2026-05-05T00:39:37.340+0000] {standard_task_runner.py:63} INFO - Started process 343 to run task
[2026-05-05T00:39:37.575+0000] {task_command.py:426} INFO - Running <TaskInstance: finance_pipeline.scraping manual__2026-05-05T00:39:33.824639+00:00 [running]> on host 43328e106f93
[2026-05-05T00:39:37.857+0000] {taskinstance.py:2644} INFO - Exporting env vars: AIRFLOW_CTX_DAG_OWNER='finance' AIRFLOW_CTX_DAG_ID='finance_pipeline' AIRFLOW_CTX_TASK_ID='scraping' AIRFLOW_CTX_EXECUTION_DATE='2026-05-05T00:39:33.824639+00:00' AIRFLOW_CTX_TRY_NUMBER='1' AIRFLOW_CTX_DAG_RUN_ID='manual__2026-05-05T00:39:33.824639+00:00'
[2026-05-05T00:39:37.860+0000] {taskinstance.py:430} INFO - ::endgroup::
[2026-05-05T00:39:40.233+0000] {logging_mixin.py:188} INFO - 
══════════════════════════════════════════════════════════
[2026-05-05T00:39:40.234+0000] {logging_mixin.py:188} INFO -    Finance BigData — Collecte complète (4 sources)
[2026-05-05T00:39:40.236+0000] {logging_mixin.py:188} INFO -    2026-05-05 00:39:40
[2026-05-05T00:39:40.237+0000] {logging_mixin.py:188} INFO - ══════════════════════════════════════════════════════════
[2026-05-05T00:39:40.238+0000] {logging_mixin.py:188} INFO - 
📈  Actions US :
[2026-05-05T00:39:41.322+0000] {logging_mixin.py:188} INFO -     ▼  AAPL                 276.83 USD   (-1.17%)  [yahoo_finance]
[2026-05-05T00:39:42.372+0000] {logging_mixin.py:188} INFO -     ▲  MSFT                 413.62 USD   (+0.09%)  [yahoo_finance]
[2026-05-05T00:39:43.601+0000] {logging_mixin.py:188} INFO -     ▲  NVDA                 198.48 USD   (+0.18%)  [yahoo_finance]
[2026-05-05T00:39:44.907+0000] {logging_mixin.py:188} INFO -     ▼  GOOGL                383.25 USD   (-0.54%)  [yahoo_finance]
[2026-05-05T00:39:46.147+0000] {logging_mixin.py:188} INFO -     ▲  AMZN                 272.05 USD   (+1.70%)  [yahoo_finance]
[2026-05-05T00:39:47.205+0000] {logging_mixin.py:188} INFO -     ▲  TSLA                 392.51 USD   (+0.32%)  [yahoo_finance]
[2026-05-05T00:39:48.273+0000] {logging_mixin.py:188} INFO -     ▲  META                 610.41 USD   (+0.26%)  [yahoo_finance]
[2026-05-05T00:39:48.775+0000] {logging_mixin.py:188} INFO - 
📊  Indices :
[2026-05-05T00:39:50.013+0000] {logging_mixin.py:188} INFO -     ▼  ^GSPC               7200.75 USD   (-0.41%)  [yahoo_finance]
[2026-05-05T00:39:51.722+0000] {logging_mixin.py:188} INFO -     ▼  ^DJI               48941.90 USD   (-1.13%)  [yahoo_finance]
[2026-05-05T00:39:53.258+0000] {logging_mixin.py:188} INFO -     ▼  ^IXIC              25067.80 USD   (-0.19%)  [yahoo_finance]
[2026-05-05T00:39:55.002+0000] {logging_mixin.py:188} INFO -     ▼  ^FCHI               7976.12 EUR   (-1.68%)  [yahoo_finance]
[2026-05-05T00:39:56.843+0000] {logging_mixin.py:188} INFO -     ▼  ^GDAXI             23991.27 EUR   (-1.24%)  [yahoo_finance]
[2026-05-05T00:39:58.482+0000] {logging_mixin.py:188} INFO -     ▼  ^FTSE              10363.90 GBP   (-0.14%)  [yahoo_finance]
[2026-05-05T00:39:58.985+0000] {logging_mixin.py:188} INFO - 
🇫🇷  Actions françaises :
[2026-05-05T00:39:59.729+0000] {logging_mixin.py:188} INFO -     ▼  TTE.PA                78.65 EUR   (-0.93%)  [yahoo_finance]
[2026-05-05T00:40:00.898+0000] {logging_mixin.py:188} INFO -     ▼  BN.PA                 65.20 EUR   (-2.01%)  [yahoo_finance]
[2026-05-05T00:40:01.955+0000] {logging_mixin.py:188} INFO -     ▲  AIR.PA               176.18 EUR   (+0.51%)  [yahoo_finance]
[2026-05-05T00:40:03.125+0000] {logging_mixin.py:188} INFO -     ▼  SAN.PA                77.81 EUR   (-2.65%)  [yahoo_finance]
[2026-05-05T00:40:04.352+0000] {logging_mixin.py:188} INFO -     ▼  OR.PA                359.70 EUR   (-1.57%)  [yahoo_finance]
[2026-05-05T00:40:04.872+0000] {logging_mixin.py:188} INFO - 
₿   Cryptos (CoinGecko) :
[2026-05-05T00:40:04.874+0000] {logging_mixin.py:188} INFO - 
  📡 CoinGecko — 8 cryptos en 1 appel...
[2026-05-05T00:40:07.504+0000] {logging_mixin.py:188} INFO -     ▲  BTC-USD            80037.00 USD   (+2.14%)  [coingecko]
[2026-05-05T00:40:07.505+0000] {logging_mixin.py:188} INFO -     ▲  ETH-USD             2353.79 USD   (+1.85%)  [coingecko]
[2026-05-05T00:40:07.506+0000] {logging_mixin.py:188} INFO -     ▲  XRP-USD                1.39 USD   (+0.76%)  [coingecko]
[2026-05-05T00:40:07.507+0000] {logging_mixin.py:188} INFO -     ▲  BNB-USD              624.64 USD   (+1.36%)  [coingecko]
[2026-05-05T00:40:07.508+0000] {logging_mixin.py:188} INFO -     ▲  SOL-USD               84.21 USD   (+0.99%)  [coingecko]
[2026-05-05T00:40:07.509+0000] {logging_mixin.py:188} INFO -     ▲  DOGE-USD               0.11 USD   (+2.24%)  [coingecko]
[2026-05-05T00:40:07.510+0000] {logging_mixin.py:188} INFO -     ▲  ADA-USD                0.25 USD   (+0.81%)  [coingecko]
[2026-05-05T00:40:07.511+0000] {logging_mixin.py:188} INFO -     ▲  DOT-USD                1.23 USD   (+2.04%)  [coingecko]
[2026-05-05T00:40:07.512+0000] {coingecko.py:89} INFO - CoinGecko — 8 cryptos récupérées
[2026-05-05T00:40:10.257+0000] {logging_mixin.py:188} INFO - 
  😱 Fear & Greed : 50/100 — Neutral
[2026-05-05T00:40:10.264+0000] {logging_mixin.py:188} INFO - 
⚡  Cryptos temps réel (Binance) :
[2026-05-05T00:40:10.265+0000] {logging_mixin.py:188} INFO - 
  📡 Binance — 8 cryptos en 1 appel...
[2026-05-05T00:40:13.001+0000] {logging_mixin.py:188} INFO -     ▲  BTC-USD            80057.10 USD   (+2.19%)  [binance]
[2026-05-05T00:40:13.003+0000] {logging_mixin.py:188} INFO -     ▲  ETH-USD             2354.31 USD   (+1.88%)  [binance]
[2026-05-05T00:40:13.004+0000] {logging_mixin.py:188} INFO -     ▲  BNB-USD              624.72 USD   (+1.40%)  [binance]
[2026-05-05T00:40:13.006+0000] {logging_mixin.py:188} INFO -     ▲  ADA-USD                0.25 USD   (+0.77%)  [binance]
[2026-05-05T00:40:13.008+0000] {logging_mixin.py:188} INFO -     ▲  XRP-USD                1.39 USD   (+0.76%)  [binance]
[2026-05-05T00:40:13.009+0000] {logging_mixin.py:188} INFO -     ▲  DOGE-USD               0.11 USD   (+2.33%)  [binance]
[2026-05-05T00:40:13.011+0000] {logging_mixin.py:188} INFO -     ▲  SOL-USD               84.24 USD   (+0.98%)  [binance]
[2026-05-05T00:40:13.012+0000] {logging_mixin.py:188} INFO -     ▲  DOT-USD                1.23 USD   (+2.16%)  [binance]
[2026-05-05T00:40:13.014+0000] {binance.py:92} INFO - Binance — 8 cryptos récupérées
[2026-05-05T00:40:13.023+0000] {logging_mixin.py:188} INFO - 
🏛️   Actions CAC40 (Boursorama) :
[2026-05-05T00:40:19.919+0000] {logging_mixin.py:188} INFO -     ▼  1rPTTE                78.65 EUR   (-0.81%)  [boursorama]
[2026-05-05T00:40:23.218+0000] {logging_mixin.py:188} INFO -     ▼  1rPBN                 65.20 EUR   (-2.31%)  [boursorama]
[2026-05-05T00:40:26.539+0000] {logging_mixin.py:188} INFO -     ▲  1rPAIR               176.18 EUR   (+0.74%)  [boursorama]
[2026-05-05T00:40:29.843+0000] {logging_mixin.py:188} INFO -     ▼  1rPSAN                77.81 EUR   (-2.52%)  [boursorama]
[2026-05-05T00:40:29.858+0000] {logging_mixin.py:188} WARNING - /opt/***/project/scraping/main.py:61 FutureWarning: The behavior of DataFrame concatenation with empty or all-NA entries is deprecated. In a future version, this will no longer exclude empty or all-NA columns when determining the result dtypes. To retain the old behavior, exclude the relevant entries before the concat operation.
[2026-05-05T00:40:29.863+0000] {logging_mixin.py:188} INFO - 
──────────────────────────────────────────────────────────
[2026-05-05T00:40:29.864+0000] {logging_mixin.py:188} INFO -   ✅  Succès  : 38
[2026-05-05T00:40:29.864+0000] {logging_mixin.py:188} INFO -   ❌  Erreurs : 0
[2026-05-05T00:40:29.865+0000] {logging_mixin.py:188} INFO -   😱  Fear & Greed : 50/100 — Neutral
[2026-05-05T00:40:29.885+0000] {logging_mixin.py:188} INFO - 
  💾 CSV    : data/collecte_20260505_004029.csv
[2026-05-05T00:40:29.887+0000] {logging_mixin.py:188} INFO -   💾 JSON   : data/collecte_20260505_004029.json
[2026-05-05T00:40:29.888+0000] {logging_mixin.py:188} INFO -   💾 Latest : data/collecte_latest.csv
[2026-05-05T00:40:29.889+0000] {logging_mixin.py:188} INFO - 
──────────────────────────────────────────────────────────
[2026-05-05T00:40:29.890+0000] {logging_mixin.py:188} INFO -   Aperçu :
[2026-05-05T00:40:29.900+0000] {logging_mixin.py:188} INFO -   ticker           nom         prix  variation_pct categorie        source
    AAPL                 276.830000        -1.1700    action yahoo_finance
    MSFT                 413.620000         0.0900    action yahoo_finance
    NVDA                 198.480000         0.1800    action yahoo_finance
   GOOGL                 383.250000        -0.5400    action yahoo_finance
    AMZN                 272.050000         1.7000    action yahoo_finance
    TSLA                 392.510000         0.3200    action yahoo_finance
    META                 610.410000         0.2600    action yahoo_finance
   ^GSPC                7200.750000        -0.4100    indice yahoo_finance
    ^DJI               48941.898400        -1.1300    indice yahoo_finance
   ^IXIC               25067.800800        -0.1900    indice yahoo_finance
   ^FCHI                7976.120000        -1.6800    indice yahoo_finance
  ^GDAXI               23991.270000        -1.2400    indice yahoo_finance
   ^FTSE               10363.900400        -0.1400    indice yahoo_finance
  TTE.PA                  78.650000        -0.9300 action_fr yahoo_finance
   BN.PA                  65.200000        -2.0100 action_fr yahoo_finance
  AIR.PA                 176.180000         0.5100 action_fr yahoo_finance
  SAN.PA                  77.810000        -2.6500 action_fr yahoo_finance
   OR.PA                 359.700000        -1.5700 action_fr yahoo_finance
 BTC-USD       Bitcoin 80037.000000         2.1410    crypto     coingecko
 ETH-USD      Ethereum  2353.790000         1.8510    crypto     coingecko
 XRP-USD           XRP     1.390000         0.7608    crypto     coingecko
 BNB-USD           BNB   624.640000         1.3566    crypto     coingecko
 SOL-USD        Solana    84.210000         0.9877    crypto     coingecko
DOGE-USD      Dogecoin     0.110469         2.2447    crypto     coingecko
 ADA-USD       Cardano     0.250074         0.8054    crypto     coingecko
 DOT-USD      Polkadot     1.230000         2.0408    crypto     coingecko
 BTC-USD               80057.100000         2.1940    crypto       binance
 ETH-USD                2354.310000         1.8820    crypto       binance
 BNB-USD                 624.720000         1.3960    crypto       binance
 ADA-USD                   0.250000         0.7660    crypto       binance
 XRP-USD                   1.394000         0.7590    crypto       binance
DOGE-USD                   0.110500         2.3340    crypto       binance
 SOL-USD                  84.240000         0.9830    crypto       binance
 DOT-USD                   1.229000         2.1610    crypto       binance
  1rPTTE TOTALENERGIES    78.650000        -0.8100 action_fr    boursorama
   1rPBN        DANONE    65.200000        -2.3100 action_fr    boursorama
  1rPAIR        AIRBUS   176.180000         0.7400 action_fr    boursorama
  1rPSAN        SANOFI    77.810000        -2.5200 action_fr    boursorama
[2026-05-05T00:40:29.901+0000] {logging_mixin.py:188} INFO - Scraping terminé : 38 actifs collectés
[2026-05-05T00:40:29.902+0000] {python.py:237} INFO - Done. Returned value was: None
[2026-05-05T00:40:29.903+0000] {taskinstance.py:441} INFO - ::group::Post task execution logs
[2026-05-05T00:40:29.925+0000] {taskinstance.py:1205} INFO - Marking task as SUCCESS. dag_id=finance_pipeline, task_id=scraping, execution_date=20260505T003933, start_date=20260505T003937, end_date=20260505T004029
[2026-05-05T00:40:29.997+0000] {local_task_job_runner.py:240} INFO - Task exited with return code 0
[2026-05-05T00:40:30.064+0000] {taskinstance.py:3482} INFO - 1 downstream tasks scheduled from follow-on schedule check
[2026-05-05T00:40:30.069+0000] {local_task_job_runner.py:222} INFO - ::endgroup::
