[2026-05-05T00:37:41.470+0000] {local_task_job_runner.py:120} INFO - ::group::Pre task execution logs
[2026-05-05T00:37:41.640+0000] {taskinstance.py:2073} INFO - Dependencies all met for dep_context=non-requeueable deps ti=<TaskInstance: finance_pipeline.batch_ingestion scheduled__2026-05-04T23:00:00+00:00 [queued]>
[2026-05-05T00:37:41.662+0000] {taskinstance.py:2073} INFO - Dependencies all met for dep_context=requeueable deps ti=<TaskInstance: finance_pipeline.batch_ingestion scheduled__2026-05-04T23:00:00+00:00 [queued]>
[2026-05-05T00:37:41.664+0000] {taskinstance.py:2303} INFO - Starting attempt 1 of 4
[2026-05-05T00:37:41.693+0000] {taskinstance.py:2327} INFO - Executing <Task(PythonOperator): batch_ingestion> on 2026-05-04 23:00:00+00:00
[2026-05-05T00:37:41.707+0000] {standard_task_runner.py:90} INFO - Running: ['***', 'tasks', 'run', 'finance_pipeline', 'batch_ingestion', 'scheduled__2026-05-04T23:00:00+00:00', '--job-id', '5', '--raw', '--subdir', 'DAGS_FOLDER/finance_pipeline.py', '--cfg-path', '/tmp/tmpcqe44dx3']
[2026-05-05T00:37:41.713+0000] {standard_task_runner.py:91} INFO - Job 5: Subtask batch_ingestion
[2026-05-05T00:37:41.715+0000] {logging_mixin.py:188} WARNING - /home/***/.local/lib/python3.12/site-packages/***/task/task_runner/standard_task_runner.py:61 DeprecationWarning: This process (pid=312) is multi-threaded, use of fork() may lead to deadlocks in the child.
[2026-05-05T00:37:41.717+0000] {standard_task_runner.py:63} INFO - Started process 313 to run task
[2026-05-05T00:37:41.874+0000] {task_command.py:426} INFO - Running <TaskInstance: finance_pipeline.batch_ingestion scheduled__2026-05-04T23:00:00+00:00 [running]> on host 43328e106f93
[2026-05-05T00:37:42.134+0000] {taskinstance.py:2644} INFO - Exporting env vars: AIRFLOW_CTX_DAG_OWNER='finance' AIRFLOW_CTX_DAG_ID='finance_pipeline' AIRFLOW_CTX_TASK_ID='batch_ingestion' AIRFLOW_CTX_EXECUTION_DATE='2026-05-04T23:00:00+00:00' AIRFLOW_CTX_TRY_NUMBER='1' AIRFLOW_CTX_DAG_RUN_ID='scheduled__2026-05-04T23:00:00+00:00'
[2026-05-05T00:37:42.137+0000] {taskinstance.py:430} INFO - ::endgroup::
[2026-05-05T00:37:44.829+0000] {batch_ingestion.py:79} INFO - ==================================================
[2026-05-05T00:37:44.831+0000] {batch_ingestion.py:80} INFO - Batch run - 2026-05-05 00:37:44
[2026-05-05T00:37:44.832+0000] {batch_ingestion.py:81} INFO - ==================================================
[2026-05-05T00:37:44.834+0000] {logging_mixin.py:188} INFO - 
══════════════════════════════════════════════════════════
[2026-05-05T00:37:44.835+0000] {logging_mixin.py:188} INFO -    Finance BigData — Collecte complète (4 sources)
[2026-05-05T00:37:44.836+0000] {logging_mixin.py:188} INFO -    2026-05-05 00:37:44
[2026-05-05T00:37:44.837+0000] {logging_mixin.py:188} INFO - ══════════════════════════════════════════════════════════
[2026-05-05T00:37:44.838+0000] {logging_mixin.py:188} INFO - 
📈  Actions US :
[2026-05-05T00:37:46.401+0000] {logging_mixin.py:188} INFO -     ▼  AAPL                 276.83 USD   (-1.17%)  [yahoo_finance]
[2026-05-05T00:37:47.504+0000] {logging_mixin.py:188} INFO -     ▲  MSFT                 413.62 USD   (+0.09%)  [yahoo_finance]
[2026-05-05T00:37:48.565+0000] {logging_mixin.py:188} INFO -     ▲  NVDA                 198.48 USD   (+0.18%)  [yahoo_finance]
[2026-05-05T00:37:49.617+0000] {logging_mixin.py:188} INFO -     ▼  GOOGL                383.25 USD   (-0.54%)  [yahoo_finance]
[2026-05-05T00:37:50.758+0000] {logging_mixin.py:188} INFO -     ▲  AMZN                 272.05 USD   (+1.70%)  [yahoo_finance]
[2026-05-05T00:37:51.797+0000] {logging_mixin.py:188} INFO -     ▲  TSLA                 392.51 USD   (+0.32%)  [yahoo_finance]
[2026-05-05T00:37:52.893+0000] {logging_mixin.py:188} INFO -     ▲  META                 610.41 USD   (+0.26%)  [yahoo_finance]
[2026-05-05T00:37:53.396+0000] {logging_mixin.py:188} INFO - 
📊  Indices :
[2026-05-05T00:37:54.346+0000] {logging_mixin.py:188} INFO -     ▼  ^GSPC               7200.75 USD   (-0.41%)  [yahoo_finance]
[2026-05-05T00:37:55.990+0000] {logging_mixin.py:188} INFO -     ▼  ^DJI               48941.90 USD   (-1.13%)  [yahoo_finance]
[2026-05-05T00:37:57.646+0000] {logging_mixin.py:188} INFO -     ▼  ^IXIC              25067.80 USD   (-0.19%)  [yahoo_finance]
[2026-05-05T00:37:59.341+0000] {logging_mixin.py:188} INFO -     ▼  ^FCHI               7976.12 EUR   (-1.68%)  [yahoo_finance]
[2026-05-05T00:38:00.926+0000] {logging_mixin.py:188} INFO -     ▼  ^GDAXI             23991.27 EUR   (-1.24%)  [yahoo_finance]
[2026-05-05T00:38:02.518+0000] {logging_mixin.py:188} INFO -     ▼  ^FTSE              10363.90 GBP   (-0.14%)  [yahoo_finance]
[2026-05-05T00:38:03.020+0000] {logging_mixin.py:188} INFO - 
🇫🇷  Actions françaises :
[2026-05-05T00:38:03.615+0000] {logging_mixin.py:188} INFO -     ▼  TTE.PA                78.65 EUR   (-0.93%)  [yahoo_finance]
[2026-05-05T00:38:04.715+0000] {logging_mixin.py:188} INFO -     ▼  BN.PA                 65.20 EUR   (-2.01%)  [yahoo_finance]
[2026-05-05T00:38:06.278+0000] {logging_mixin.py:188} INFO -     ▲  AIR.PA               176.18 EUR   (+0.51%)  [yahoo_finance]
[2026-05-05T00:38:07.343+0000] {logging_mixin.py:188} INFO -     ▼  SAN.PA                77.81 EUR   (-2.65%)  [yahoo_finance]
[2026-05-05T00:38:08.423+0000] {logging_mixin.py:188} INFO -     ▼  OR.PA                359.70 EUR   (-1.57%)  [yahoo_finance]
[2026-05-05T00:38:08.927+0000] {logging_mixin.py:188} INFO - 
₿   Cryptos (CoinGecko) :
[2026-05-05T00:38:08.928+0000] {logging_mixin.py:188} INFO - 
  📡 CoinGecko — 8 cryptos en 1 appel...
[2026-05-05T00:38:11.155+0000] {logging_mixin.py:188} INFO -     ▲  BTC-USD            80063.00 USD   (+2.20%)  [coingecko]
[2026-05-05T00:38:11.157+0000] {logging_mixin.py:188} INFO -     ▲  ETH-USD             2353.72 USD   (+1.86%)  [coingecko]
[2026-05-05T00:38:11.158+0000] {logging_mixin.py:188} INFO -     ▲  XRP-USD                1.39 USD   (+0.68%)  [coingecko]
[2026-05-05T00:38:11.159+0000] {logging_mixin.py:188} INFO -     ▲  BNB-USD              624.25 USD   (+1.33%)  [coingecko]
[2026-05-05T00:38:11.161+0000] {logging_mixin.py:188} INFO -     ▲  SOL-USD               84.17 USD   (+0.94%)  [coingecko]
[2026-05-05T00:38:11.162+0000] {logging_mixin.py:188} INFO -     ▲  DOGE-USD               0.11 USD   (+2.27%)  [coingecko]
[2026-05-05T00:38:11.163+0000] {logging_mixin.py:188} INFO -     ▲  ADA-USD                0.25 USD   (+0.82%)  [coingecko]
[2026-05-05T00:38:11.165+0000] {logging_mixin.py:188} INFO -     ▲  DOT-USD                1.23 USD   (+2.04%)  [coingecko]
[2026-05-05T00:38:11.166+0000] {coingecko.py:89} INFO - CoinGecko — 8 cryptos récupérées
[2026-05-05T00:38:12.869+0000] {logging_mixin.py:188} INFO - 
  😱 Fear & Greed : 50/100 — Neutral
[2026-05-05T00:38:12.881+0000] {logging_mixin.py:188} INFO - 
⚡  Cryptos temps réel (Binance) :
[2026-05-05T00:38:12.884+0000] {logging_mixin.py:188} INFO - 
  📡 Binance — 8 cryptos en 1 appel...
[2026-05-05T00:38:15.200+0000] {logging_mixin.py:188} INFO -     ▲  BTC-USD            80062.46 USD   (+2.20%)  [binance]
[2026-05-05T00:38:15.201+0000] {logging_mixin.py:188} INFO -     ▲  ETH-USD             2354.72 USD   (+1.91%)  [binance]
[2026-05-05T00:38:15.202+0000] {logging_mixin.py:188} INFO -     ▲  BNB-USD              624.79 USD   (+1.42%)  [binance]
[2026-05-05T00:38:15.203+0000] {logging_mixin.py:188} INFO -     ▲  ADA-USD                0.25 USD   (+0.85%)  [binance]
[2026-05-05T00:38:15.204+0000] {logging_mixin.py:188} INFO -     ▲  XRP-USD                1.39 USD   (+0.77%)  [binance]
[2026-05-05T00:38:15.205+0000] {logging_mixin.py:188} INFO -     ▲  DOGE-USD               0.11 USD   (+2.40%)  [binance]
[2026-05-05T00:38:15.206+0000] {logging_mixin.py:188} INFO -     ▲  SOL-USD               84.24 USD   (+1.01%)  [binance]
[2026-05-05T00:38:15.207+0000] {logging_mixin.py:188} INFO -     ▲  DOT-USD                1.23 USD   (+2.08%)  [binance]
[2026-05-05T00:38:15.209+0000] {binance.py:92} INFO - Binance — 8 cryptos récupérées
[2026-05-05T00:38:15.219+0000] {logging_mixin.py:188} INFO - 
🏛️   Actions CAC40 (Boursorama) :
[2026-05-05T00:38:18.513+0000] {logging_mixin.py:188} INFO -     ▼  1rPTTE                78.65 EUR   (-0.81%)  [boursorama]
[2026-05-05T00:38:21.901+0000] {logging_mixin.py:188} INFO -     ▼  1rPBN                 65.20 EUR   (-2.31%)  [boursorama]
[2026-05-05T00:38:25.162+0000] {logging_mixin.py:188} INFO -     ▲  1rPAIR               176.18 EUR   (+0.74%)  [boursorama]
[2026-05-05T00:38:28.440+0000] {logging_mixin.py:188} INFO -     ▼  1rPSAN                77.81 EUR   (-2.52%)  [boursorama]
[2026-05-05T00:38:28.459+0000] {logging_mixin.py:188} WARNING - /opt/***/project/scraping/main.py:61 FutureWarning: The behavior of DataFrame concatenation with empty or all-NA entries is deprecated. In a future version, this will no longer exclude empty or all-NA columns when determining the result dtypes. To retain the old behavior, exclude the relevant entries before the concat operation.
[2026-05-05T00:38:28.466+0000] {logging_mixin.py:188} INFO - 
──────────────────────────────────────────────────────────
[2026-05-05T00:38:28.468+0000] {logging_mixin.py:188} INFO -   ✅  Succès  : 38
[2026-05-05T00:38:28.469+0000] {logging_mixin.py:188} INFO -   ❌  Erreurs : 0
[2026-05-05T00:38:28.470+0000] {logging_mixin.py:188} INFO -   😱  Fear & Greed : 50/100 — Neutral
[2026-05-05T00:38:28.507+0000] {logging_mixin.py:188} INFO - 
  💾 CSV    : data/collecte_20260505_003828.csv
[2026-05-05T00:38:28.509+0000] {logging_mixin.py:188} INFO -   💾 JSON   : data/collecte_20260505_003828.json
[2026-05-05T00:38:28.510+0000] {logging_mixin.py:188} INFO -   💾 Latest : data/collecte_latest.csv
[2026-05-05T00:38:28.512+0000] {logging_mixin.py:188} INFO - 
──────────────────────────────────────────────────────────
[2026-05-05T00:38:28.513+0000] {logging_mixin.py:188} INFO -   Aperçu :
[2026-05-05T00:38:28.526+0000] {logging_mixin.py:188} INFO -   ticker           nom         prix  variation_pct categorie        source
    AAPL                 276.830000        -1.1700    action yahoo_finance
    MSFT                 413.620000         0.0900    action yahoo_finance
    NVDA                 198.480000         0.1800    action yahoo_finance
   GOOGL                 383.250000        -0.5400    action yahoo_finance
    AMZN                 272.050000         1.7000    action yahoo_finance
    TSLA                 392.510000         0.3200    action yahoo_finance
    META                 610.410000         0.2600    action yahoo_finance
   ^GSPC                7200.750000        -0.4100    indice yahoo_finance
    ^DJI               48941.898400        -1.1300    indice yahoo_finance
   ^IXIC               25067.800800        -0.1900    indice yahoo_finance
   ^FCHI                7976.120000        -1.6800    indice yahoo_finance
  ^GDAXI               23991.270000        -1.2400    indice yahoo_finance
   ^FTSE               10363.900400        -0.1400    indice yahoo_finance
  TTE.PA                  78.650000        -0.9300 action_fr yahoo_finance
   BN.PA                  65.200000        -2.0100 action_fr yahoo_finance
  AIR.PA                 176.180000         0.5100 action_fr yahoo_finance
  SAN.PA                  77.810000        -2.6500 action_fr yahoo_finance
   OR.PA                 359.700000        -1.5700 action_fr yahoo_finance
 BTC-USD       Bitcoin 80063.000000         2.2034    crypto     coingecko
 ETH-USD      Ethereum  2353.720000         1.8600    crypto     coingecko
 XRP-USD           XRP     1.390000         0.6846    crypto     coingecko
 BNB-USD           BNB   624.250000         1.3328    crypto     coingecko
 SOL-USD        Solana    84.170000         0.9439    crypto     coingecko
DOGE-USD      Dogecoin     0.110499         2.2725    crypto     coingecko
 ADA-USD       Cardano     0.250106         0.8181    crypto     coingecko
 DOT-USD      Polkadot     1.230000         2.0448    crypto     coingecko
 BTC-USD               80062.460000         2.1980    crypto       binance
 ETH-USD                2354.720000         1.9070    crypto       binance
 BNB-USD                 624.790000         1.4190    crypto       binance
 ADA-USD                   0.250200         0.8460    crypto       binance
 XRP-USD                   1.394300         0.7730    crypto       binance
DOGE-USD                   0.110600         2.3990    crypto       binance
 SOL-USD                  84.240000         1.0070    crypto       binance
 DOT-USD                   1.228000         2.0780    crypto       binance
  1rPTTE TOTALENERGIES    78.650000        -0.8100 action_fr    boursorama
   1rPBN        DANONE    65.200000        -2.3100 action_fr    boursorama
  1rPAIR        AIRBUS   176.180000         0.7400 action_fr    boursorama
  1rPSAN        SANOFI    77.810000        -2.5200 action_fr    boursorama
[2026-05-05T00:38:28.694+0000] {batch_ingestion.py:92} ERROR - Echec du batch : [Errno 1] Operation not permitted
Traceback (most recent call last):
  File "/opt/airflow/project/ingestion/batch_ingestion.py", line 85, in batch_job
    reorganiser_fichiers()
  File "/opt/airflow/project/ingestion/batch_ingestion.py", line 66, in reorganiser_fichiers
    shutil.copy2(chemin, os.path.join(LOGS_DIR, fichier))
  File "/usr/local/lib/python3.12/shutil.py", line 476, in copy2
    copystat(src, dst, follow_symlinks=follow_symlinks)
  File "/usr/local/lib/python3.12/shutil.py", line 384, in copystat
    lookup("utime")(dst, ns=(st.st_atime_ns, st.st_mtime_ns),
PermissionError: [Errno 1] Operation not permitted
[2026-05-05T00:38:28.710+0000] {logging_mixin.py:188} INFO - Batch ingestion terminé
[2026-05-05T00:38:28.711+0000] {python.py:237} INFO - Done. Returned value was: None
[2026-05-05T00:38:28.712+0000] {taskinstance.py:441} INFO - ::group::Post task execution logs
[2026-05-05T00:38:28.736+0000] {taskinstance.py:1205} INFO - Marking task as SUCCESS. dag_id=finance_pipeline, task_id=batch_ingestion, execution_date=20260504T230000, start_date=20260505T003741, end_date=20260505T003828
[2026-05-05T00:38:28.818+0000] {local_task_job_runner.py:240} INFO - Task exited with return code 0
[2026-05-05T00:38:28.882+0000] {taskinstance.py:3482} INFO - 1 downstream tasks scheduled from follow-on schedule check
[2026-05-05T00:38:28.892+0000] {local_task_job_runner.py:222} INFO - ::endgroup::
