[2026-05-05T00:40:31.553+0000] {local_task_job_runner.py:120} INFO - ::group::Pre task execution logs
[2026-05-05T00:40:31.730+0000] {taskinstance.py:2073} INFO - Dependencies all met for dep_context=non-requeueable deps ti=<TaskInstance: finance_pipeline.batch_ingestion manual__2026-05-05T00:39:33.824639+00:00 [queued]>
[2026-05-05T00:40:31.752+0000] {taskinstance.py:2073} INFO - Dependencies all met for dep_context=requeueable deps ti=<TaskInstance: finance_pipeline.batch_ingestion manual__2026-05-05T00:39:33.824639+00:00 [queued]>
[2026-05-05T00:40:31.754+0000] {taskinstance.py:2303} INFO - Starting attempt 1 of 4
[2026-05-05T00:40:31.784+0000] {taskinstance.py:2327} INFO - Executing <Task(PythonOperator): batch_ingestion> on 2026-05-05 00:39:33.824639+00:00
[2026-05-05T00:40:31.798+0000] {standard_task_runner.py:90} INFO - Running: ['***', 'tasks', 'run', 'finance_pipeline', 'batch_ingestion', 'manual__2026-05-05T00:39:33.824639+00:00', '--job-id', '10', '--raw', '--subdir', 'DAGS_FOLDER/finance_pipeline.py', '--cfg-path', '/tmp/tmp9fnmmunr']
[2026-05-05T00:40:31.804+0000] {standard_task_runner.py:91} INFO - Job 10: Subtask batch_ingestion
[2026-05-05T00:40:31.804+0000] {logging_mixin.py:188} WARNING - /home/***/.local/lib/python3.12/site-packages/***/task/task_runner/standard_task_runner.py:61 DeprecationWarning: This process (pid=357) is multi-threaded, use of fork() may lead to deadlocks in the child.
[2026-05-05T00:40:31.805+0000] {standard_task_runner.py:63} INFO - Started process 358 to run task
[2026-05-05T00:40:31.953+0000] {task_command.py:426} INFO - Running <TaskInstance: finance_pipeline.batch_ingestion manual__2026-05-05T00:39:33.824639+00:00 [running]> on host 43328e106f93
[2026-05-05T00:40:32.211+0000] {taskinstance.py:2644} INFO - Exporting env vars: AIRFLOW_CTX_DAG_OWNER='finance' AIRFLOW_CTX_DAG_ID='finance_pipeline' AIRFLOW_CTX_TASK_ID='batch_ingestion' AIRFLOW_CTX_EXECUTION_DATE='2026-05-05T00:39:33.824639+00:00' AIRFLOW_CTX_TRY_NUMBER='1' AIRFLOW_CTX_DAG_RUN_ID='manual__2026-05-05T00:39:33.824639+00:00'
[2026-05-05T00:40:32.213+0000] {taskinstance.py:430} INFO - ::endgroup::
[2026-05-05T00:40:34.673+0000] {batch_ingestion.py:79} INFO - ==================================================
[2026-05-05T00:40:34.675+0000] {batch_ingestion.py:80} INFO - Batch run - 2026-05-05 00:40:34
[2026-05-05T00:40:34.676+0000] {batch_ingestion.py:81} INFO - ==================================================
[2026-05-05T00:40:34.677+0000] {logging_mixin.py:188} INFO - 
══════════════════════════════════════════════════════════
[2026-05-05T00:40:34.679+0000] {logging_mixin.py:188} INFO -    Finance BigData — Collecte complète (4 sources)
[2026-05-05T00:40:34.680+0000] {logging_mixin.py:188} INFO -    2026-05-05 00:40:34
[2026-05-05T00:40:34.681+0000] {logging_mixin.py:188} INFO - ══════════════════════════════════════════════════════════
[2026-05-05T00:40:34.683+0000] {logging_mixin.py:188} INFO - 
📈  Actions US :
[2026-05-05T00:40:35.871+0000] {logging_mixin.py:188} INFO -     ▼  AAPL                 276.83 USD   (-1.17%)  [yahoo_finance]
[2026-05-05T00:40:37.058+0000] {logging_mixin.py:188} INFO -     ▲  MSFT                 413.62 USD   (+0.09%)  [yahoo_finance]
[2026-05-05T00:40:38.077+0000] {logging_mixin.py:188} INFO -     ▲  NVDA                 198.48 USD   (+0.18%)  [yahoo_finance]
[2026-05-05T00:40:39.120+0000] {logging_mixin.py:188} INFO -     ▼  GOOGL                383.25 USD   (-0.54%)  [yahoo_finance]
[2026-05-05T00:40:40.141+0000] {logging_mixin.py:188} INFO -     ▲  AMZN                 272.05 USD   (+1.70%)  [yahoo_finance]
[2026-05-05T00:40:41.162+0000] {logging_mixin.py:188} INFO -     ▲  TSLA                 392.51 USD   (+0.32%)  [yahoo_finance]
[2026-05-05T00:40:42.224+0000] {logging_mixin.py:188} INFO -     ▲  META                 610.41 USD   (+0.26%)  [yahoo_finance]
[2026-05-05T00:40:42.726+0000] {logging_mixin.py:188} INFO - 
📊  Indices :
[2026-05-05T00:40:43.718+0000] {logging_mixin.py:188} INFO -     ▼  ^GSPC               7200.75 USD   (-0.41%)  [yahoo_finance]
[2026-05-05T00:40:45.289+0000] {logging_mixin.py:188} INFO -     ▼  ^DJI               48941.90 USD   (-1.13%)  [yahoo_finance]
[2026-05-05T00:40:47.041+0000] {logging_mixin.py:188} INFO -     ▼  ^IXIC              25067.80 USD   (-0.19%)  [yahoo_finance]
[2026-05-05T00:40:48.653+0000] {logging_mixin.py:188} INFO -     ▼  ^FCHI               7976.12 EUR   (-1.68%)  [yahoo_finance]
[2026-05-05T00:40:50.185+0000] {logging_mixin.py:188} INFO -     ▼  ^GDAXI             23991.27 EUR   (-1.24%)  [yahoo_finance]
[2026-05-05T00:40:51.759+0000] {logging_mixin.py:188} INFO -     ▼  ^FTSE              10363.90 GBP   (-0.14%)  [yahoo_finance]
[2026-05-05T00:40:52.263+0000] {logging_mixin.py:188} INFO - 
🇫🇷  Actions françaises :
[2026-05-05T00:40:52.878+0000] {logging_mixin.py:188} INFO -     ▼  TTE.PA                78.65 EUR   (-0.93%)  [yahoo_finance]
[2026-05-05T00:40:53.976+0000] {logging_mixin.py:188} INFO -     ▼  BN.PA                 65.20 EUR   (-2.01%)  [yahoo_finance]
[2026-05-05T00:40:55.054+0000] {logging_mixin.py:188} INFO -     ▲  AIR.PA               176.18 EUR   (+0.51%)  [yahoo_finance]
[2026-05-05T00:40:56.386+0000] {logging_mixin.py:188} INFO -     ▼  SAN.PA                77.81 EUR   (-2.65%)  [yahoo_finance]
[2026-05-05T00:40:57.493+0000] {logging_mixin.py:188} INFO -     ▼  OR.PA                359.70 EUR   (-1.57%)  [yahoo_finance]
[2026-05-05T00:40:57.998+0000] {logging_mixin.py:188} INFO - 
₿   Cryptos (CoinGecko) :
[2026-05-05T00:40:57.999+0000] {logging_mixin.py:188} INFO - 
  📡 CoinGecko — 8 cryptos en 1 appel...
[2026-05-05T00:41:00.289+0000] {logging_mixin.py:188} INFO -     ▲  BTC-USD            80037.00 USD   (+2.14%)  [coingecko]
[2026-05-05T00:41:00.291+0000] {logging_mixin.py:188} INFO -     ▲  ETH-USD             2353.79 USD   (+1.85%)  [coingecko]
[2026-05-05T00:41:00.292+0000] {logging_mixin.py:188} INFO -     ▲  XRP-USD                1.39 USD   (+0.76%)  [coingecko]
[2026-05-05T00:41:00.294+0000] {logging_mixin.py:188} INFO -     ▲  BNB-USD              624.64 USD   (+1.36%)  [coingecko]
[2026-05-05T00:41:00.296+0000] {logging_mixin.py:188} INFO -     ▲  SOL-USD               84.21 USD   (+0.99%)  [coingecko]
[2026-05-05T00:41:00.298+0000] {logging_mixin.py:188} INFO -     ▲  DOGE-USD               0.11 USD   (+2.24%)  [coingecko]
[2026-05-05T00:41:00.300+0000] {logging_mixin.py:188} INFO -     ▲  ADA-USD                0.25 USD   (+0.81%)  [coingecko]
[2026-05-05T00:41:00.301+0000] {logging_mixin.py:188} INFO -     ▲  DOT-USD                1.23 USD   (+2.04%)  [coingecko]
[2026-05-05T00:41:00.303+0000] {coingecko.py:89} INFO - CoinGecko — 8 cryptos récupérées
[2026-05-05T00:41:01.970+0000] {logging_mixin.py:188} INFO - 
  😱 Fear & Greed : 50/100 — Neutral
[2026-05-05T00:41:01.978+0000] {logging_mixin.py:188} INFO - 
⚡  Cryptos temps réel (Binance) :
[2026-05-05T00:41:01.980+0000] {logging_mixin.py:188} INFO - 
  📡 Binance — 8 cryptos en 1 appel...
[2026-05-05T00:41:03.797+0000] {logging_mixin.py:188} INFO -     ▲  BTC-USD            80035.83 USD   (+2.13%)  [binance]
[2026-05-05T00:41:03.799+0000] {logging_mixin.py:188} INFO -     ▲  ETH-USD             2353.23 USD   (+1.81%)  [binance]
[2026-05-05T00:41:03.800+0000] {logging_mixin.py:188} INFO -     ▲  BNB-USD              624.62 USD   (+1.35%)  [binance]
[2026-05-05T00:41:03.802+0000] {logging_mixin.py:188} INFO -     ▲  ADA-USD                0.25 USD   (+0.72%)  [binance]
[2026-05-05T00:41:03.803+0000] {logging_mixin.py:188} INFO -     ▲  XRP-USD                1.39 USD   (+0.72%)  [binance]
[2026-05-05T00:41:03.805+0000] {logging_mixin.py:188} INFO -     ▲  DOGE-USD               0.11 USD   (+2.28%)  [binance]
[2026-05-05T00:41:03.806+0000] {logging_mixin.py:188} INFO -     ▲  SOL-USD               84.21 USD   (+0.95%)  [binance]
[2026-05-05T00:41:03.807+0000] {logging_mixin.py:188} INFO -     ▲  DOT-USD                1.23 USD   (+1.99%)  [binance]
[2026-05-05T00:41:03.810+0000] {binance.py:92} INFO - Binance — 8 cryptos récupérées
[2026-05-05T00:41:03.821+0000] {logging_mixin.py:188} INFO - 
🏛️   Actions CAC40 (Boursorama) :
[2026-05-05T00:41:09.579+0000] {logging_mixin.py:188} INFO -     ▼  1rPTTE                78.65 EUR   (-0.81%)  [boursorama]
[2026-05-05T00:41:12.863+0000] {logging_mixin.py:188} INFO -     ▼  1rPBN                 65.20 EUR   (-2.31%)  [boursorama]
[2026-05-05T00:41:16.331+0000] {logging_mixin.py:188} INFO -     ▲  1rPAIR               176.18 EUR   (+0.74%)  [boursorama]
[2026-05-05T00:41:20.760+0000] {logging_mixin.py:188} INFO -     ▼  1rPSAN                77.81 EUR   (-2.52%)  [boursorama]
[2026-05-05T00:41:20.790+0000] {logging_mixin.py:188} WARNING - /opt/***/project/scraping/main.py:61 FutureWarning: The behavior of DataFrame concatenation with empty or all-NA entries is deprecated. In a future version, this will no longer exclude empty or all-NA columns when determining the result dtypes. To retain the old behavior, exclude the relevant entries before the concat operation.
[2026-05-05T00:41:20.802+0000] {logging_mixin.py:188} INFO - 
──────────────────────────────────────────────────────────
[2026-05-05T00:41:20.804+0000] {logging_mixin.py:188} INFO -   ✅  Succès  : 38
[2026-05-05T00:41:20.806+0000] {logging_mixin.py:188} INFO -   ❌  Erreurs : 0
[2026-05-05T00:41:20.808+0000] {logging_mixin.py:188} INFO -   😱  Fear & Greed : 50/100 — Neutral
[2026-05-05T00:41:20.851+0000] {logging_mixin.py:188} INFO - 
  💾 CSV    : data/collecte_20260505_004120.csv
[2026-05-05T00:41:20.853+0000] {logging_mixin.py:188} INFO -   💾 JSON   : data/collecte_20260505_004120.json
[2026-05-05T00:41:20.854+0000] {logging_mixin.py:188} INFO -   💾 Latest : data/collecte_latest.csv
[2026-05-05T00:41:20.856+0000] {logging_mixin.py:188} INFO - 
──────────────────────────────────────────────────────────
[2026-05-05T00:41:20.857+0000] {logging_mixin.py:188} INFO -   Aperçu :
[2026-05-05T00:41:20.873+0000] {logging_mixin.py:188} INFO -   ticker           nom         prix  variation_pct categorie        source
    AAPL                 276.830000        -1.1700    action yahoo_finance
    MSFT                 413.620000         0.0900    action yahoo_finance
    NVDA                 198.480000         0.1800    action yahoo_finance
   GOOGL                 383.250000        -0.5400    action yahoo_finance
    AMZN                 272.050000         1.7000    action yahoo_finance
    TSLA                 392.510000         0.3200    action yahoo_finance
    META                 610.410000         0.2600    action yahoo_finance
   ^GSPC                7200.750000        -0.4100    indice yahoo_finance
    ^DJI               48941.898400        -1.1300    indice yahoo_finance
   ^IXIC               25067.800800        -0.1900    indice yahoo_finance
   ^FCHI                7976.120000        -1.6800    indice yahoo_finance
  ^GDAXI               23991.270000        -1.2400    indice yahoo_finance
   ^FTSE               10363.900400        -0.1400    indice yahoo_finance
  TTE.PA                  78.650000        -0.9300 action_fr yahoo_finance
   BN.PA                  65.200000        -2.0100 action_fr yahoo_finance
  AIR.PA                 176.180000         0.5100 action_fr yahoo_finance
  SAN.PA                  77.810000        -2.6500 action_fr yahoo_finance
   OR.PA                 359.700000        -1.5700 action_fr yahoo_finance
 BTC-USD       Bitcoin 80037.000000         2.1410    crypto     coingecko
 ETH-USD      Ethereum  2353.790000         1.8510    crypto     coingecko
 XRP-USD           XRP     1.390000         0.7608    crypto     coingecko
 BNB-USD           BNB   624.640000         1.3566    crypto     coingecko
 SOL-USD        Solana    84.210000         0.9877    crypto     coingecko
DOGE-USD      Dogecoin     0.110469         2.2447    crypto     coingecko
 ADA-USD       Cardano     0.250074         0.8054    crypto     coingecko
 DOT-USD      Polkadot     1.230000         2.0408    crypto     coingecko
 BTC-USD               80035.830000         2.1310    crypto       binance
 ETH-USD                2353.230000         1.8120    crypto       binance
 BNB-USD                 624.620000         1.3530    crypto       binance
 ADA-USD                   0.250000         0.7250    crypto       binance
 XRP-USD                   1.393700         0.7230    crypto       binance
DOGE-USD                   0.110500         2.2780    crypto       binance
 SOL-USD                  84.210000         0.9470    crypto       binance
 DOT-USD                   1.228000         1.9930    crypto       binance
  1rPTTE TOTALENERGIES    78.650000        -0.8100 action_fr    boursorama
   1rPBN        DANONE    65.200000        -2.3100 action_fr    boursorama
  1rPAIR        AIRBUS   176.180000         0.7400 action_fr    boursorama
  1rPSAN        SANOFI    77.810000        -2.5200 action_fr    boursorama
[2026-05-05T00:41:21.000+0000] {batch_ingestion.py:92} ERROR - Echec du batch : [Errno 1] Operation not permitted
Traceback (most recent call last):
  File "/opt/airflow/project/ingestion/batch_ingestion.py", line 85, in batch_job
    reorganiser_fichiers()
  File "/opt/airflow/project/ingestion/batch_ingestion.py", line 66, in reorganiser_fichiers
    shutil.copy2(chemin, os.path.join(LOGS_DIR, fichier))
  File "/usr/local/lib/python3.12/shutil.py", line 476, in copy2
    copystat(src, dst, follow_symlinks=follow_symlinks)
  File "/usr/local/lib/python3.12/shutil.py", line 384, in copystat
    lookup("utime")(dst, ns=(st.st_atime_ns, st.st_mtime_ns),
PermissionError: [Errno 1] Operation not permitted
[2026-05-05T00:41:21.041+0000] {logging_mixin.py:188} INFO - Batch ingestion terminé
[2026-05-05T00:41:21.044+0000] {python.py:237} INFO - Done. Returned value was: None
[2026-05-05T00:41:21.046+0000] {taskinstance.py:441} INFO - ::group::Post task execution logs
[2026-05-05T00:41:21.111+0000] {taskinstance.py:1205} INFO - Marking task as SUCCESS. dag_id=finance_pipeline, task_id=batch_ingestion, execution_date=20260505T003933, start_date=20260505T004031, end_date=20260505T004121
[2026-05-05T00:41:21.273+0000] {local_task_job_runner.py:240} INFO - Task exited with return code 0
[2026-05-05T00:41:21.409+0000] {taskinstance.py:3482} INFO - 1 downstream tasks scheduled from follow-on schedule check
[2026-05-05T00:41:21.413+0000] {local_task_job_runner.py:222} INFO - ::endgroup::
