[2026-05-05T00:16:09.323+0000] {manager.py:470} INFO - Processing files using up to 2 processes at a time 
[2026-05-05T00:16:09.325+0000] {manager.py:471} INFO - Process each file at most once every 30 seconds
[2026-05-05T00:16:09.328+0000] {manager.py:472} INFO - Checking for new files in /opt/airflow/dags every 300 seconds
[2026-05-05T00:16:09.332+0000] {manager.py:737} INFO - Searching for files in /opt/airflow/dags
[2026-05-05T00:16:09.346+0000] {manager.py:740} INFO - There are 0 files in /opt/airflow/dags
[2026-05-05T00:21:10.215+0000] {manager.py:737} INFO - Searching for files in /opt/airflow/dags
[2026-05-05T00:21:10.255+0000] {manager.py:740} INFO - There are 0 files in /opt/airflow/dags
[2026-05-05T00:22:59.711+0000] {manager.py:452} INFO - Exiting gracefully upon receiving signal 15
[2026-05-05T00:24:26.917+0000] {manager.py:470} INFO - Processing files using up to 2 processes at a time 
[2026-05-05T00:24:26.975+0000] {manager.py:471} INFO - Process each file at most once every 30 seconds
[2026-05-05T00:24:27.066+0000] {manager.py:472} INFO - Checking for new files in /opt/airflow/dags every 300 seconds
[2026-05-05T00:24:27.152+0000] {manager.py:737} INFO - Searching for files in /opt/airflow/dags
[2026-05-05T00:24:27.236+0000] {manager.py:740} INFO - There are 0 files in /opt/airflow/dags
[2026-05-05T00:29:27.956+0000] {manager.py:737} INFO - Searching for files in /opt/airflow/dags
[2026-05-05T00:29:27.977+0000] {manager.py:740} INFO - There are 0 files in /opt/airflow/dags
[2026-05-05T00:34:28.370+0000] {manager.py:737} INFO - Searching for files in /opt/airflow/dags
[2026-05-05T00:34:28.450+0000] {manager.py:740} INFO - There are 1 files in /opt/airflow/dags
[2026-05-05T00:34:32.799+0000] {manager.py:878} INFO - 
================================================================================
DAG File Processing Stats

File Path                              PID    Runtime      # DAGs    # Errors  Last Runtime    Last Run
-------------------------------------  -----  ---------  --------  ----------  --------------  -------------------
/opt/airflow/dags/finance_pipeline.py                           1           0  1.00s           2026-05-05T00:34:29
================================================================================
[2026-05-05T00:35:03.231+0000] {manager.py:878} INFO - 
================================================================================
DAG File Processing Stats

File Path                              PID    Runtime      # DAGs    # Errors  Last Runtime    Last Run
-------------------------------------  -----  ---------  --------  ----------  --------------  -------------------
/opt/airflow/dags/finance_pipeline.py                           1           0  0.43s           2026-05-05T00:35:00
================================================================================
[2026-05-05T00:35:33.523+0000] {manager.py:878} INFO - 
================================================================================
DAG File Processing Stats

File Path                              PID    Runtime      # DAGs    # Errors  Last Runtime    Last Run
-------------------------------------  -----  ---------  --------  ----------  --------------  -------------------
/opt/airflow/dags/finance_pipeline.py                           1           0  0.51s           2026-05-05T00:35:31
================================================================================
[2026-05-05T00:36:04.372+0000] {manager.py:878} INFO - 
================================================================================
DAG File Processing Stats

File Path                              PID    Runtime      # DAGs    # Errors  Last Runtime    Last Run
-------------------------------------  -----  ---------  --------  ----------  --------------  -------------------
/opt/airflow/dags/finance_pipeline.py                           1           0  0.48s           2026-05-05T00:36:02
================================================================================
[2026-05-05T00:36:34.785+0000] {manager.py:878} INFO - 
================================================================================
DAG File Processing Stats

File Path                              PID    Runtime      # DAGs    # Errors  Last Runtime    Last Run
-------------------------------------  -----  ---------  --------  ----------  --------------  -------------------
/opt/airflow/dags/finance_pipeline.py                           1           0  0.58s           2026-05-05T00:36:33
================================================================================
[2026-05-05T00:37:05.295+0000] {manager.py:878} INFO - 
================================================================================
DAG File Processing Stats

File Path                              PID    Runtime      # DAGs    # Errors  Last Runtime    Last Run
-------------------------------------  -----  ---------  --------  ----------  --------------  -------------------
/opt/airflow/dags/finance_pipeline.py                           1           0  0.79s           2026-05-05T00:37:04
================================================================================
[2026-05-05T00:37:35.892+0000] {manager.py:878} INFO - 
================================================================================
DAG File Processing Stats

File Path                              PID    Runtime      # DAGs    # Errors  Last Runtime    Last Run
-------------------------------------  -----  ---------  --------  ----------  --------------  -------------------
/opt/airflow/dags/finance_pipeline.py                           1           0  1.01s           2026-05-05T00:37:35
================================================================================
[2026-05-05T00:38:06.469+0000] {manager.py:878} INFO - 
================================================================================
DAG File Processing Stats

File Path                                PID  Runtime      # DAGs    # Errors  Last Runtime    Last Run
-------------------------------------  -----  ---------  --------  ----------  --------------  -------------------
/opt/airflow/dags/finance_pipeline.py    320  0.02s             1           0  1.01s           2026-05-05T00:37:35
================================================================================
[2026-05-05T00:38:36.533+0000] {manager.py:878} INFO - 
================================================================================
DAG File Processing Stats

File Path                              PID    Runtime      # DAGs    # Errors  Last Runtime    Last Run
-------------------------------------  -----  ---------  --------  ----------  --------------  -------------------
/opt/airflow/dags/finance_pipeline.py                           1           0  0.65s           2026-05-05T00:38:07
================================================================================
[2026-05-05T00:39:06.592+0000] {manager.py:878} INFO - 
================================================================================
DAG File Processing Stats

File Path                              PID    Runtime      # DAGs    # Errors  Last Runtime    Last Run
-------------------------------------  -----  ---------  --------  ----------  --------------  -------------------
/opt/airflow/dags/finance_pipeline.py                           1           0  0.56s           2026-05-05T00:38:38
================================================================================
[2026-05-05T00:39:28.442+0000] {manager.py:737} INFO - Searching for files in /opt/airflow/dags
[2026-05-05T00:39:28.567+0000] {manager.py:740} INFO - There are 1 files in /opt/airflow/dags
[2026-05-05T00:39:36.721+0000] {manager.py:878} INFO - 
================================================================================
DAG File Processing Stats

File Path                              PID    Runtime      # DAGs    # Errors  Last Runtime    Last Run
-------------------------------------  -----  ---------  --------  ----------  --------------  -------------------
/opt/airflow/dags/finance_pipeline.py                           1           0  0.59s           2026-05-05T00:39:09
================================================================================
[2026-05-05T00:40:07.005+0000] {manager.py:878} INFO - 
================================================================================
DAG File Processing Stats

File Path                              PID    Runtime      # DAGs    # Errors  Last Runtime    Last Run
-------------------------------------  -----  ---------  --------  ----------  --------------  -------------------
/opt/airflow/dags/finance_pipeline.py                           1           0  0.48s           2026-05-05T00:39:39
================================================================================
[2026-05-05T00:40:37.490+0000] {manager.py:878} INFO - 
================================================================================
DAG File Processing Stats

File Path                              PID    Runtime      # DAGs    # Errors  Last Runtime    Last Run
-------------------------------------  -----  ---------  --------  ----------  --------------  -------------------
/opt/airflow/dags/finance_pipeline.py                           1           0  0.40s           2026-05-05T00:40:10
================================================================================
[2026-05-05T00:41:08.321+0000] {manager.py:878} INFO - 
================================================================================
DAG File Processing Stats

File Path                              PID    Runtime      # DAGs    # Errors  Last Runtime    Last Run
-------------------------------------  -----  ---------  --------  ----------  --------------  -------------------
/opt/airflow/dags/finance_pipeline.py                           1           0  0.42s           2026-05-05T00:40:40
================================================================================
[2026-05-05T00:41:38.843+0000] {manager.py:878} INFO - 
================================================================================
DAG File Processing Stats

File Path                              PID    Runtime      # DAGs    # Errors  Last Runtime    Last Run
-------------------------------------  -----  ---------  --------  ----------  --------------  -------------------
/opt/airflow/dags/finance_pipeline.py                           1           0  0.41s           2026-05-05T00:41:11
================================================================================
[2026-05-05T00:42:09.649+0000] {manager.py:878} INFO - 
================================================================================
DAG File Processing Stats

File Path                              PID    Runtime      # DAGs    # Errors  Last Runtime    Last Run
-------------------------------------  -----  ---------  --------  ----------  --------------  -------------------
/opt/airflow/dags/finance_pipeline.py                           1           0  0.41s           2026-05-05T00:41:42
================================================================================
[2026-05-05T00:42:40.319+0000] {manager.py:878} INFO - 
================================================================================
DAG File Processing Stats

File Path                              PID    Runtime      # DAGs    # Errors  Last Runtime    Last Run
-------------------------------------  -----  ---------  --------  ----------  --------------  -------------------
/opt/airflow/dags/finance_pipeline.py                           1           0  0.39s           2026-05-05T00:42:13
================================================================================
[2026-05-05T00:43:10.805+0000] {manager.py:878} INFO - 
================================================================================
DAG File Processing Stats

File Path                              PID    Runtime      # DAGs    # Errors  Last Runtime    Last Run
-------------------------------------  -----  ---------  --------  ----------  --------------  -------------------
/opt/airflow/dags/finance_pipeline.py                           1           0  0.46s           2026-05-05T00:42:43
================================================================================
[2026-05-05T00:43:41.245+0000] {manager.py:878} INFO - 
================================================================================
DAG File Processing Stats

File Path                              PID    Runtime      # DAGs    # Errors  Last Runtime    Last Run
-------------------------------------  -----  ---------  --------  ----------  --------------  -------------------
/opt/airflow/dags/finance_pipeline.py                           1           0  0.76s           2026-05-05T00:43:15
================================================================================
[2026-05-05T00:44:11.725+0000] {manager.py:878} INFO - 
================================================================================
DAG File Processing Stats

File Path                              PID    Runtime      # DAGs    # Errors  Last Runtime    Last Run
-------------------------------------  -----  ---------  --------  ----------  --------------  -------------------
/opt/airflow/dags/finance_pipeline.py                           1           0  1.22s           2026-05-05T00:43:46
================================================================================
[2026-05-05T00:44:28.487+0000] {manager.py:737} INFO - Searching for files in /opt/airflow/dags
[2026-05-05T00:44:28.566+0000] {manager.py:740} INFO - There are 1 files in /opt/airflow/dags
