[2026-05-05T00:37:14.390+0000] {local_task_job_runner.py:120} INFO - ::group::Pre task execution logs
[2026-05-05T00:37:14.607+0000] {taskinstance.py:2073} INFO - Dependencies all met for dep_context=non-requeueable deps ti=<TaskInstance: finance_pipeline.scraping manual__2026-05-05T00:37:13+00:00 [queued]>
[2026-05-05T00:37:14.627+0000] {taskinstance.py:2073} INFO - Dependencies all met for dep_context=requeueable deps ti=<TaskInstance: finance_pipeline.scraping manual__2026-05-05T00:37:13+00:00 [queued]>
[2026-05-05T00:37:14.630+0000] {taskinstance.py:2303} INFO - Starting attempt 1 of 4
[2026-05-05T00:37:14.654+0000] {taskinstance.py:2327} INFO - Executing <Task(PythonOperator): scraping> on 2026-05-05 00:37:13+00:00
[2026-05-05T00:37:14.671+0000] {standard_task_runner.py:90} INFO - Running: ['***', 'tasks', 'run', 'finance_pipeline', 'scraping', 'manual__2026-05-05T00:37:13+00:00', '--job-id', '4', '--raw', '--subdir', 'DAGS_FOLDER/finance_pipeline.py', '--cfg-path', '/tmp/tmp5pkq9sy8']
[2026-05-05T00:37:14.678+0000] {standard_task_runner.py:91} INFO - Job 4: Subtask scraping
[2026-05-05T00:37:14.677+0000] {logging_mixin.py:188} WARNING - /home/***/.local/lib/python3.12/site-packages/***/task/task_runner/standard_task_runner.py:61 DeprecationWarning: This process (pid=302) is multi-threaded, use of fork() may lead to deadlocks in the child.
[2026-05-05T00:37:14.680+0000] {standard_task_runner.py:63} INFO - Started process 303 to run task
[2026-05-05T00:37:14.843+0000] {task_command.py:426} INFO - Running <TaskInstance: finance_pipeline.scraping manual__2026-05-05T00:37:13+00:00 [running]> on host 43328e106f93
[2026-05-05T00:37:15.168+0000] {taskinstance.py:2644} INFO - Exporting env vars: AIRFLOW_CTX_DAG_OWNER='finance' AIRFLOW_CTX_DAG_ID='finance_pipeline' AIRFLOW_CTX_TASK_ID='scraping' AIRFLOW_CTX_EXECUTION_DATE='2026-05-05T00:37:13+00:00' AIRFLOW_CTX_TRY_NUMBER='1' AIRFLOW_CTX_DAG_RUN_ID='manual__2026-05-05T00:37:13+00:00'
[2026-05-05T00:37:15.171+0000] {taskinstance.py:430} INFO - ::endgroup::
[2026-05-05T00:37:18.859+0000] {logging_mixin.py:188} INFO - 
══════════════════════════════════════════════════════════
[2026-05-05T00:37:18.860+0000] {logging_mixin.py:188} INFO -    Finance BigData — Collecte complète (4 sources)
[2026-05-05T00:37:18.861+0000] {logging_mixin.py:188} INFO -    2026-05-05 00:37:18
[2026-05-05T00:37:18.862+0000] {logging_mixin.py:188} INFO - ══════════════════════════════════════════════════════════
[2026-05-05T00:37:18.864+0000] {logging_mixin.py:188} INFO - 
📈  Actions US :
[2026-05-05T00:37:19.933+0000] {logging_mixin.py:188} INFO -     ▼  AAPL                 276.83 USD   (-1.17%)  [yahoo_finance]
[2026-05-05T00:37:21.064+0000] {logging_mixin.py:188} INFO -     ▲  MSFT                 413.62 USD   (+0.09%)  [yahoo_finance]
[2026-05-05T00:37:22.138+0000] {logging_mixin.py:188} INFO -     ▲  NVDA                 198.48 USD   (+0.18%)  [yahoo_finance]
[2026-05-05T00:37:23.144+0000] {logging_mixin.py:188} INFO -     ▼  GOOGL                383.25 USD   (-0.54%)  [yahoo_finance]
[2026-05-05T00:37:24.830+0000] {logging_mixin.py:188} INFO -     ▲  AMZN                 272.05 USD   (+1.70%)  [yahoo_finance]
[2026-05-05T00:37:26.461+0000] {logging_mixin.py:188} INFO -     ▲  TSLA                 392.51 USD   (+0.32%)  [yahoo_finance]
[2026-05-05T00:37:27.557+0000] {logging_mixin.py:188} INFO -     ▲  META                 610.41 USD   (+0.26%)  [yahoo_finance]
[2026-05-05T00:37:28.060+0000] {logging_mixin.py:188} INFO - 
📊  Indices :
[2026-05-05T00:37:29.281+0000] {logging_mixin.py:188} INFO -     ▼  ^GSPC               7200.75 USD   (-0.41%)  [yahoo_finance]
[2026-05-05T00:37:30.921+0000] {logging_mixin.py:188} INFO -     ▼  ^DJI               48941.90 USD   (-1.13%)  [yahoo_finance]
[2026-05-05T00:37:32.553+0000] {logging_mixin.py:188} INFO -     ▼  ^IXIC              25067.80 USD   (-0.19%)  [yahoo_finance]
[2026-05-05T00:37:34.414+0000] {logging_mixin.py:188} INFO -     ▼  ^FCHI               7976.12 EUR   (-1.68%)  [yahoo_finance]
[2026-05-05T00:37:36.149+0000] {logging_mixin.py:188} INFO -     ▼  ^GDAXI             23991.27 EUR   (-1.24%)  [yahoo_finance]
[2026-05-05T00:37:37.693+0000] {logging_mixin.py:188} INFO -     ▼  ^FTSE              10363.90 GBP   (-0.14%)  [yahoo_finance]
[2026-05-05T00:37:38.196+0000] {logging_mixin.py:188} INFO - 
🇫🇷  Actions françaises :
[2026-05-05T00:37:38.764+0000] {logging_mixin.py:188} INFO -     ▼  TTE.PA                78.65 EUR   (-0.93%)  [yahoo_finance]
[2026-05-05T00:37:39.959+0000] {logging_mixin.py:188} INFO -     ▼  BN.PA                 65.20 EUR   (-2.01%)  [yahoo_finance]
[2026-05-05T00:37:41.056+0000] {logging_mixin.py:188} INFO -     ▲  AIR.PA               176.18 EUR   (+0.51%)  [yahoo_finance]
[2026-05-05T00:37:42.132+0000] {logging_mixin.py:188} INFO -     ▼  SAN.PA                77.81 EUR   (-2.65%)  [yahoo_finance]
[2026-05-05T00:37:43.214+0000] {logging_mixin.py:188} INFO -     ▼  OR.PA                359.70 EUR   (-1.57%)  [yahoo_finance]
[2026-05-05T00:37:43.718+0000] {logging_mixin.py:188} INFO - 
₿   Cryptos (CoinGecko) :
[2026-05-05T00:37:43.719+0000] {logging_mixin.py:188} INFO - 
  📡 CoinGecko — 8 cryptos en 1 appel...
[2026-05-05T00:37:46.194+0000] {logging_mixin.py:188} INFO -     ▲  BTC-USD            80063.00 USD   (+2.20%)  [coingecko]
[2026-05-05T00:37:46.195+0000] {logging_mixin.py:188} INFO -     ▲  ETH-USD             2353.72 USD   (+1.86%)  [coingecko]
[2026-05-05T00:37:46.196+0000] {logging_mixin.py:188} INFO -     ▲  XRP-USD                1.39 USD   (+0.68%)  [coingecko]
[2026-05-05T00:37:46.197+0000] {logging_mixin.py:188} INFO -     ▲  BNB-USD              624.25 USD   (+1.33%)  [coingecko]
[2026-05-05T00:37:46.197+0000] {logging_mixin.py:188} INFO -     ▲  SOL-USD               84.17 USD   (+0.94%)  [coingecko]
[2026-05-05T00:37:46.198+0000] {logging_mixin.py:188} INFO -     ▲  DOGE-USD               0.11 USD   (+2.27%)  [coingecko]
[2026-05-05T00:37:46.200+0000] {logging_mixin.py:188} INFO -     ▲  ADA-USD                0.25 USD   (+0.82%)  [coingecko]
[2026-05-05T00:37:46.201+0000] {logging_mixin.py:188} INFO -     ▲  DOT-USD                1.23 USD   (+2.04%)  [coingecko]
[2026-05-05T00:37:46.202+0000] {coingecko.py:89} INFO - CoinGecko — 8 cryptos récupérées
[2026-05-05T00:37:47.717+0000] {logging_mixin.py:188} INFO - 
  😱 Fear & Greed : 50/100 — Neutral
[2026-05-05T00:37:47.728+0000] {logging_mixin.py:188} INFO - 
⚡  Cryptos temps réel (Binance) :
[2026-05-05T00:37:47.731+0000] {logging_mixin.py:188} INFO - 
  📡 Binance — 8 cryptos en 1 appel...
[2026-05-05T00:37:49.390+0000] {logging_mixin.py:188} INFO -     ▲  BTC-USD            80035.81 USD   (+2.15%)  [binance]
[2026-05-05T00:37:49.391+0000] {logging_mixin.py:188} INFO -     ▲  ETH-USD             2353.48 USD   (+1.87%)  [binance]
[2026-05-05T00:37:49.392+0000] {logging_mixin.py:188} INFO -     ▲  BNB-USD              624.47 USD   (+1.36%)  [binance]
[2026-05-05T00:37:49.393+0000] {logging_mixin.py:188} INFO -     ▲  ADA-USD                0.25 USD   (+0.85%)  [binance]
[2026-05-05T00:37:49.394+0000] {logging_mixin.py:188} INFO -     ▲  XRP-USD                1.39 USD   (+0.70%)  [binance]
[2026-05-05T00:37:49.395+0000] {logging_mixin.py:188} INFO -     ▲  DOGE-USD               0.11 USD   (+2.36%)  [binance]
[2026-05-05T00:37:49.396+0000] {logging_mixin.py:188} INFO -     ▲  SOL-USD               84.21 USD   (+0.98%)  [binance]
[2026-05-05T00:37:49.397+0000] {logging_mixin.py:188} INFO -     ▲  DOT-USD                1.23 USD   (+1.99%)  [binance]
[2026-05-05T00:37:49.399+0000] {binance.py:92} INFO - Binance — 8 cryptos récupérées
[2026-05-05T00:37:49.408+0000] {logging_mixin.py:188} INFO - 
🏛️   Actions CAC40 (Boursorama) :
[2026-05-05T00:37:52.665+0000] {logging_mixin.py:188} INFO -     ▼  1rPTTE                78.65 EUR   (-0.81%)  [boursorama]
[2026-05-05T00:37:56.069+0000] {logging_mixin.py:188} INFO -     ▼  1rPBN                 65.20 EUR   (-2.31%)  [boursorama]
[2026-05-05T00:37:59.352+0000] {logging_mixin.py:188} INFO -     ▲  1rPAIR               176.18 EUR   (+0.74%)  [boursorama]
[2026-05-05T00:38:02.634+0000] {logging_mixin.py:188} INFO -     ▼  1rPSAN                77.81 EUR   (-2.52%)  [boursorama]
[2026-05-05T00:38:02.707+0000] {logging_mixin.py:188} WARNING - /opt/***/project/scraping/main.py:61 FutureWarning: The behavior of DataFrame concatenation with empty or all-NA entries is deprecated. In a future version, this will no longer exclude empty or all-NA columns when determining the result dtypes. To retain the old behavior, exclude the relevant entries before the concat operation.
[2026-05-05T00:38:02.717+0000] {logging_mixin.py:188} INFO - 
──────────────────────────────────────────────────────────
[2026-05-05T00:38:02.719+0000] {logging_mixin.py:188} INFO -   ✅  Succès  : 38
[2026-05-05T00:38:02.720+0000] {logging_mixin.py:188} INFO -   ❌  Erreurs : 0
[2026-05-05T00:38:02.721+0000] {logging_mixin.py:188} INFO -   😱  Fear & Greed : 50/100 — Neutral
[2026-05-05T00:38:02.754+0000] {logging_mixin.py:188} INFO - 
  💾 CSV    : data/collecte_20260505_003802.csv
[2026-05-05T00:38:02.755+0000] {logging_mixin.py:188} INFO -   💾 JSON   : data/collecte_20260505_003802.json
[2026-05-05T00:38:02.756+0000] {logging_mixin.py:188} INFO -   💾 Latest : data/collecte_latest.csv
[2026-05-05T00:38:02.757+0000] {logging_mixin.py:188} INFO - 
──────────────────────────────────────────────────────────
[2026-05-05T00:38:02.758+0000] {logging_mixin.py:188} INFO -   Aperçu :
[2026-05-05T00:38:02.765+0000] {logging_mixin.py:188} INFO -   ticker           nom         prix  variation_pct categorie        source
    AAPL                 276.830000        -1.1700    action yahoo_finance
    MSFT                 413.620000         0.0900    action yahoo_finance
    NVDA                 198.480000         0.1800    action yahoo_finance
   GOOGL                 383.250000        -0.5400    action yahoo_finance
    AMZN                 272.050000         1.7000    action yahoo_finance
    TSLA                 392.510000         0.3200    action yahoo_finance
    META                 610.410000         0.2600    action yahoo_finance
   ^GSPC                7200.750000        -0.4100    indice yahoo_finance
    ^DJI               48941.898400        -1.1300    indice yahoo_finance
   ^IXIC               25067.800800        -0.1900    indice yahoo_finance
   ^FCHI                7976.120000        -1.6800    indice yahoo_finance
  ^GDAXI               23991.270000        -1.2400    indice yahoo_finance
   ^FTSE               10363.900400        -0.1400    indice yahoo_finance
  TTE.PA                  78.650000        -0.9300 action_fr yahoo_finance
   BN.PA                  65.200000        -2.0100 action_fr yahoo_finance
  AIR.PA                 176.180000         0.5100 action_fr yahoo_finance
  SAN.PA                  77.810000        -2.6500 action_fr yahoo_finance
   OR.PA                 359.700000        -1.5700 action_fr yahoo_finance
 BTC-USD       Bitcoin 80063.000000         2.2034    crypto     coingecko
 ETH-USD      Ethereum  2353.720000         1.8600    crypto     coingecko
 XRP-USD           XRP     1.390000         0.6846    crypto     coingecko
 BNB-USD           BNB   624.250000         1.3328    crypto     coingecko
 SOL-USD        Solana    84.170000         0.9439    crypto     coingecko
DOGE-USD      Dogecoin     0.110499         2.2725    crypto     coingecko
 ADA-USD       Cardano     0.250106         0.8181    crypto     coingecko
 DOT-USD      Polkadot     1.230000         2.0448    crypto     coingecko
 BTC-USD               80035.810000         2.1520    crypto       binance
 ETH-USD                2353.480000         1.8660    crypto       binance
 BNB-USD                 624.470000         1.3600    crypto       binance
 ADA-USD                   0.250100         0.8470    crypto       binance
 XRP-USD                   1.393400         0.7010    crypto       binance
DOGE-USD                   0.110500         2.3620    crypto       binance
 SOL-USD                  84.210000         0.9830    crypto       binance
 DOT-USD                   1.228000         1.9930    crypto       binance
  1rPTTE TOTALENERGIES    78.650000        -0.8100 action_fr    boursorama
   1rPBN        DANONE    65.200000        -2.3100 action_fr    boursorama
  1rPAIR        AIRBUS   176.180000         0.7400 action_fr    boursorama
  1rPSAN        SANOFI    77.810000        -2.5200 action_fr    boursorama
[2026-05-05T00:38:02.767+0000] {logging_mixin.py:188} INFO - Scraping terminé : 38 actifs collectés
[2026-05-05T00:38:02.768+0000] {python.py:237} INFO - Done. Returned value was: None
[2026-05-05T00:38:02.770+0000] {taskinstance.py:441} INFO - ::group::Post task execution logs
[2026-05-05T00:38:02.796+0000] {taskinstance.py:1205} INFO - Marking task as SUCCESS. dag_id=finance_pipeline, task_id=scraping, execution_date=20260505T003713, start_date=20260505T003714, end_date=20260505T003802
[2026-05-05T00:38:02.871+0000] {local_task_job_runner.py:240} INFO - Task exited with return code 0
[2026-05-05T00:38:02.925+0000] {taskinstance.py:3482} INFO - 0 downstream tasks scheduled from follow-on schedule check
[2026-05-05T00:38:02.929+0000] {local_task_job_runner.py:222} INFO - ::endgroup::
