[2026-05-05T00:36:48.834+0000] {local_task_job_runner.py:120} INFO - ::group::Pre task execution logs
[2026-05-05T00:36:49.032+0000] {taskinstance.py:2073} INFO - Dependencies all met for dep_context=non-requeueable deps ti=<TaskInstance: finance_pipeline.scraping scheduled__2026-05-04T23:00:00+00:00 [queued]>
[2026-05-05T00:36:49.063+0000] {taskinstance.py:2073} INFO - Dependencies all met for dep_context=requeueable deps ti=<TaskInstance: finance_pipeline.scraping scheduled__2026-05-04T23:00:00+00:00 [queued]>
[2026-05-05T00:36:49.066+0000] {taskinstance.py:2303} INFO - Starting attempt 1 of 4
[2026-05-05T00:36:49.121+0000] {taskinstance.py:2327} INFO - Executing <Task(PythonOperator): scraping> on 2026-05-04 23:00:00+00:00
[2026-05-05T00:36:49.145+0000] {standard_task_runner.py:90} INFO - Running: ['***', 'tasks', 'run', 'finance_pipeline', 'scraping', 'scheduled__2026-05-04T23:00:00+00:00', '--job-id', '3', '--raw', '--subdir', 'DAGS_FOLDER/finance_pipeline.py', '--cfg-path', '/tmp/tmp4e53nvwh']
[2026-05-05T00:36:49.155+0000] {standard_task_runner.py:91} INFO - Job 3: Subtask scraping
[2026-05-05T00:36:49.160+0000] {logging_mixin.py:188} WARNING - /home/***/.local/lib/python3.12/site-packages/***/task/task_runner/standard_task_runner.py:61 DeprecationWarning: This process (pid=278) is multi-threaded, use of fork() may lead to deadlocks in the child.
[2026-05-05T00:36:49.163+0000] {standard_task_runner.py:63} INFO - Started process 279 to run task
[2026-05-05T00:36:49.375+0000] {task_command.py:426} INFO - Running <TaskInstance: finance_pipeline.scraping scheduled__2026-05-04T23:00:00+00:00 [running]> on host 43328e106f93
[2026-05-05T00:36:49.734+0000] {taskinstance.py:2644} INFO - Exporting env vars: AIRFLOW_CTX_DAG_OWNER='finance' AIRFLOW_CTX_DAG_ID='finance_pipeline' AIRFLOW_CTX_TASK_ID='scraping' AIRFLOW_CTX_EXECUTION_DATE='2026-05-04T23:00:00+00:00' AIRFLOW_CTX_TRY_NUMBER='1' AIRFLOW_CTX_DAG_RUN_ID='scheduled__2026-05-04T23:00:00+00:00'
[2026-05-05T00:36:49.739+0000] {taskinstance.py:430} INFO - ::endgroup::
[2026-05-05T00:36:53.095+0000] {logging_mixin.py:188} INFO - 
══════════════════════════════════════════════════════════
[2026-05-05T00:36:53.097+0000] {logging_mixin.py:188} INFO -    Finance BigData — Collecte complète (4 sources)
[2026-05-05T00:36:53.098+0000] {logging_mixin.py:188} INFO -    2026-05-05 00:36:53
[2026-05-05T00:36:53.099+0000] {logging_mixin.py:188} INFO - ══════════════════════════════════════════════════════════
[2026-05-05T00:36:53.100+0000] {logging_mixin.py:188} INFO - 
📈  Actions US :
[2026-05-05T00:36:55.781+0000] {logging_mixin.py:188} INFO -     ▼  AAPL                 276.83 USD   (-1.17%)  [yahoo_finance]
[2026-05-05T00:36:57.181+0000] {logging_mixin.py:188} INFO -     ▲  MSFT                 413.62 USD   (+0.09%)  [yahoo_finance]
[2026-05-05T00:36:58.433+0000] {logging_mixin.py:188} INFO -     ▲  NVDA                 198.48 USD   (+0.18%)  [yahoo_finance]
[2026-05-05T00:36:59.607+0000] {logging_mixin.py:188} INFO -     ▼  GOOGL                383.25 USD   (-0.54%)  [yahoo_finance]
[2026-05-05T00:37:00.744+0000] {logging_mixin.py:188} INFO -     ▲  AMZN                 272.05 USD   (+1.70%)  [yahoo_finance]
[2026-05-05T00:37:01.911+0000] {logging_mixin.py:188} INFO -     ▲  TSLA                 392.51 USD   (+0.32%)  [yahoo_finance]
[2026-05-05T00:37:03.046+0000] {logging_mixin.py:188} INFO -     ▲  META                 610.41 USD   (+0.26%)  [yahoo_finance]
[2026-05-05T00:37:03.548+0000] {logging_mixin.py:188} INFO - 
📊  Indices :
[2026-05-05T00:37:04.777+0000] {logging_mixin.py:188} INFO -     ▼  ^GSPC               7200.75 USD   (-0.41%)  [yahoo_finance]
[2026-05-05T00:37:06.805+0000] {logging_mixin.py:188} INFO -     ▼  ^DJI               48941.90 USD   (-1.13%)  [yahoo_finance]
[2026-05-05T00:37:08.272+0000] {logging_mixin.py:188} INFO -     ▼  ^IXIC              25067.80 USD   (-0.19%)  [yahoo_finance]
[2026-05-05T00:37:09.860+0000] {logging_mixin.py:188} INFO -     ▼  ^FCHI               7976.12 EUR   (-1.68%)  [yahoo_finance]
[2026-05-05T00:37:11.332+0000] {logging_mixin.py:188} INFO -     ▼  ^GDAXI             23991.27 EUR   (-1.24%)  [yahoo_finance]
[2026-05-05T00:37:12.858+0000] {logging_mixin.py:188} INFO -     ▼  ^FTSE              10363.90 GBP   (-0.14%)  [yahoo_finance]
[2026-05-05T00:37:13.359+0000] {logging_mixin.py:188} INFO - 
🇫🇷  Actions françaises :
[2026-05-05T00:37:14.187+0000] {logging_mixin.py:188} INFO -     ▼  TTE.PA                78.65 EUR   (-0.93%)  [yahoo_finance]
[2026-05-05T00:37:15.552+0000] {logging_mixin.py:188} INFO -     ▼  BN.PA                 65.20 EUR   (-2.01%)  [yahoo_finance]
[2026-05-05T00:37:16.976+0000] {logging_mixin.py:188} INFO -     ▲  AIR.PA               176.18 EUR   (+0.51%)  [yahoo_finance]
[2026-05-05T00:37:18.148+0000] {logging_mixin.py:188} INFO -     ▼  SAN.PA                77.81 EUR   (-2.65%)  [yahoo_finance]
[2026-05-05T00:37:19.339+0000] {logging_mixin.py:188} INFO -     ▼  OR.PA                359.70 EUR   (-1.57%)  [yahoo_finance]
[2026-05-05T00:37:19.843+0000] {logging_mixin.py:188} INFO - 
₿   Cryptos (CoinGecko) :
[2026-05-05T00:37:19.844+0000] {logging_mixin.py:188} INFO - 
  📡 CoinGecko — 8 cryptos en 1 appel...
[2026-05-05T00:37:22.250+0000] {logging_mixin.py:188} INFO -     ▲  BTC-USD            80063.00 USD   (+2.20%)  [coingecko]
[2026-05-05T00:37:22.252+0000] {logging_mixin.py:188} INFO -     ▲  ETH-USD             2353.72 USD   (+1.86%)  [coingecko]
[2026-05-05T00:37:22.253+0000] {logging_mixin.py:188} INFO -     ▲  XRP-USD                1.39 USD   (+0.68%)  [coingecko]
[2026-05-05T00:37:22.255+0000] {logging_mixin.py:188} INFO -     ▲  BNB-USD              624.25 USD   (+1.33%)  [coingecko]
[2026-05-05T00:37:22.256+0000] {logging_mixin.py:188} INFO -     ▲  SOL-USD               84.17 USD   (+0.94%)  [coingecko]
[2026-05-05T00:37:22.258+0000] {logging_mixin.py:188} INFO -     ▲  DOGE-USD               0.11 USD   (+2.27%)  [coingecko]
[2026-05-05T00:37:22.259+0000] {logging_mixin.py:188} INFO -     ▲  ADA-USD                0.25 USD   (+0.82%)  [coingecko]
[2026-05-05T00:37:22.261+0000] {logging_mixin.py:188} INFO -     ▲  DOT-USD                1.23 USD   (+2.04%)  [coingecko]
[2026-05-05T00:37:22.262+0000] {coingecko.py:89} INFO - CoinGecko — 8 cryptos récupérées
[2026-05-05T00:37:24.078+0000] {logging_mixin.py:188} INFO - 
  😱 Fear & Greed : 50/100 — Neutral
[2026-05-05T00:37:24.109+0000] {logging_mixin.py:188} INFO - 
⚡  Cryptos temps réel (Binance) :
[2026-05-05T00:37:24.113+0000] {logging_mixin.py:188} INFO - 
  📡 Binance — 8 cryptos en 1 appel...
[2026-05-05T00:37:26.479+0000] {logging_mixin.py:188} INFO -     ▲  BTC-USD            80035.81 USD   (+2.12%)  [binance]
[2026-05-05T00:37:26.495+0000] {logging_mixin.py:188} INFO -     ▲  ETH-USD             2353.48 USD   (+1.81%)  [binance]
[2026-05-05T00:37:26.520+0000] {logging_mixin.py:188} INFO -     ▲  BNB-USD              624.31 USD   (+1.31%)  [binance]
[2026-05-05T00:37:26.534+0000] {logging_mixin.py:188} INFO -     ▲  ADA-USD                0.25 USD   (+0.81%)  [binance]
[2026-05-05T00:37:26.550+0000] {logging_mixin.py:188} INFO -     ▲  XRP-USD                1.39 USD   (+0.67%)  [binance]
[2026-05-05T00:37:26.564+0000] {logging_mixin.py:188} INFO -     ▲  DOGE-USD               0.11 USD   (+2.31%)  [binance]
[2026-05-05T00:37:26.576+0000] {logging_mixin.py:188} INFO -     ▲  SOL-USD               84.20 USD   (+0.92%)  [binance]
[2026-05-05T00:37:26.618+0000] {logging_mixin.py:188} INFO -     ▲  DOT-USD                1.23 USD   (+2.16%)  [binance]
[2026-05-05T00:37:26.630+0000] {binance.py:92} INFO - Binance — 8 cryptos récupérées
[2026-05-05T00:37:26.683+0000] {logging_mixin.py:188} INFO - 
🏛️   Actions CAC40 (Boursorama) :
[2026-05-05T00:37:30.074+0000] {logging_mixin.py:188} INFO -     ▼  1rPTTE                78.65 EUR   (-0.81%)  [boursorama]
[2026-05-05T00:37:33.798+0000] {logging_mixin.py:188} INFO -     ▼  1rPBN                 65.20 EUR   (-2.31%)  [boursorama]
[2026-05-05T00:37:37.095+0000] {logging_mixin.py:188} INFO -     ▲  1rPAIR               176.18 EUR   (+0.74%)  [boursorama]
[2026-05-05T00:37:40.367+0000] {logging_mixin.py:188} INFO -     ▼  1rPSAN                77.81 EUR   (-2.52%)  [boursorama]
[2026-05-05T00:37:40.398+0000] {logging_mixin.py:188} WARNING - /opt/***/project/scraping/main.py:61 FutureWarning: The behavior of DataFrame concatenation with empty or all-NA entries is deprecated. In a future version, this will no longer exclude empty or all-NA columns when determining the result dtypes. To retain the old behavior, exclude the relevant entries before the concat operation.
[2026-05-05T00:37:40.417+0000] {logging_mixin.py:188} INFO - 
──────────────────────────────────────────────────────────
[2026-05-05T00:37:40.418+0000] {logging_mixin.py:188} INFO -   ✅  Succès  : 38
[2026-05-05T00:37:40.428+0000] {logging_mixin.py:188} INFO -   ❌  Erreurs : 0
[2026-05-05T00:37:40.429+0000] {logging_mixin.py:188} INFO -   😱  Fear & Greed : 50/100 — Neutral
[2026-05-05T00:37:40.470+0000] {logging_mixin.py:188} INFO - 
  💾 CSV    : data/collecte_20260505_003740.csv
[2026-05-05T00:37:40.471+0000] {logging_mixin.py:188} INFO -   💾 JSON   : data/collecte_20260505_003740.json
[2026-05-05T00:37:40.472+0000] {logging_mixin.py:188} INFO -   💾 Latest : data/collecte_latest.csv
[2026-05-05T00:37:40.473+0000] {logging_mixin.py:188} INFO - 
──────────────────────────────────────────────────────────
[2026-05-05T00:37:40.474+0000] {logging_mixin.py:188} INFO -   Aperçu :
[2026-05-05T00:37:40.487+0000] {logging_mixin.py:188} INFO -   ticker           nom         prix  variation_pct categorie        source
    AAPL                 276.830000        -1.1700    action yahoo_finance
    MSFT                 413.620000         0.0900    action yahoo_finance
    NVDA                 198.480000         0.1800    action yahoo_finance
   GOOGL                 383.250000        -0.5400    action yahoo_finance
    AMZN                 272.050000         1.7000    action yahoo_finance
    TSLA                 392.510000         0.3200    action yahoo_finance
    META                 610.410000         0.2600    action yahoo_finance
   ^GSPC                7200.750000        -0.4100    indice yahoo_finance
    ^DJI               48941.898400        -1.1300    indice yahoo_finance
   ^IXIC               25067.800800        -0.1900    indice yahoo_finance
   ^FCHI                7976.120000        -1.6800    indice yahoo_finance
  ^GDAXI               23991.270000        -1.2400    indice yahoo_finance
   ^FTSE               10363.900400        -0.1400    indice yahoo_finance
  TTE.PA                  78.650000        -0.9300 action_fr yahoo_finance
   BN.PA                  65.200000        -2.0100 action_fr yahoo_finance
  AIR.PA                 176.180000         0.5100 action_fr yahoo_finance
  SAN.PA                  77.810000        -2.6500 action_fr yahoo_finance
   OR.PA                 359.700000        -1.5700 action_fr yahoo_finance
 BTC-USD       Bitcoin 80063.000000         2.2034    crypto     coingecko
 ETH-USD      Ethereum  2353.720000         1.8600    crypto     coingecko
 XRP-USD           XRP     1.390000         0.6846    crypto     coingecko
 BNB-USD           BNB   624.250000         1.3328    crypto     coingecko
 SOL-USD        Solana    84.170000         0.9439    crypto     coingecko
DOGE-USD      Dogecoin     0.110499         2.2725    crypto     coingecko
 ADA-USD       Cardano     0.250106         0.8181    crypto     coingecko
 DOT-USD      Polkadot     1.230000         2.0448    crypto     coingecko
 BTC-USD               80035.810000         2.1190    crypto       binance
 ETH-USD                2353.480000         1.8090    crypto       binance
 BNB-USD                 624.310000         1.3140    crypto       binance
 ADA-USD                   0.250000         0.8060    crypto       binance
 XRP-USD                   1.393300         0.6650    crypto       binance
DOGE-USD                   0.110500         2.3150    crypto       binance
 SOL-USD                  84.200000         0.9230    crypto       binance
 DOT-USD                   1.229000         2.1610    crypto       binance
  1rPTTE TOTALENERGIES    78.650000        -0.8100 action_fr    boursorama
   1rPBN        DANONE    65.200000        -2.3100 action_fr    boursorama
  1rPAIR        AIRBUS   176.180000         0.7400 action_fr    boursorama
  1rPSAN        SANOFI    77.810000        -2.5200 action_fr    boursorama
[2026-05-05T00:37:40.488+0000] {logging_mixin.py:188} INFO - Scraping terminé : 38 actifs collectés
[2026-05-05T00:37:40.489+0000] {python.py:237} INFO - Done. Returned value was: None
[2026-05-05T00:37:40.490+0000] {taskinstance.py:441} INFO - ::group::Post task execution logs
[2026-05-05T00:37:40.515+0000] {taskinstance.py:1205} INFO - Marking task as SUCCESS. dag_id=finance_pipeline, task_id=scraping, execution_date=20260504T230000, start_date=20260505T003649, end_date=20260505T003740
[2026-05-05T00:37:40.590+0000] {local_task_job_runner.py:240} INFO - Task exited with return code 0
[2026-05-05T00:37:40.648+0000] {taskinstance.py:3482} INFO - 1 downstream tasks scheduled from follow-on schedule check
[2026-05-05T00:37:40.652+0000] {local_task_job_runner.py:222} INFO - ::endgroup::
