[2026-05-05T00:34:28.933+0000] {processor.py:161} INFO - Started process (PID=240) to work on /opt/airflow/dags/finance_pipeline.py
[2026-05-05T00:34:28.938+0000] {processor.py:830} INFO - Processing file /opt/airflow/dags/finance_pipeline.py for tasks to queue
[2026-05-05T00:34:28.949+0000] {logging_mixin.py:188} INFO - [2026-05-05T00:34:28.947+0000] {dagbag.py:540} INFO - Filling up the DagBag from /opt/airflow/dags/finance_pipeline.py
[2026-05-05T00:34:29.042+0000] {processor.py:840} INFO - DAG(s) 'finance_pipeline' retrieved from /opt/airflow/dags/finance_pipeline.py
[2026-05-05T00:34:29.550+0000] {logging_mixin.py:188} INFO - [2026-05-05T00:34:29.549+0000] {override.py:1829} INFO - Created Permission View: can edit on DAG:finance_pipeline
[2026-05-05T00:34:29.575+0000] {logging_mixin.py:188} INFO - [2026-05-05T00:34:29.575+0000] {override.py:1829} INFO - Created Permission View: can delete on DAG:finance_pipeline
[2026-05-05T00:34:29.590+0000] {logging_mixin.py:188} INFO - [2026-05-05T00:34:29.589+0000] {override.py:1829} INFO - Created Permission View: can read on DAG:finance_pipeline
[2026-05-05T00:34:29.591+0000] {logging_mixin.py:188} INFO - [2026-05-05T00:34:29.591+0000] {dag.py:3096} INFO - Sync 1 DAGs
[2026-05-05T00:34:29.616+0000] {logging_mixin.py:188} INFO - [2026-05-05T00:34:29.615+0000] {dag.py:3118} INFO - Creating ORM DAG for finance_pipeline
[2026-05-05T00:34:29.643+0000] {logging_mixin.py:188} INFO - [2026-05-05T00:34:29.643+0000] {dag.py:3954} INFO - Setting next_dagrun for finance_pipeline to 2026-05-04 23:00:00+00:00, run_after=2026-05-05 00:00:00+00:00
[2026-05-05T00:34:29.719+0000] {processor.py:183} INFO - Processing /opt/airflow/dags/finance_pipeline.py took 0.840 seconds
[2026-05-05T00:35:00.226+0000] {processor.py:161} INFO - Started process (PID=245) to work on /opt/airflow/dags/finance_pipeline.py
[2026-05-05T00:35:00.229+0000] {processor.py:830} INFO - Processing file /opt/airflow/dags/finance_pipeline.py for tasks to queue
[2026-05-05T00:35:00.236+0000] {logging_mixin.py:188} INFO - [2026-05-05T00:35:00.235+0000] {dagbag.py:540} INFO - Filling up the DagBag from /opt/airflow/dags/finance_pipeline.py
[2026-05-05T00:35:00.304+0000] {processor.py:840} INFO - DAG(s) 'finance_pipeline' retrieved from /opt/airflow/dags/finance_pipeline.py
[2026-05-05T00:35:00.455+0000] {logging_mixin.py:188} INFO - [2026-05-05T00:35:00.455+0000] {dag.py:3096} INFO - Sync 1 DAGs
[2026-05-05T00:35:00.509+0000] {logging_mixin.py:188} INFO - [2026-05-05T00:35:00.509+0000] {dag.py:3954} INFO - Setting next_dagrun for finance_pipeline to 2026-05-04 23:00:00+00:00, run_after=2026-05-05 00:00:00+00:00
[2026-05-05T00:35:00.555+0000] {processor.py:183} INFO - Processing /opt/airflow/dags/finance_pipeline.py took 0.355 seconds
[2026-05-05T00:35:31.086+0000] {processor.py:161} INFO - Started process (PID=250) to work on /opt/airflow/dags/finance_pipeline.py
[2026-05-05T00:35:31.090+0000] {processor.py:830} INFO - Processing file /opt/airflow/dags/finance_pipeline.py for tasks to queue
[2026-05-05T00:35:31.099+0000] {logging_mixin.py:188} INFO - [2026-05-05T00:35:31.098+0000] {dagbag.py:540} INFO - Filling up the DagBag from /opt/airflow/dags/finance_pipeline.py
[2026-05-05T00:35:31.174+0000] {processor.py:840} INFO - DAG(s) 'finance_pipeline' retrieved from /opt/airflow/dags/finance_pipeline.py
[2026-05-05T00:35:31.330+0000] {logging_mixin.py:188} INFO - [2026-05-05T00:35:31.330+0000] {dag.py:3096} INFO - Sync 1 DAGs
[2026-05-05T00:35:31.394+0000] {logging_mixin.py:188} INFO - [2026-05-05T00:35:31.393+0000] {dag.py:3954} INFO - Setting next_dagrun for finance_pipeline to 2026-05-04 23:00:00+00:00, run_after=2026-05-05 00:00:00+00:00
[2026-05-05T00:35:31.461+0000] {processor.py:183} INFO - Processing /opt/airflow/dags/finance_pipeline.py took 0.419 seconds
[2026-05-05T00:36:01.953+0000] {processor.py:161} INFO - Started process (PID=262) to work on /opt/airflow/dags/finance_pipeline.py
[2026-05-05T00:36:01.956+0000] {processor.py:830} INFO - Processing file /opt/airflow/dags/finance_pipeline.py for tasks to queue
[2026-05-05T00:36:01.960+0000] {logging_mixin.py:188} INFO - [2026-05-05T00:36:01.960+0000] {dagbag.py:540} INFO - Filling up the DagBag from /opt/airflow/dags/finance_pipeline.py
[2026-05-05T00:36:02.037+0000] {processor.py:840} INFO - DAG(s) 'finance_pipeline' retrieved from /opt/airflow/dags/finance_pipeline.py
[2026-05-05T00:36:02.220+0000] {logging_mixin.py:188} INFO - [2026-05-05T00:36:02.220+0000] {dag.py:3096} INFO - Sync 1 DAGs
[2026-05-05T00:36:02.281+0000] {logging_mixin.py:188} INFO - [2026-05-05T00:36:02.281+0000] {dag.py:3954} INFO - Setting next_dagrun for finance_pipeline to 2026-05-04 23:00:00+00:00, run_after=2026-05-05 00:00:00+00:00
[2026-05-05T00:36:02.335+0000] {processor.py:183} INFO - Processing /opt/airflow/dags/finance_pipeline.py took 0.403 seconds
[2026-05-05T00:36:32.831+0000] {processor.py:161} INFO - Started process (PID=267) to work on /opt/airflow/dags/finance_pipeline.py
[2026-05-05T00:36:32.835+0000] {processor.py:830} INFO - Processing file /opt/airflow/dags/finance_pipeline.py for tasks to queue
[2026-05-05T00:36:32.841+0000] {logging_mixin.py:188} INFO - [2026-05-05T00:36:32.840+0000] {dagbag.py:540} INFO - Filling up the DagBag from /opt/airflow/dags/finance_pipeline.py
[2026-05-05T00:36:32.921+0000] {processor.py:840} INFO - DAG(s) 'finance_pipeline' retrieved from /opt/airflow/dags/finance_pipeline.py
[2026-05-05T00:36:33.144+0000] {logging_mixin.py:188} INFO - [2026-05-05T00:36:33.143+0000] {dag.py:3096} INFO - Sync 1 DAGs
[2026-05-05T00:36:33.224+0000] {logging_mixin.py:188} INFO - [2026-05-05T00:36:33.224+0000] {dag.py:3954} INFO - Setting next_dagrun for finance_pipeline to 2026-05-04 23:00:00+00:00, run_after=2026-05-05 00:00:00+00:00
[2026-05-05T00:36:33.289+0000] {processor.py:183} INFO - Processing /opt/airflow/dags/finance_pipeline.py took 0.488 seconds
[2026-05-05T00:37:03.806+0000] {processor.py:161} INFO - Started process (PID=284) to work on /opt/airflow/dags/finance_pipeline.py
[2026-05-05T00:37:03.811+0000] {processor.py:830} INFO - Processing file /opt/airflow/dags/finance_pipeline.py for tasks to queue
[2026-05-05T00:37:03.817+0000] {logging_mixin.py:188} INFO - [2026-05-05T00:37:03.816+0000] {dagbag.py:540} INFO - Filling up the DagBag from /opt/airflow/dags/finance_pipeline.py
[2026-05-05T00:37:03.911+0000] {processor.py:840} INFO - DAG(s) 'finance_pipeline' retrieved from /opt/airflow/dags/finance_pipeline.py
[2026-05-05T00:37:04.306+0000] {logging_mixin.py:188} INFO - [2026-05-05T00:37:04.305+0000] {dag.py:3096} INFO - Sync 1 DAGs
[2026-05-05T00:37:04.413+0000] {logging_mixin.py:188} INFO - [2026-05-05T00:37:04.413+0000] {dag.py:3954} INFO - Setting next_dagrun for finance_pipeline to 2026-05-05 00:00:00+00:00, run_after=2026-05-05 01:00:00+00:00
[2026-05-05T00:37:04.472+0000] {processor.py:183} INFO - Processing /opt/airflow/dags/finance_pipeline.py took 0.705 seconds
[2026-05-05T00:37:34.972+0000] {processor.py:161} INFO - Started process (PID=307) to work on /opt/airflow/dags/finance_pipeline.py
[2026-05-05T00:37:34.976+0000] {processor.py:830} INFO - Processing file /opt/airflow/dags/finance_pipeline.py for tasks to queue
[2026-05-05T00:37:34.985+0000] {logging_mixin.py:188} INFO - [2026-05-05T00:37:34.982+0000] {dagbag.py:540} INFO - Filling up the DagBag from /opt/airflow/dags/finance_pipeline.py
[2026-05-05T00:37:35.197+0000] {processor.py:840} INFO - DAG(s) 'finance_pipeline' retrieved from /opt/airflow/dags/finance_pipeline.py
[2026-05-05T00:37:35.495+0000] {logging_mixin.py:188} INFO - [2026-05-05T00:37:35.494+0000] {dag.py:3096} INFO - Sync 1 DAGs
[2026-05-05T00:37:35.657+0000] {logging_mixin.py:188} INFO - [2026-05-05T00:37:35.656+0000] {dag.py:3954} INFO - Setting next_dagrun for finance_pipeline to 2026-05-05 00:00:00+00:00, run_after=2026-05-05 01:00:00+00:00
[2026-05-05T00:37:35.780+0000] {processor.py:183} INFO - Processing /opt/airflow/dags/finance_pipeline.py took 0.863 seconds
[2026-05-05T00:38:06.682+0000] {processor.py:161} INFO - Started process (PID=320) to work on /opt/airflow/dags/finance_pipeline.py
[2026-05-05T00:38:06.686+0000] {processor.py:830} INFO - Processing file /opt/airflow/dags/finance_pipeline.py for tasks to queue
[2026-05-05T00:38:06.696+0000] {logging_mixin.py:188} INFO - [2026-05-05T00:38:06.694+0000] {dagbag.py:540} INFO - Filling up the DagBag from /opt/airflow/dags/finance_pipeline.py
[2026-05-05T00:38:06.793+0000] {processor.py:840} INFO - DAG(s) 'finance_pipeline' retrieved from /opt/airflow/dags/finance_pipeline.py
[2026-05-05T00:38:06.933+0000] {logging_mixin.py:188} INFO - [2026-05-05T00:38:06.932+0000] {dag.py:3096} INFO - Sync 1 DAGs
[2026-05-05T00:38:07.003+0000] {logging_mixin.py:188} INFO - [2026-05-05T00:38:07.002+0000] {dag.py:3954} INFO - Setting next_dagrun for finance_pipeline to 2026-05-05 00:00:00+00:00, run_after=2026-05-05 01:00:00+00:00
[2026-05-05T00:38:07.067+0000] {processor.py:183} INFO - Processing /opt/airflow/dags/finance_pipeline.py took 0.439 seconds
[2026-05-05T00:38:37.695+0000] {processor.py:161} INFO - Started process (PID=330) to work on /opt/airflow/dags/finance_pipeline.py
[2026-05-05T00:38:37.700+0000] {processor.py:830} INFO - Processing file /opt/airflow/dags/finance_pipeline.py for tasks to queue
[2026-05-05T00:38:37.708+0000] {logging_mixin.py:188} INFO - [2026-05-05T00:38:37.707+0000] {dagbag.py:540} INFO - Filling up the DagBag from /opt/airflow/dags/finance_pipeline.py
[2026-05-05T00:38:37.781+0000] {processor.py:840} INFO - DAG(s) 'finance_pipeline' retrieved from /opt/airflow/dags/finance_pipeline.py
[2026-05-05T00:38:37.958+0000] {logging_mixin.py:188} INFO - [2026-05-05T00:38:37.957+0000] {dag.py:3096} INFO - Sync 1 DAGs
[2026-05-05T00:38:38.067+0000] {logging_mixin.py:188} INFO - [2026-05-05T00:38:38.066+0000] {dag.py:3954} INFO - Setting next_dagrun for finance_pipeline to 2026-05-05 00:00:00+00:00, run_after=2026-05-05 01:00:00+00:00
[2026-05-05T00:38:38.128+0000] {processor.py:183} INFO - Processing /opt/airflow/dags/finance_pipeline.py took 0.468 seconds
[2026-05-05T00:39:08.620+0000] {processor.py:161} INFO - Started process (PID=337) to work on /opt/airflow/dags/finance_pipeline.py
[2026-05-05T00:39:08.624+0000] {processor.py:830} INFO - Processing file /opt/airflow/dags/finance_pipeline.py for tasks to queue
[2026-05-05T00:39:08.632+0000] {logging_mixin.py:188} INFO - [2026-05-05T00:39:08.631+0000] {dagbag.py:540} INFO - Filling up the DagBag from /opt/airflow/dags/finance_pipeline.py
[2026-05-05T00:39:08.727+0000] {processor.py:840} INFO - DAG(s) 'finance_pipeline' retrieved from /opt/airflow/dags/finance_pipeline.py
[2026-05-05T00:39:08.897+0000] {logging_mixin.py:188} INFO - [2026-05-05T00:39:08.896+0000] {dag.py:3096} INFO - Sync 1 DAGs
[2026-05-05T00:39:08.999+0000] {logging_mixin.py:188} INFO - [2026-05-05T00:39:08.999+0000] {dag.py:3954} INFO - Setting next_dagrun for finance_pipeline to 2026-05-05 00:00:00+00:00, run_after=2026-05-05 01:00:00+00:00
[2026-05-05T00:39:09.058+0000] {processor.py:183} INFO - Processing /opt/airflow/dags/finance_pipeline.py took 0.484 seconds
[2026-05-05T00:39:39.244+0000] {processor.py:161} INFO - Started process (PID=345) to work on /opt/airflow/dags/finance_pipeline.py
[2026-05-05T00:39:39.248+0000] {processor.py:830} INFO - Processing file /opt/airflow/dags/finance_pipeline.py for tasks to queue
[2026-05-05T00:39:39.255+0000] {logging_mixin.py:188} INFO - [2026-05-05T00:39:39.254+0000] {dagbag.py:540} INFO - Filling up the DagBag from /opt/airflow/dags/finance_pipeline.py
[2026-05-05T00:39:39.342+0000] {processor.py:840} INFO - DAG(s) 'finance_pipeline' retrieved from /opt/airflow/dags/finance_pipeline.py
[2026-05-05T00:39:39.501+0000] {logging_mixin.py:188} INFO - [2026-05-05T00:39:39.501+0000] {dag.py:3096} INFO - Sync 1 DAGs
[2026-05-05T00:39:39.556+0000] {logging_mixin.py:188} INFO - [2026-05-05T00:39:39.556+0000] {dag.py:3954} INFO - Setting next_dagrun for finance_pipeline to 2026-05-05 00:00:00+00:00, run_after=2026-05-05 01:00:00+00:00
[2026-05-05T00:39:39.603+0000] {processor.py:183} INFO - Processing /opt/airflow/dags/finance_pipeline.py took 0.393 seconds
[2026-05-05T00:40:10.179+0000] {processor.py:161} INFO - Started process (PID=352) to work on /opt/airflow/dags/finance_pipeline.py
[2026-05-05T00:40:10.182+0000] {processor.py:830} INFO - Processing file /opt/airflow/dags/finance_pipeline.py for tasks to queue
[2026-05-05T00:40:10.186+0000] {logging_mixin.py:188} INFO - [2026-05-05T00:40:10.185+0000] {dagbag.py:540} INFO - Filling up the DagBag from /opt/airflow/dags/finance_pipeline.py
[2026-05-05T00:40:10.246+0000] {processor.py:840} INFO - DAG(s) 'finance_pipeline' retrieved from /opt/airflow/dags/finance_pipeline.py
[2026-05-05T00:40:10.376+0000] {logging_mixin.py:188} INFO - [2026-05-05T00:40:10.376+0000] {dag.py:3096} INFO - Sync 1 DAGs
[2026-05-05T00:40:10.421+0000] {logging_mixin.py:188} INFO - [2026-05-05T00:40:10.421+0000] {dag.py:3954} INFO - Setting next_dagrun for finance_pipeline to 2026-05-05 00:00:00+00:00, run_after=2026-05-05 01:00:00+00:00
[2026-05-05T00:40:10.474+0000] {processor.py:183} INFO - Processing /opt/airflow/dags/finance_pipeline.py took 0.322 seconds
[2026-05-05T00:40:40.624+0000] {processor.py:161} INFO - Started process (PID=362) to work on /opt/airflow/dags/finance_pipeline.py
[2026-05-05T00:40:40.628+0000] {processor.py:830} INFO - Processing file /opt/airflow/dags/finance_pipeline.py for tasks to queue
[2026-05-05T00:40:40.633+0000] {logging_mixin.py:188} INFO - [2026-05-05T00:40:40.632+0000] {dagbag.py:540} INFO - Filling up the DagBag from /opt/airflow/dags/finance_pipeline.py
[2026-05-05T00:40:40.692+0000] {processor.py:840} INFO - DAG(s) 'finance_pipeline' retrieved from /opt/airflow/dags/finance_pipeline.py
[2026-05-05T00:40:40.832+0000] {logging_mixin.py:188} INFO - [2026-05-05T00:40:40.832+0000] {dag.py:3096} INFO - Sync 1 DAGs
[2026-05-05T00:40:40.899+0000] {logging_mixin.py:188} INFO - [2026-05-05T00:40:40.899+0000] {dag.py:3954} INFO - Setting next_dagrun for finance_pipeline to 2026-05-05 00:00:00+00:00, run_after=2026-05-05 01:00:00+00:00
[2026-05-05T00:40:40.950+0000] {processor.py:183} INFO - Processing /opt/airflow/dags/finance_pipeline.py took 0.350 seconds
[2026-05-05T00:41:11.489+0000] {processor.py:161} INFO - Started process (PID=367) to work on /opt/airflow/dags/finance_pipeline.py
[2026-05-05T00:41:11.492+0000] {processor.py:830} INFO - Processing file /opt/airflow/dags/finance_pipeline.py for tasks to queue
[2026-05-05T00:41:11.496+0000] {logging_mixin.py:188} INFO - [2026-05-05T00:41:11.496+0000] {dagbag.py:540} INFO - Filling up the DagBag from /opt/airflow/dags/finance_pipeline.py
[2026-05-05T00:41:11.555+0000] {processor.py:840} INFO - DAG(s) 'finance_pipeline' retrieved from /opt/airflow/dags/finance_pipeline.py
[2026-05-05T00:41:11.696+0000] {logging_mixin.py:188} INFO - [2026-05-05T00:41:11.695+0000] {dag.py:3096} INFO - Sync 1 DAGs
[2026-05-05T00:41:11.743+0000] {logging_mixin.py:188} INFO - [2026-05-05T00:41:11.743+0000] {dag.py:3954} INFO - Setting next_dagrun for finance_pipeline to 2026-05-05 00:00:00+00:00, run_after=2026-05-05 01:00:00+00:00
[2026-05-05T00:41:11.797+0000] {processor.py:183} INFO - Processing /opt/airflow/dags/finance_pipeline.py took 0.326 seconds
[2026-05-05T00:41:42.026+0000] {processor.py:161} INFO - Started process (PID=374) to work on /opt/airflow/dags/finance_pipeline.py
[2026-05-05T00:41:42.028+0000] {processor.py:830} INFO - Processing file /opt/airflow/dags/finance_pipeline.py for tasks to queue
[2026-05-05T00:41:42.034+0000] {logging_mixin.py:188} INFO - [2026-05-05T00:41:42.033+0000] {dagbag.py:540} INFO - Filling up the DagBag from /opt/airflow/dags/finance_pipeline.py
[2026-05-05T00:41:42.098+0000] {processor.py:840} INFO - DAG(s) 'finance_pipeline' retrieved from /opt/airflow/dags/finance_pipeline.py
[2026-05-05T00:41:42.227+0000] {logging_mixin.py:188} INFO - [2026-05-05T00:41:42.227+0000] {dag.py:3096} INFO - Sync 1 DAGs
[2026-05-05T00:41:42.277+0000] {logging_mixin.py:188} INFO - [2026-05-05T00:41:42.277+0000] {dag.py:3954} INFO - Setting next_dagrun for finance_pipeline to 2026-05-05 00:00:00+00:00, run_after=2026-05-05 01:00:00+00:00
[2026-05-05T00:41:42.321+0000] {processor.py:183} INFO - Processing /opt/airflow/dags/finance_pipeline.py took 0.322 seconds
[2026-05-05T00:42:12.786+0000] {processor.py:161} INFO - Started process (PID=379) to work on /opt/airflow/dags/finance_pipeline.py
[2026-05-05T00:42:12.789+0000] {processor.py:830} INFO - Processing file /opt/airflow/dags/finance_pipeline.py for tasks to queue
[2026-05-05T00:42:12.793+0000] {logging_mixin.py:188} INFO - [2026-05-05T00:42:12.792+0000] {dagbag.py:540} INFO - Filling up the DagBag from /opt/airflow/dags/finance_pipeline.py
[2026-05-05T00:42:12.854+0000] {processor.py:840} INFO - DAG(s) 'finance_pipeline' retrieved from /opt/airflow/dags/finance_pipeline.py
[2026-05-05T00:42:12.979+0000] {logging_mixin.py:188} INFO - [2026-05-05T00:42:12.979+0000] {dag.py:3096} INFO - Sync 1 DAGs
[2026-05-05T00:42:13.030+0000] {logging_mixin.py:188} INFO - [2026-05-05T00:42:13.030+0000] {dag.py:3954} INFO - Setting next_dagrun for finance_pipeline to 2026-05-05 00:00:00+00:00, run_after=2026-05-05 01:00:00+00:00
[2026-05-05T00:42:13.083+0000] {processor.py:183} INFO - Processing /opt/airflow/dags/finance_pipeline.py took 0.317 seconds
[2026-05-05T00:42:43.501+0000] {processor.py:161} INFO - Started process (PID=384) to work on /opt/airflow/dags/finance_pipeline.py
[2026-05-05T00:42:43.505+0000] {processor.py:830} INFO - Processing file /opt/airflow/dags/finance_pipeline.py for tasks to queue
[2026-05-05T00:42:43.513+0000] {logging_mixin.py:188} INFO - [2026-05-05T00:42:43.511+0000] {dagbag.py:540} INFO - Filling up the DagBag from /opt/airflow/dags/finance_pipeline.py
[2026-05-05T00:42:43.597+0000] {processor.py:840} INFO - DAG(s) 'finance_pipeline' retrieved from /opt/airflow/dags/finance_pipeline.py
[2026-05-05T00:42:43.728+0000] {logging_mixin.py:188} INFO - [2026-05-05T00:42:43.728+0000] {dag.py:3096} INFO - Sync 1 DAGs
[2026-05-05T00:42:43.786+0000] {logging_mixin.py:188} INFO - [2026-05-05T00:42:43.786+0000] {dag.py:3954} INFO - Setting next_dagrun for finance_pipeline to 2026-05-05 00:00:00+00:00, run_after=2026-05-05 01:00:00+00:00
[2026-05-05T00:42:43.835+0000] {processor.py:183} INFO - Processing /opt/airflow/dags/finance_pipeline.py took 0.365 seconds
[2026-05-05T00:43:14.585+0000] {processor.py:161} INFO - Started process (PID=389) to work on /opt/airflow/dags/finance_pipeline.py
[2026-05-05T00:43:14.601+0000] {processor.py:830} INFO - Processing file /opt/airflow/dags/finance_pipeline.py for tasks to queue
[2026-05-05T00:43:14.635+0000] {logging_mixin.py:188} INFO - [2026-05-05T00:43:14.628+0000] {dagbag.py:540} INFO - Filling up the DagBag from /opt/airflow/dags/finance_pipeline.py
[2026-05-05T00:43:14.782+0000] {processor.py:840} INFO - DAG(s) 'finance_pipeline' retrieved from /opt/airflow/dags/finance_pipeline.py
[2026-05-05T00:43:14.933+0000] {logging_mixin.py:188} INFO - [2026-05-05T00:43:14.933+0000] {dag.py:3096} INFO - Sync 1 DAGs
[2026-05-05T00:43:15.003+0000] {logging_mixin.py:188} INFO - [2026-05-05T00:43:15.003+0000] {dag.py:3954} INFO - Setting next_dagrun for finance_pipeline to 2026-05-05 00:00:00+00:00, run_after=2026-05-05 01:00:00+00:00
[2026-05-05T00:43:15.068+0000] {processor.py:183} INFO - Processing /opt/airflow/dags/finance_pipeline.py took 0.594 seconds
[2026-05-05T00:43:45.427+0000] {processor.py:161} INFO - Started process (PID=396) to work on /opt/airflow/dags/finance_pipeline.py
[2026-05-05T00:43:45.430+0000] {processor.py:830} INFO - Processing file /opt/airflow/dags/finance_pipeline.py for tasks to queue
[2026-05-05T00:43:45.438+0000] {logging_mixin.py:188} INFO - [2026-05-05T00:43:45.436+0000] {dagbag.py:540} INFO - Filling up the DagBag from /opt/airflow/dags/finance_pipeline.py
[2026-05-05T00:43:45.533+0000] {processor.py:840} INFO - DAG(s) 'finance_pipeline' retrieved from /opt/airflow/dags/finance_pipeline.py
[2026-05-05T00:43:46.184+0000] {logging_mixin.py:188} INFO - [2026-05-05T00:43:46.184+0000] {dag.py:3096} INFO - Sync 1 DAGs
[2026-05-05T00:43:46.396+0000] {logging_mixin.py:188} INFO - [2026-05-05T00:43:46.395+0000] {dag.py:3954} INFO - Setting next_dagrun for finance_pipeline to 2026-05-05 00:00:00+00:00, run_after=2026-05-05 01:00:00+00:00
[2026-05-05T00:43:46.495+0000] {processor.py:183} INFO - Processing /opt/airflow/dags/finance_pipeline.py took 1.102 seconds
[2026-05-05T00:44:16.983+0000] {processor.py:161} INFO - Started process (PID=403) to work on /opt/airflow/dags/finance_pipeline.py
[2026-05-05T00:44:16.985+0000] {processor.py:830} INFO - Processing file /opt/airflow/dags/finance_pipeline.py for tasks to queue
[2026-05-05T00:44:16.989+0000] {logging_mixin.py:188} INFO - [2026-05-05T00:44:16.988+0000] {dagbag.py:540} INFO - Filling up the DagBag from /opt/airflow/dags/finance_pipeline.py
[2026-05-05T00:44:17.057+0000] {processor.py:840} INFO - DAG(s) 'finance_pipeline' retrieved from /opt/airflow/dags/finance_pipeline.py
[2026-05-05T00:44:17.200+0000] {logging_mixin.py:188} INFO - [2026-05-05T00:44:17.200+0000] {dag.py:3096} INFO - Sync 1 DAGs
[2026-05-05T00:44:17.265+0000] {logging_mixin.py:188} INFO - [2026-05-05T00:44:17.265+0000] {dag.py:3954} INFO - Setting next_dagrun for finance_pipeline to 2026-05-05 00:00:00+00:00, run_after=2026-05-05 01:00:00+00:00
[2026-05-05T00:44:17.321+0000] {processor.py:183} INFO - Processing /opt/airflow/dags/finance_pipeline.py took 0.356 seconds
[2026-05-05T00:44:47.472+0000] {processor.py:161} INFO - Started process (PID=408) to work on /opt/airflow/dags/finance_pipeline.py
[2026-05-05T00:44:47.475+0000] {processor.py:830} INFO - Processing file /opt/airflow/dags/finance_pipeline.py for tasks to queue
[2026-05-05T00:44:47.480+0000] {logging_mixin.py:188} INFO - [2026-05-05T00:44:47.481+0000] {dagbag.py:540} INFO - Filling up the DagBag from /opt/airflow/dags/finance_pipeline.py
[2026-05-05T00:44:47.547+0000] {processor.py:840} INFO - DAG(s) 'finance_pipeline' retrieved from /opt/airflow/dags/finance_pipeline.py
[2026-05-05T00:44:47.687+0000] {logging_mixin.py:188} INFO - [2026-05-05T00:44:47.686+0000] {dag.py:3096} INFO - Sync 1 DAGs
[2026-05-05T00:44:47.777+0000] {logging_mixin.py:188} INFO - [2026-05-05T00:44:47.776+0000] {dag.py:3954} INFO - Setting next_dagrun for finance_pipeline to 2026-05-05 00:00:00+00:00, run_after=2026-05-05 01:00:00+00:00
[2026-05-05T00:44:47.836+0000] {processor.py:183} INFO - Processing /opt/airflow/dags/finance_pipeline.py took 0.400 seconds
